[2017.05.19-23.40.37:255][  0]Log file open, 05/19/17 17:40:37
[2017.05.19-23.40.37:255][  0]LogInit:Display: Running engine for game: CompSciApp
[2017.05.19-23.40.37:255][  0]LogInit:Display: RandInit(-438176677) SRandInit(-438176677).
[2017.05.19-23.40.37:255][  0]LogTaskGraph: Started task graph with 4 named threads and 5 total threads.
[2017.05.19-23.40.37:255][  0]LogStats: Stats thread started at 0.077788
[2017.05.19-23.40.37:255][  0]LogInit: Version: 4.9.2-2707645+++depot+UE4-Releases+4.9
[2017.05.19-23.40.37:255][  0]LogInit: API Version: 2672455
[2017.05.19-23.40.37:255][  0]LogInit: Compiled (64-bit): Sep 28 2015 10:25:44
[2017.05.19-23.40.37:255][  0]LogInit: Compiled with Visual C++: 18.00.21005.01
[2017.05.19-23.40.37:255][  0]LogInit: Build Configuration: Development
[2017.05.19-23.40.37:255][  0]LogInit: Branch Name: ++depot+UE4-Releases+4.9
[2017.05.19-23.40.37:255][  0]LogInit: Command line: -EpicPortal 
[2017.05.19-23.40.37:255][  0]LogInit: Base directory: C:/Program Files/Epic Games/UE_4.9/Engine/Binaries/Win64/
[2017.05.19-23.40.37:255][  0]LogInit: Rocket: 1
[2017.05.19-23.40.37:268][  0]LogInit: Using libcurl 7.41.0
[2017.05.19-23.40.37:268][  0]LogInit:  - built for x86_64-pc-win32
[2017.05.19-23.40.37:268][  0]LogInit:  - supports SSL with WinSSL
[2017.05.19-23.40.37:268][  0]LogInit:  - other features:
[2017.05.19-23.40.37:268][  0]LogInit:      CURL_VERSION_SSL
[2017.05.19-23.40.37:268][  0]LogInit:      CURL_VERSION_IPV6
[2017.05.19-23.40.37:268][  0]LogInit:      CURL_VERSION_ASYNCHDNS
[2017.05.19-23.40.37:268][  0]LogInit:      CURL_VERSION_LARGEFILE
[2017.05.19-23.40.37:268][  0]LogInit:      CURL_VERSION_IDN
[2017.05.19-23.40.37:268][  0]LogInit:  CurlRequestOptions (configurable via config and command line):
[2017.05.19-23.40.37:268][  0]LogInit:  - bVerifyPeer = true  - Libcurl will verify peer certificate
[2017.05.19-23.40.37:268][  0]LogInit:  - bUseHttpProxy = false  - Libcurl will NOT use HTTP proxy
[2017.05.19-23.40.37:268][  0]LogInit:  - bDontReuseConnections = false  - Libcurl will reuse connections
[2017.05.19-23.40.37:268][  0]LogInit:  - CertBundlePath = nullptr  - Libcurl will use whatever was configured at build time.
[2017.05.19-23.40.37:278][  0]LogInit: Presizing for 0 objects not considered by GC, pre-allocating 0 bytes.
[2017.05.19-23.40.37:287][  0]LogInit: Object subsystem initialized
[2017.05.19-23.40.37:288][  0]LogInit: Selected Device Profile: [Windows]
[2017.05.19-23.40.37:288][  0]LogInit: Applying CVar settings loaded from the selected device profile: [Windows]
[2017.05.19-23.40.37:298][  0]LogInit: Computer: LAPTOP-CAFDGQ8I
[2017.05.19-23.40.37:298][  0]LogInit: User: ericn
[2017.05.19-23.40.37:298][  0]LogInit: CPU Page size=4096, Cores=2
[2017.05.19-23.40.37:298][  0]LogInit: High frequency timer resolution =2.531250 MHz
[2017.05.19-23.40.37:298][  0]LogMemory: Memory total: Physical=7.9GB (8GB approx)
[2017.05.19-23.40.37:298][  0]LogMemory: Platform Memory Stats for Windows
[2017.05.19-23.40.37:298][  0]LogMemory: Process Physical Memory: 54.39 MB used, 54.39 MB peak
[2017.05.19-23.40.37:298][  0]LogMemory: Process Virtual Memory: 57.14 MB used, 57.14 MB peak
[2017.05.19-23.40.37:298][  0]LogMemory: Physical Memory: 4240.31 MB used, 8056.07 MB total
[2017.05.19-23.40.37:298][  0]LogMemory: Virtual Memory: 370.95 MB used, 134217728.00 MB total
[2017.05.19-23.40.37:346][  0]LogTextLocalizationManager: No specific translations for ('en-US') exist, so ('en') translations will be used.
[2017.05.19-23.40.38:285][  0]LogD3D11RHI: Found D3D11 adapter 0: NVIDIA GeForce GTX 960M (Feature Level 11_0)
[2017.05.19-23.40.38:285][  0]LogD3D11RHI: Adapter has 2018MB of dedicated video memory, 0MB of dedicated system memory, and 4028MB of shared system memory, 1 output[s]
[2017.05.19-23.40.38:294][  0]LogD3D11RHI: Found D3D11 adapter 1: Intel(R) HD Graphics 520 (Feature Level 11_0)
[2017.05.19-23.40.38:294][  0]LogD3D11RHI: Adapter has 128MB of dedicated video memory, 0MB of dedicated system memory, and 4028MB of shared system memory, 0 output[s]
[2017.05.19-23.40.38:296][  0]LogD3D11RHI: Found D3D11 adapter 2: Microsoft Basic Render Driver (Feature Level 11_0)
[2017.05.19-23.40.38:296][  0]LogD3D11RHI: Adapter has 0MB of dedicated video memory, 0MB of dedicated system memory, and 4028MB of shared system memory, 0 output[s]
[2017.05.19-23.40.38:296][  0]LogD3D11RHI: Chosen D3D11 Adapter Id = 0
[2017.05.19-23.40.38:307][  0]LogD3D11RHI: !Direct3DDevice
[2017.05.19-23.40.38:307][  0]LogRHI: Texture pool is 1361 MB (70% of 1945 MB)
[2017.05.19-23.40.38:325][  0]LogD3D11RHI: Async texture creation enabled
[2017.05.19-23.40.38:339][  0]LogShaderCompilers: Guid format shader working directory is 14 characters bigger than the processId version (../../../../../../Users/ericn/OneDrive/Documents/GitHub/CompSciApp/CompSciApp/Intermediate/Shaders/WorkingDirectory/10756/).
[2017.05.19-23.40.38:339][  0]LogShaderCompilers: Cleaned the shader compiler working directory '../../../../../../Users/ericn/OneDrive/Documents/GitHub/CompSciApp/CompSciApp/Intermediate/Shaders/tmp/5EF080124DF04F742A142D9C60467F91/'.
[2017.05.19-23.40.38:339][  0]LogShaderCompilers:Display: Using Local Shader Compiler.
[2017.05.19-23.40.39:610][  0]LogTemp:Display: Loaded TP AllDesktopTargetPlatform
[2017.05.19-23.40.39:618][  0]LogTemp:Display: Loaded TP WindowsClientTargetPlatform
[2017.05.19-23.40.39:624][  0]LogTemp:Display: Loaded TP WindowsNoEditorTargetPlatform
[2017.05.19-23.40.39:630][  0]LogTemp:Display: Loaded TP WindowsServerTargetPlatform
[2017.05.19-23.40.39:637][  0]LogTemp:Display: Loaded TP WindowsTargetPlatform
[2017.05.19-23.40.39:642][  0]LogTemp:Display: Loaded TP AndroidTargetPlatform
[2017.05.19-23.40.39:647][  0]LogTemp:Display: Loaded TP Android_ASTCTargetPlatform
[2017.05.19-23.40.39:652][  0]LogTemp:Display: Loaded TP Android_ATCTargetPlatform
[2017.05.19-23.40.39:656][  0]LogTemp:Display: Loaded TP Android_DXTTargetPlatform
[2017.05.19-23.40.39:660][  0]LogTemp:Display: Loaded TP Android_ETC1TargetPlatform
[2017.05.19-23.40.39:665][  0]LogTemp:Display: Loaded TP Android_ETC2TargetPlatform
[2017.05.19-23.40.39:669][  0]LogTemp:Display: Loaded TP Android_PVRTCTargetPlatform
[2017.05.19-23.40.39:670][  0]LogTemp:Display: Loaded TP HTML5TargetPlatform
[2017.05.19-23.40.39:689][  0]LogTemp:Display: Loaded TP IOSTargetPlatform
[2017.05.19-23.40.39:692][  0]LogTemp:Display: Loaded TP LinuxNoEditorTargetPlatform
[2017.05.19-23.40.39:696][  0]LogTemp:Display: Loaded TP LinuxServerTargetPlatform
[2017.05.19-23.40.39:702][  0]LogTemp:Display: Loaded TP LinuxTargetPlatform
[2017.05.19-23.40.39:702][  0]LogTargetPlatformManager:Display: Building Assets For Windows
[2017.05.19-23.40.39:800][  0]LogDerivedDataCache:Display: Max Cache Size: 512 MB
[2017.05.19-23.40.39:865][  0]LogDerivedDataCache: Loaded boot cache 0.06s 42MB C:/Users/ericn/AppData/Local/UnrealEngine/4.9/DerivedDataCache/Boot.ddc.
[2017.05.19-23.40.39:865][  0]LogDerivedDataCache:Display: Loaded Boot cache: C:/Users/ericn/AppData/Local/UnrealEngine/4.9/DerivedDataCache/Boot.ddc
[2017.05.19-23.40.39:865][  0]LogDerivedDataCache: FDerivedDataBackendGraph:  Pak pak cache file ../../../../../../Users/ericn/OneDrive/Documents/GitHub/CompSciApp/CompSciApp/DerivedDataCache/DDC.ddp not found, will not use a pak cache.
[2017.05.19-23.40.39:865][  0]LogDerivedDataCache: Unable to find inner node Pak for hierarchical cache Hierarchy.
[2017.05.19-23.40.39:865][  0]LogDerivedDataCache: FDerivedDataBackendGraph:  CompressedPak pak cache file ../../../../../../Users/ericn/OneDrive/Documents/GitHub/CompSciApp/CompSciApp/DerivedDataCache/Compressed.ddp not found, will not use a pak cache.
[2017.05.19-23.40.39:865][  0]LogDerivedDataCache: Unable to find inner node CompressedPak for hierarchical cache Hierarchy.
[2017.05.19-23.40.40:050][  0]LogDerivedDataCache:Display: Pak cache opened for reading ../../../Engine/DerivedDataCache/Compressed.ddp.
[2017.05.19-23.40.40:062][  0]LogDerivedDataCache: Using Local data cache path C:/Users/ericn/AppData/Local/UnrealEngine/Common/DerivedDataCache: Writable
[2017.05.19-23.40.40:316][  0]LogInit: Selected Device Profile: [Windows]
[2017.05.19-23.40.40:320][  0]LogContentStreaming: Texture pool size is 0.000000MB
[2017.05.19-23.40.40:510][  0]LogMeshUtilities: No automatic mesh reduction module available
[2017.05.19-23.40.40:510][  0]LogMeshUtilities: No automatic mesh merging module available
[2017.05.19-23.40.40:851][  0]LogInit: WinSock: version 1.1 (2.2), MaxSocks=32767, MaxUdp=65467
[2017.05.19-23.40.41:800][  0]UdpMessaging: Initializing bridge on interface 0.0.0.0:0 to multicast group 230.0.0.1:6666.
[2017.05.19-23.40.41:947][  0]LogAssetRegistry: FAssetRegistry took 0.0108 seconds to start up
[2017.05.19-23.40.42:208][  0]SourceControl: Info Source control is disabled
[2017.05.19-23.40.42:209][  0]SourceControl: Info Source control is disabled
[2017.05.19-23.40.42:228][  0]SourceControl: Info Source control is disabled
[2017.05.19-23.40.42:244][  0]SourceControl: Info Source control is disabled
[2017.05.19-23.40.42:450][  0]LogLinker:Warning: Asset '../../../Engine/Plugins/Runtime/LeapMotionController/Content/LM_PassthroughMaterial.uasset' has been saved with empty engine version. The asset will be loaded but may be incompatible.
[2017.05.19-23.40.42:557][  0]LogObj: 28430 objects as part of root set at end of initial load.
[2017.05.19-23.40.42:557][  0]LogUObjectAllocator: 6071520 out of 0 bytes used by permanent object pool.
[2017.05.19-23.40.42:631][  0]LogEngine: Initializing Engine...
[2017.05.19-23.40.42:635][  0]LogHMD: Can't find Oculus library dev build: is proper Runtime installed? Version: 0.7.0.0
[2017.05.19-23.40.42:636][  0]LogHMD: SteamVR failed to initialize.  Err: 110
[2017.05.19-23.40.42:828][  0]LogAIModule: Creating AISystem for world NewWorld
[2017.05.19-23.40.42:834][  0]LogInit: XAudio2 using 'Speakers (Conexant SmartAudio HD)' : 2 channels at 48 kHz using 32 bits per sample (channel mask 0x3)
[2017.05.19-23.40.42:919][  0]LogInit: FAudioDevice initialized.
[2017.05.19-23.40.42:949][  0]LogDerivedDataCache: Saved boot cache 0.03s 42MB C:/Users/ericn/AppData/Local/UnrealEngine/4.9/DerivedDataCache/Boot.ddc.
[2017.05.19-23.40.42:956][  0]LogInit: Texture streaming: Enabled
[2017.05.19-23.40.42:967][  0]LogAnalytics: Creating configured Analytics provider AnalyticsET
[2017.05.19-23.40.42:967][  0]LogAnalytics: [UEEditor.Rocket.Release] APIServer = http://et2.epicgames.com/ET2/. AppVersion = 4.9.2-2707645+++depot+UE4-Releases+4.9
[2017.05.19-23.40.42:967][  0]LogAnalytics: [UEEditor.Rocket.Release] SetUserId cd6bfa6044883b0d06de64be863c488d|81db3aebfd8c43b0b13c2e2363feaee1|eb334693-2a2a-4861-9755-6aac685e70fb
[2017.05.19-23.40.42:967][  0]LogAnalytics: [UEEditor.Rocket.Release] AnalyticsET::StartSession
[2017.05.19-23.40.42:991][  0]LogWindowsTextInputMethodSystem:Display: IME system now deactivated.
[2017.05.19-23.40.43:030][  0]LogInit: Transaction tracking system initialized
[2017.05.19-23.40.43:095][  0]BlueprintLog: New page: Editor Load
[2017.05.19-23.40.43:261][  0]LocalizationService: Info Localization service is disabled
[2017.05.19-23.40.43:387][  0]LogConsoleResponse:Display: 
[2017.05.19-23.40.43:612][  0]LogCook:Display: Done creating registry. It took  0.00s.
[2017.05.19-23.40.43:751][  0]LogFileCache: Scanning file cache for directory 'C:/Users/ericn/OneDrive/Documents/GitHub/CompSciApp/CompSciApp/Content/' took 0.01s
[2017.05.19-23.40.43:751][  0]SourceControl: Info Source control is disabled
[2017.05.19-23.40.43:751][  0]Cmd: MAP LOAD FILE="../../../../../../Users/ericn/OneDrive/Documents/GitHub/CompSciApp/CompSciApp/Content/2DSideScrollerCPP/Maps/2DSideScrollerExampleMap.umap" TEMPLATE=0 SHOWPROGRESS=1 FEATURELEVEL=3
[2017.05.19-23.40.43:752][  0]LightingResults: New page: Lighting Build
[2017.05.19-23.40.43:764][  0]MapCheck: New page: Map Check
[2017.05.19-23.40.43:764][  0]LightingResults: New page: Lighting Build
[2017.05.19-23.40.43:790][  0]LogParticles: Destroying 0 GPU particle simulations for FXSystem 0x00000207DAC94400
[2017.05.19-23.40.43:833][  0]LogAIModule: Creating AISystem for world 2DSideScrollerExampleMap
[2017.05.19-23.40.43:837][  0]LogEditorServer: Finished looking for orphan Actors (0.000 secs)
[2017.05.19-23.40.43:838][  0]Cmd: MAP CHECKDEP NOCLEARLOG
[2017.05.19-23.40.43:925][  0]MapCheck: Info Map check complete: 0 Error(s), 0 Warning(s), took 86.846ms to complete.
[2017.05.19-23.40.43:925][  0]LogFileHelpers: Loading map '2DSideScrollerExampleMap' took 0.174
[2017.05.19-23.40.44:137][  0]LogCollectionManager: Loaded 0 collections in 0.005252 seconds
[2017.05.19-23.40.44:184][  0]LogFileCache: Scanning file cache for directory 'C:/Users/ericn/OneDrive/Documents/GitHub/CompSciApp/CompSciApp/Saved/Collections/' took 0.01s
[2017.05.19-23.40.44:184][  0]LogFileCache: Scanning file cache for directory 'C:/Users/ericn/OneDrive/Documents/GitHub/CompSciApp/CompSciApp/Content/Developers/ericn/Collections/' took 0.01s
[2017.05.19-23.40.44:184][  0]LogFileCache: Scanning file cache for directory 'C:/Users/ericn/OneDrive/Documents/GitHub/CompSciApp/CompSciApp/Content/Collections/' took 0.01s
[2017.05.19-23.40.44:184][  0]LogContentBrowser: Native class hierarchy populated in 0.0121 seconds. Added 1869 classes and 335 folders.
[2017.05.19-23.40.44:201][  0]LogCollectionManager: Rebuilt the GUID cache for 0 collections in 0.000003 seconds
[2017.05.19-23.40.44:219][  0]LogContentBrowser: Native class hierarchy updated for 'WidgetCarousel' in 0.0019 seconds. Added 0 classes and 0 folders.
[2017.05.19-23.40.44:454][  0]LogContentBrowser: Native class hierarchy updated for 'AddContentDialog' in 0.0016 seconds. Added 0 classes and 0 folders.
[2017.05.19-23.40.44:460][  0]LogContentBrowser: Native class hierarchy updated for 'SceneOutliner' in 0.0016 seconds. Added 1 classes and 2 folders.
[2017.05.19-23.40.44:494][  0]LogCrashTracker: Crashtracker disabled due to settings.
[2017.05.19-23.40.44:503][  0]LogUObjectGlobals:Warning: Failed to find object 'Class None.'
[2017.05.19-23.40.44:526][  0]LogLoad: Full Startup: 8.35 seconds (BP compile: 0.00 seconds)
[2017.05.19-23.40.44:587][  0]LogContentStreaming: Texture pool size now 1000 MB
[2017.05.19-23.40.44:745][  0]LogRenderer: Reallocating scene render targets to support 820x384 (Frame:2).
[2017.05.19-23.40.44:965][  3]LogAssetRegistry: Asset discovery search completed in 3.0287 seconds
[2017.05.19-23.40.44:965][  3]LogCollectionManager: Rebuilt the object cache for 0 collections in 0.000000 seconds (found 0 objects)
[2017.05.19-23.40.44:965][  3]LogCollectionManager: Fixed up redirectors for 0 collections in 0.000027 seconds (updated 0 objects)
[2017.05.19-23.40.46:632][ 29]LogEditorViewport: Clicking on Actor (LMB): PaperSpriteActor (Background_Sprite)
[2017.05.19-23.40.51:497][361]LogEditorViewport: Clicking on Actor (LMB): CompSciAppCharacter (TP_2DSideScrollerCharacter)
[2017.05.19-23.41.04:344][610]LogWindowsTextInputMethodSystem:Display: IME system now deactivated.
[2017.05.19-23.41.04:679][611]Cmd: QUIT_EDITOR
[2017.05.19-23.41.05:001][611]LogExit: Preparing to exit.
[2017.05.19-23.41.05:873][611]LogParticles: Destroying 0 GPU particle simulations for FXSystem 0x00000207DADEF6A0
[2017.05.19-23.41.05:875][611]LogExit: Editor shut down
[2017.05.19-23.41.05:877][611]LogExit: Transaction tracking system shut down
[2017.05.19-23.41.05:879][611]LogParticles: Destroying 0 GPU particle simulations for FXSystem 0x00000207CDB19EE0
[2017.05.19-23.41.05:879][611]LogParticles: Destroying 0 GPU particle simulations for FXSystem 0x00000207F1432A20
[2017.05.19-23.41.06:023][611]LogExit: Object subsystem successfully closed.
[2017.05.19-23.41.06:037][611]LogD3D11RHI: Shutdown
[2017.05.19-23.41.06:037][611]LogD3D11RHI: CleanupD3DDevice
[2017.05.19-23.41.06:105][611]LogD3D11RHI: ~FD3D11DynamicRHI
[2017.05.19-23.41.06:136][611]LogModuleManager: Shutting down and abandoning module CrashTracker (198)
[2017.05.19-23.41.06:136][611]LogModuleManager: Shutting down and abandoning module SceneOutliner (197)
[2017.05.19-23.41.06:136][611]LogModuleManager: Shutting down and abandoning module SuperSearch (196)
[2017.05.19-23.41.06:136][611]LogModuleManager: Shutting down and abandoning module WidgetCarousel (195)
[2017.05.19-23.41.06:136][611]LogModuleManager: Shutting down and abandoning module AddContentDialog (194)
[2017.05.19-23.41.06:137][611]LogModuleManager: Shutting down and abandoning module EditorWidgets (193)
[2017.05.19-23.41.06:137][611]LogModuleManager: Shutting down and abandoning module CollectionManager (192)
[2017.05.19-23.41.06:137][611]LogModuleManager: Shutting down and abandoning module StatsViewer (191)
[2017.05.19-23.41.06:137][611]LogModuleManager: Shutting down and abandoning module FoliageEdit (190)
[2017.05.19-23.41.06:137][611]LogModuleManager: Shutting down and abandoning module LandscapeEditor (189)
[2017.05.19-23.41.06:138][611]LogModuleManager: Shutting down and abandoning module ActorPickerMode (188)
[2017.05.19-23.41.06:138][611]LogModuleManager: Shutting down and abandoning module GeometryMode (187)
[2017.05.19-23.41.06:138][611]LogModuleManager: Shutting down and abandoning module TextureAlignMode (186)
[2017.05.19-23.41.06:138][611]LogModuleManager: Shutting down and abandoning module BspMode (185)
[2017.05.19-23.41.06:138][611]LogModuleManager: Shutting down and abandoning module PlacementMode (184)
[2017.05.19-23.41.06:138][611]LogModuleManager: Shutting down and abandoning module AutomationWorker (183)
[2017.05.19-23.41.06:138][611]LogModuleManager: Shutting down and abandoning module CharacterAI (182)
[2017.05.19-23.41.06:138][611]LogModuleManager: Shutting down and abandoning module SmartSnapping (181)
[2017.05.19-23.41.06:138][611]LogModuleManager: Shutting down and abandoning module ViewportSnapping (180)
[2017.05.19-23.41.06:138][611]LogModuleManager: Shutting down and abandoning module LogVisualizer (179)
[2017.05.19-23.41.06:138][611]LogModuleManager: Shutting down and abandoning module GameProjectGeneration (178)
[2017.05.19-23.41.06:138][611]LogModuleManager: Shutting down and abandoning module IntroTutorials (177)
[2017.05.19-23.41.06:138][611]LogModuleManager: Shutting down and abandoning module EditorLiveStreaming (176)
[2017.05.19-23.41.06:138][611]LogModuleManager: Shutting down and abandoning module IOSPlatformEditor (175)
[2017.05.19-23.41.06:138][611]LogModuleManager: Shutting down and abandoning module HTML5PlatformEditor (174)
[2017.05.19-23.41.06:138][611]LogModuleManager: Shutting down and abandoning module AndroidDeviceDetection (173)
[2017.05.19-23.41.06:417][611]LogModuleManager: Shutting down and abandoning module AndroidPlatformEditor (172)
[2017.05.19-23.41.06:417][611]LogModuleManager: Shutting down and abandoning module IOSRuntimeSettings (171)
[2017.05.19-23.41.06:417][611]LogModuleManager: Shutting down and abandoning module AndroidRuntimeSettings (170)
[2017.05.19-23.41.06:417][611]LogModuleManager: Shutting down and abandoning module MergeActors (169)
[2017.05.19-23.41.06:417][611]LogModuleManager: Shutting down and abandoning module SizeMap (168)
[2017.05.19-23.41.06:417][611]LogModuleManager: Shutting down and abandoning module TreeMap (167)
[2017.05.19-23.41.06:417][611]LogModuleManager: Shutting down and abandoning module ReferenceViewer (166)
[2017.05.19-23.41.06:417][611]LogModuleManager: Shutting down and abandoning module LocalizationService (165)
[2017.05.19-23.41.06:417][611]LogModuleManager: Shutting down and abandoning module LocalizationDashboard (164)
[2017.05.19-23.41.06:417][611]LogModuleManager: Shutting down and abandoning module HardwareTargeting (163)
[2017.05.19-23.41.06:417][611]LogModuleManager: Shutting down and abandoning module DeviceProfileEditor (162)
[2017.05.19-23.41.06:417][611]LogModuleManager: Shutting down and abandoning module UndoHistory (161)
[2017.05.19-23.41.06:417][611]LogModuleManager: Shutting down and abandoning module GameplayTagsEditor (160)
[2017.05.19-23.41.06:417][611]LogModuleManager: Shutting down and abandoning module UserFeedback (159)
[2017.05.19-23.41.06:417][611]LogModuleManager: Shutting down and abandoning module XmlParser (158)
[2017.05.19-23.41.06:417][611]LogModuleManager: Shutting down and abandoning module Blutility (157)
[2017.05.19-23.41.06:417][611]LogModuleManager: Shutting down and abandoning module ProjectTargetPlatformEditor (156)
[2017.05.19-23.41.06:417][611]LogModuleManager: Shutting down and abandoning module ProjectSettingsViewer (155)
[2017.05.19-23.41.06:417][611]LogModuleManager: Shutting down and abandoning module InputBindingEditor (154)
[2017.05.19-23.41.06:417][611]LogModuleManager: Shutting down and abandoning module EditorSettingsViewer (153)
[2017.05.19-23.41.06:417][611]LogModuleManager: Shutting down and abandoning module SettingsEditor (152)
[2017.05.19-23.41.06:418][611]LogModuleManager: Shutting down and abandoning module ProjectLauncher (151)
[2017.05.19-23.41.06:418][611]LogModuleManager: Shutting down and abandoning module SessionFrontend (150)
[2017.05.19-23.41.06:418][611]LogModuleManager: Shutting down and abandoning module ProfilerClient (149)
[2017.05.19-23.41.06:418][611]LogModuleManager: Shutting down and abandoning module TargetDeviceServices (148)
[2017.05.19-23.41.06:418][611]LogModuleManager: Shutting down and abandoning module DeviceManager (147)
[2017.05.19-23.41.06:418][611]LogModuleManager: Shutting down and abandoning module AutomationController (146)
[2017.05.19-23.41.06:418][611]LogModuleManager: Shutting down and abandoning module AutomationWindow (145)
[2017.05.19-23.41.06:418][611]LogModuleManager: Shutting down and abandoning module Layers (144)
[2017.05.19-23.41.06:418][611]LogModuleManager: Shutting down and abandoning module ComponentVisualizers (143)
[2017.05.19-23.41.06:418][611]LogModuleManager: Shutting down and abandoning module DetailCustomizations (142)
[2017.05.19-23.41.06:418][611]LogModuleManager: Shutting down and abandoning module PackagesDialog (141)
[2017.05.19-23.41.06:418][611]LogModuleManager: Shutting down and abandoning module Persona (140)
[2017.05.19-23.41.06:418][611]LogModuleManager: Shutting down and abandoning module Kismet (139)
[2017.05.19-23.41.06:418][611]LogModuleManager: Shutting down and abandoning module GraphEditor (138)
[2017.05.19-23.41.06:418][611]LogModuleManager: Shutting down and abandoning module ClassViewer (137)
[2017.05.19-23.41.06:418][611]LogModuleManager: Shutting down and abandoning module Toolbox (136)
[2017.05.19-23.41.06:418][611]LogModuleManager: Shutting down and abandoning module ModuleUI (135)
[2017.05.19-23.41.06:418][611]LogModuleManager: Shutting down and abandoning module MovieSceneTools (134)
[2017.05.19-23.41.06:418][611]LogModuleManager: Shutting down and abandoning module OutputLog (133)
[2017.05.19-23.41.06:418][611]LogModuleManager: Shutting down and abandoning module GammaUI (132)
[2017.05.19-23.41.06:418][611]LogModuleManager: Shutting down and abandoning module Documentation (131)
[2017.05.19-23.41.06:418][611]LogModuleManager: Shutting down and abandoning module GameLiveStreaming (130)
[2017.05.19-23.41.06:418][611]LogModuleManager: Shutting down and abandoning module StreamingPauseRendering (129)
[2017.05.19-23.41.06:418][611]LogModuleManager: Shutting down and abandoning module AnalyticsET (128)
[2017.05.19-23.41.06:418][611]LogModuleManager: Shutting down and abandoning module Analytics (127)
[2017.05.19-23.41.06:418][611]LogModuleManager: Shutting down and abandoning module AITestSuite (126)
[2017.05.19-23.41.06:418][611]LogModuleManager: Shutting down and abandoning module GameplayDebugger (125)
[2017.05.19-23.41.06:418][611]LogModuleManager: Shutting down and abandoning module AIModule (124)
[2017.05.19-23.41.06:418][611]LogModuleManager: Shutting down and abandoning module ProfilerService (123)
[2017.05.19-23.41.06:420][611]LogModuleManager: Shutting down and abandoning module TaskGraph (122)
[2017.05.19-23.41.06:420][611]LogModuleManager: Shutting down and abandoning module SlateRemote (121)
[2017.05.19-23.41.06:420][611]LogModuleManager: Shutting down and abandoning module SteamVRController (120)
[2017.05.19-23.41.06:420][611]LogModuleManager: Shutting down and abandoning module SteamVR (119)
[2017.05.19-23.41.06:420][611]LogModuleManager: Shutting down and abandoning module ProceduralMeshComponent (118)
[2017.05.19-23.41.06:420][611]LogModuleManager: Shutting down and abandoning module OculusRift (117)
[2017.05.19-23.41.06:420][611]LogModuleManager: Shutting down and abandoning module OculusLibrary (116)
[2017.05.19-23.41.06:420][611]LogModuleManager: Shutting down and abandoning module LeapMotionController (115)
[2017.05.19-23.41.06:440][611]LogModuleManager: Shutting down and abandoning module CustomMeshComponent (114)
[2017.05.19-23.41.06:440][611]LogModuleManager: Shutting down and abandoning module CableComponent (113)
[2017.05.19-23.41.06:440][611]LogModuleManager: Shutting down and abandoning module ArchVisCharacter (112)
[2017.05.19-23.41.06:440][611]LogModuleManager: Shutting down and abandoning module MessagingDebugger (111)
[2017.05.19-23.41.06:440][611]LogModuleManager: Shutting down and abandoning module MediaPlayerEditor (110)
[2017.05.19-23.41.06:440][611]LogModuleManager: Shutting down and abandoning module HTML5Networking (109)
[2017.05.19-23.41.06:440][611]LogModuleManager: Shutting down and abandoning module SpeedTreeImporter (108)
[2017.05.19-23.41.06:440][611]LogModuleManager: Shutting down and abandoning module PluginBrowser (107)
[2017.05.19-23.41.06:440][611]LogModuleManager: Shutting down and abandoning module EpicSurvey (106)
[2017.05.19-23.41.06:440][611]LogModuleManager: Shutting down and abandoning module DesktopPlatform (105)
[2017.05.19-23.41.06:440][611]LogModuleManager: Shutting down and abandoning module VisualStudioSourceCodeAccess (104)
[2017.05.19-23.41.06:440][611]LogModuleManager: Shutting down and abandoning module UObjectPlugin (103)
[2017.05.19-23.41.06:440][611]LogModuleManager: Shutting down and abandoning module SubversionSourceControl (102)
[2017.05.19-23.41.06:440][611]LogModuleManager: Shutting down and abandoning module PerforceSourceControl (101)
[2017.05.19-23.41.06:440][611]LogModuleManager: Shutting down and abandoning module SourceControl (100)
[2017.05.19-23.41.06:440][611]LogModuleManager: Shutting down and abandoning module GitSourceControl (99)
[2017.05.19-23.41.06:440][611]LogModuleManager: Shutting down and abandoning module LightPropagationVolumeEditor (98)
[2017.05.19-23.41.06:440][611]LogModuleManager: Shutting down and abandoning module PaperTiledImporter (97)
[2017.05.19-23.41.06:440][611]LogModuleManager: Shutting down and abandoning module PaperSpriteSheetImporter (96)
[2017.05.19-23.41.06:441][611]LogModuleManager: Shutting down and abandoning module MeshPaint (95)
[2017.05.19-23.41.06:441][611]LogModuleManager: Shutting down and abandoning module SlateReflector (94)
[2017.05.19-23.41.06:441][611]LogModuleManager: Shutting down and abandoning module HotReload (93)
[2017.05.19-23.41.06:441][611]LogModuleManager: Shutting down and abandoning module MainFrame (92)
[2017.05.19-23.41.06:441][611]LogModuleManager: Shutting down and abandoning module LevelEditor (91)
[2017.05.19-23.41.06:442][611]LogModuleManager: Shutting down and abandoning module DirectoryWatcher (90)
[2017.05.19-23.41.06:445][611]LogModuleManager: Shutting down and abandoning module AssetRegistry (89)
[2017.05.19-23.41.06:512][611]LogModuleManager: Shutting down and abandoning module ContentBrowser (88)
[2017.05.19-23.41.06:513][611]LogModuleManager: Shutting down and abandoning module Paper2DEditor (87)
[2017.05.19-23.41.06:513][611]LogModuleManager: Shutting down and abandoning module CompSciApp (86)
[2017.05.19-23.41.06:513][611]LogModuleManager: Shutting down and abandoning module UdpMessaging (85)
[2017.05.19-23.41.06:615][611]LogModuleManager: Shutting down and abandoning module LightPropagationVolumeRuntime (84)
[2017.05.19-23.41.06:615][611]LogModuleManager: Shutting down and abandoning module Paper2D (83)
[2017.05.19-23.41.06:615][611]LogModuleManager: Shutting down and abandoning module WindowsMoviePlayer (82)
[2017.05.19-23.41.06:617][611]LogModuleManager: Shutting down and abandoning module Media (81)
[2017.05.19-23.41.06:618][611]LogModuleManager: Shutting down and abandoning module WmfMedia (80)
[2017.05.19-23.41.06:618][611]LogModuleManager: Shutting down and abandoning module OnlineBlueprintSupport (79)
[2017.05.19-23.41.06:618][611]LogModuleManager: Shutting down and abandoning module GameplayTasksEditor (78)
[2017.05.19-23.41.06:618][611]LogModuleManager: Shutting down and abandoning module PropertyEditor (77)
[2017.05.19-23.41.06:618][611]LogModuleManager: Shutting down and abandoning module BehaviorTreeEditor (76)
[2017.05.19-23.41.06:618][611]LogModuleManager: Shutting down and abandoning module FunctionalTesting (75)
[2017.05.19-23.41.06:618][611]LogModuleManager: Shutting down and abandoning module CollisionAnalyzer (74)
[2017.05.19-23.41.06:618][611]LogModuleManager: Shutting down and abandoning module WorkspaceMenuStructure (73)
[2017.05.19-23.41.06:618][611]LogModuleManager: Shutting down and abandoning module MessageLog (72)
[2017.05.19-23.41.06:618][611]LogModuleManager: Shutting down and abandoning module Sequencer (71)
[2017.05.19-23.41.06:618][611]LogModuleManager: Shutting down and abandoning module AssetTools (70)
[2017.05.19-23.41.06:618][611]LogModuleManager: Shutting down and abandoning module UMGEditor (69)
[2017.05.19-23.41.06:618][611]LogModuleManager: Shutting down and abandoning module UMG (68)
[2017.05.19-23.41.06:618][611]LogModuleManager: Shutting down and abandoning module Slate (67)
[2017.05.19-23.41.06:618][611]LogModuleManager: Shutting down and abandoning module EditorStyle (66)
[2017.05.19-23.41.06:620][611]LogModuleManager: Shutting down and abandoning module SessionServices (65)
[2017.05.19-23.41.06:620][611]LogModuleManager: Shutting down and abandoning module SourceCodeAccess (64)
[2017.05.19-23.41.06:620][611]LogModuleManager: Shutting down and abandoning module HeadMountedDisplay (63)
[2017.05.19-23.41.06:620][611]LogModuleManager: Shutting down and abandoning module XAudio2 (62)
[2017.05.19-23.41.06:620][611]LogModuleManager: Shutting down and abandoning module Networking (60)
[2017.05.19-23.41.06:620][611]LogModuleManager: Shutting down and abandoning module Core (59)
[2017.05.19-23.41.06:620][611]LogModuleManager: Shutting down and abandoning module KismetCompiler (58)
[2017.05.19-23.41.06:620][611]LogModuleManager: Shutting down and abandoning module PhysXFormats (57)
[2017.05.19-23.41.06:620][611]LogModuleManager: Shutting down and abandoning module MeshUtilities (56)
[2017.05.19-23.41.06:620][611]LogModuleManager: Shutting down and abandoning module CookingStats (55)
[2017.05.19-23.41.06:620][611]LogModuleManager: Shutting down and abandoning module DerivedDataCache (54)
[2017.05.19-23.41.06:918][611]LogDerivedDataCache: Shutdown
[2017.05.19-23.41.06:918][611]LogModuleManager: Shutting down and abandoning module ShaderFormatOpenGL (53)
[2017.05.19-23.41.06:918][611]LogModuleManager: Shutting down and abandoning module ShaderFormatD3D (52)
[2017.05.19-23.41.06:918][611]LogModuleManager: Shutting down and abandoning module MetalShaderFormat (51)
[2017.05.19-23.41.06:918][611]LogModuleManager: Shutting down and abandoning module TextureFormatUncompressed (50)
[2017.05.19-23.41.06:918][611]LogModuleManager: Shutting down and abandoning module TextureFormatPVR (49)
[2017.05.19-23.41.06:918][611]LogModuleManager: Shutting down and abandoning module TextureFormatIntelISPCTexComp (48)
[2017.05.19-23.41.06:918][611]LogModuleManager: Shutting down and abandoning module TextureFormatDXT (47)
[2017.05.19-23.41.06:918][611]LogModuleManager: Shutting down and abandoning module ImageWrapper (46)
[2017.05.19-23.41.06:918][611]LogModuleManager: Shutting down and abandoning module TextureFormatASTC (45)
[2017.05.19-23.41.06:918][611]LogModuleManager: Shutting down and abandoning module TextureFormatAndroid (44)
[2017.05.19-23.41.06:918][611]LogModuleManager: Shutting down and abandoning module AudioFormatOpus (43)
[2017.05.19-23.41.06:918][611]LogModuleManager: Shutting down and abandoning module AudioFormatOgg (42)
[2017.05.19-23.41.06:918][611]LogModuleManager: Shutting down and abandoning module AudioFormatADPCM (41)
[2017.05.19-23.41.06:918][611]LogModuleManager: Shutting down and abandoning module LinuxTargetPlatform (40)
[2017.05.19-23.41.06:918][611]LogModuleManager: Shutting down and abandoning module LinuxServerTargetPlatform (39)
[2017.05.19-23.41.06:918][611]LogModuleManager: Shutting down and abandoning module LinuxNoEditorTargetPlatform (38)
[2017.05.19-23.41.06:918][611]LogModuleManager: Shutting down and abandoning module Messaging (37)
[2017.05.19-23.41.06:918][611]LogModuleManager: Shutting down and abandoning module IOSTargetPlatform (36)
[2017.05.19-23.41.06:918][611]LogModuleManager: Shutting down and abandoning module HTML5TargetPlatform (35)
[2017.05.19-23.41.06:918][611]LogModuleManager: Shutting down and abandoning module Android_PVRTCTargetPlatform (34)
[2017.05.19-23.41.06:918][611]LogModuleManager: Shutting down and abandoning module Android_ETC2TargetPlatform (33)
[2017.05.19-23.41.06:918][611]LogModuleManager: Shutting down and abandoning module Android_ETC1TargetPlatform (32)
[2017.05.19-23.41.06:918][611]LogModuleManager: Shutting down and abandoning module Android_DXTTargetPlatform (31)
[2017.05.19-23.41.06:918][611]LogModuleManager: Shutting down and abandoning module Android_ATCTargetPlatform (30)
[2017.05.19-23.41.06:918][611]LogModuleManager: Shutting down and abandoning module Android_ASTCTargetPlatform (29)
[2017.05.19-23.41.06:918][611]LogModuleManager: Shutting down and abandoning module AndroidTargetPlatform (28)
[2017.05.19-23.41.06:918][611]LogModuleManager: Shutting down and abandoning module WindowsTargetPlatform (27)
[2017.05.19-23.41.06:918][611]LogModuleManager: Shutting down and abandoning module WindowsServerTargetPlatform (26)
[2017.05.19-23.41.06:918][611]LogModuleManager: Shutting down and abandoning module WindowsNoEditorTargetPlatform (25)
[2017.05.19-23.41.06:918][611]LogModuleManager: Shutting down and abandoning module WindowsClientTargetPlatform (24)
[2017.05.19-23.41.06:918][611]LogModuleManager: Shutting down and abandoning module AllDesktopTargetPlatform (23)
[2017.05.19-23.41.06:918][611]LogModuleManager: Shutting down and abandoning module TargetPlatform (22)
[2017.05.19-23.41.06:918][611]LogModuleManager: Shutting down and abandoning module InputCore (21)
[2017.05.19-23.41.06:918][611]LogModuleManager: Shutting down and abandoning module Settings (20)
[2017.05.19-23.41.06:918][611]LogModuleManager: Shutting down and abandoning module OnlineSubsystem (18)
[2017.05.19-23.41.06:918][611]LogModuleManager: Shutting down and abandoning module HTTP (17)
[2017.05.19-23.41.08:924][611]LogModuleManager: Shutting down and abandoning module XMPP (16)
[2017.05.19-23.41.08:924][611]LogModuleManager: Shutting down and abandoning module ExampleDeviceProfileSelector (15)
[2017.05.19-23.41.08:924][611]LogModuleManager: Shutting down and abandoning module TextureCompressor (14)
[2017.05.19-23.41.08:924][611]LogModuleManager: Shutting down and abandoning module ShaderCore (13)
[2017.05.19-23.41.08:924][611]LogModuleManager: Shutting down and abandoning module Landscape (12)
[2017.05.19-23.41.08:924][611]LogModuleManager: Shutting down and abandoning module SlateRHIRenderer (11)
[2017.05.19-23.41.08:925][611]LogModuleManager: Shutting down and abandoning module OpenGLDrv (10)
[2017.05.19-23.41.08:925][611]LogModuleManager: Shutting down and abandoning module D3D11RHI (9)
[2017.05.19-23.41.08:925][611]LogModuleManager: Shutting down and abandoning module AnimGraphRuntime (8)
[2017.05.19-23.41.08:925][611]LogModuleManager: Shutting down and abandoning module Renderer (7)
[2017.05.19-23.41.08:925][611]LogModuleManager: Shutting down and abandoning module Engine (6)
[2017.05.19-23.41.08:925][611]LogModuleManager: Shutting down and abandoning module CoreUObject (5)
[2017.05.19-23.41.08:925][611]LogModuleManager: Shutting down and abandoning module NetworkFile (4)
[2017.05.19-23.41.08:925][611]LogModuleManager: Shutting down and abandoning module StreamingFile (3)
[2017.05.19-23.41.08:925][611]LogModuleManager: Shutting down and abandoning module SandboxFile (2)
[2017.05.19-23.41.08:925][611]LogModuleManager: Shutting down and abandoning module PakFile (1)
[2017.05.19-23.41.08:926][611]LogExit: Exiting.
[2017.05.19-23.41.08:927][611]Log file closed, 05/19/17 17:41:08
