[2017.05.19-23.53.35:469][  0]Log file open, 05/19/17 17:53:35
[2017.05.19-23.53.35:469][  0]LogInit:Display: Running engine for game: CompSciApp
[2017.05.19-23.53.35:469][  0]LogInit:Display: RandInit(-1168722982) SRandInit(-1168722981).
[2017.05.19-23.53.35:469][  0]LogTaskGraph: Started task graph with 4 named threads and 5 total threads.
[2017.05.19-23.53.35:469][  0]LogStats: Stats thread started at 0.088941
[2017.05.19-23.53.35:469][  0]LogInit: Version: 4.9.2-2707645+++depot+UE4-Releases+4.9
[2017.05.19-23.53.35:470][  0]LogInit: API Version: 2672455
[2017.05.19-23.53.35:470][  0]LogInit: Compiled (64-bit): Sep 28 2015 10:25:44
[2017.05.19-23.53.35:470][  0]LogInit: Compiled with Visual C++: 18.00.21005.01
[2017.05.19-23.53.35:470][  0]LogInit: Build Configuration: Development
[2017.05.19-23.53.35:470][  0]LogInit: Branch Name: ++depot+UE4-Releases+4.9
[2017.05.19-23.53.35:470][  0]LogInit: Command line: -EpicPortal 
[2017.05.19-23.53.35:470][  0]LogInit: Base directory: C:/Program Files/Epic Games/UE_4.9/Engine/Binaries/Win64/
[2017.05.19-23.53.35:470][  0]LogInit: Rocket: 1
[2017.05.19-23.53.35:487][  0]LogInit: Using libcurl 7.41.0
[2017.05.19-23.53.35:487][  0]LogInit:  - built for x86_64-pc-win32
[2017.05.19-23.53.35:487][  0]LogInit:  - supports SSL with WinSSL
[2017.05.19-23.53.35:487][  0]LogInit:  - other features:
[2017.05.19-23.53.35:487][  0]LogInit:      CURL_VERSION_SSL
[2017.05.19-23.53.35:487][  0]LogInit:      CURL_VERSION_IPV6
[2017.05.19-23.53.35:487][  0]LogInit:      CURL_VERSION_ASYNCHDNS
[2017.05.19-23.53.35:487][  0]LogInit:      CURL_VERSION_LARGEFILE
[2017.05.19-23.53.35:487][  0]LogInit:      CURL_VERSION_IDN
[2017.05.19-23.53.35:487][  0]LogInit:  CurlRequestOptions (configurable via config and command line):
[2017.05.19-23.53.35:487][  0]LogInit:  - bVerifyPeer = true  - Libcurl will verify peer certificate
[2017.05.19-23.53.35:487][  0]LogInit:  - bUseHttpProxy = false  - Libcurl will NOT use HTTP proxy
[2017.05.19-23.53.35:488][  0]LogInit:  - bDontReuseConnections = false  - Libcurl will reuse connections
[2017.05.19-23.53.35:488][  0]LogInit:  - CertBundlePath = nullptr  - Libcurl will use whatever was configured at build time.
[2017.05.19-23.53.35:502][  0]LogInit: Presizing for 0 objects not considered by GC, pre-allocating 0 bytes.
[2017.05.19-23.53.35:510][  0]LogInit: Object subsystem initialized
[2017.05.19-23.53.35:512][  0]LogInit: Selected Device Profile: [Windows]
[2017.05.19-23.53.35:512][  0]LogInit: Applying CVar settings loaded from the selected device profile: [Windows]
[2017.05.19-23.53.35:587][  0]LogInit: Computer: DEBBIELAPTOP
[2017.05.19-23.53.35:587][  0]LogInit: User: Jacob
[2017.05.19-23.53.35:587][  0]LogInit: CPU Page size=4096, Cores=2
[2017.05.19-23.53.35:587][  0]LogInit: High frequency timer resolution =2.338340 MHz
[2017.05.19-23.53.35:587][  0]LogMemory: Memory total: Physical=5.9GB (6GB approx)
[2017.05.19-23.53.35:587][  0]LogMemory: Platform Memory Stats for Windows
[2017.05.19-23.53.35:587][  0]LogMemory: Process Physical Memory: 54.35 MB used, 54.35 MB peak
[2017.05.19-23.53.35:587][  0]LogMemory: Process Virtual Memory: 57.46 MB used, 57.46 MB peak
[2017.05.19-23.53.35:587][  0]LogMemory: Physical Memory: 3655.19 MB used, 6048.76 MB total
[2017.05.19-23.53.35:587][  0]LogMemory: Virtual Memory: 371.07 MB used, 134217728.00 MB total
[2017.05.19-23.53.35:730][  0]LogTextLocalizationManager: No specific translations for ('en-US') exist, so ('en') translations will be used.
[2017.05.19-23.53.36:888][  0]LogD3D11RHI: Found D3D11 adapter 0: Intel(R) HD Graphics Family (Feature Level 11_0)
[2017.05.19-23.53.36:888][  0]LogD3D11RHI: Adapter has 112MB of dedicated video memory, 0MB of dedicated system memory, and 2048MB of shared system memory, 1 output[s]
[2017.05.19-23.53.36:890][  0]LogD3D11RHI: Found D3D11 adapter 1: Microsoft Basic Render Driver (Feature Level 11_0)
[2017.05.19-23.53.36:890][  0]LogD3D11RHI: Adapter has 0MB of dedicated video memory, 0MB of dedicated system memory, and 3024MB of shared system memory, 0 output[s]
[2017.05.19-23.53.36:890][  0]LogD3D11RHI: Chosen D3D11 Adapter Id = 0
[2017.05.19-23.53.36:897][  0]LogD3D11RHI: !Direct3DDevice
[2017.05.19-23.53.36:897][  0]LogRHI: Texture pool is 795 MB (70% of 1136 MB)
[2017.05.19-23.53.36:903][  0]LogD3D11RHI: Async texture creation enabled
[2017.05.19-23.53.36:908][  0]LogShaderCompilers: Guid format shader working directory is 14 characters bigger than the processId version (../../../../../../Users/Jacob/Documents/GitHub/CompSciApp/CompSciApp/Intermediate/Shaders/WorkingDirectory/10516/).
[2017.05.19-23.53.36:908][  0]LogShaderCompilers: Cleaned the shader compiler working directory '../../../../../../Users/Jacob/Documents/GitHub/CompSciApp/CompSciApp/Intermediate/Shaders/tmp/128750D845A1CDEB89BD5AAF89E1E9D4/'.
[2017.05.19-23.53.36:908][  0]LogShaderCompilers:Display: Using Local Shader Compiler.
[2017.05.19-23.53.41:259][  0]LogTemp:Display: Loaded TP AllDesktopTargetPlatform
[2017.05.19-23.53.41:266][  0]LogTemp:Display: Loaded TP WindowsClientTargetPlatform
[2017.05.19-23.53.41:274][  0]LogTemp:Display: Loaded TP WindowsNoEditorTargetPlatform
[2017.05.19-23.53.41:282][  0]LogTemp:Display: Loaded TP WindowsServerTargetPlatform
[2017.05.19-23.53.41:289][  0]LogTemp:Display: Loaded TP WindowsTargetPlatform
[2017.05.19-23.53.41:294][  0]LogTemp:Display: Loaded TP AndroidTargetPlatform
[2017.05.19-23.53.41:299][  0]LogTemp:Display: Loaded TP Android_ASTCTargetPlatform
[2017.05.19-23.53.41:304][  0]LogTemp:Display: Loaded TP Android_ATCTargetPlatform
[2017.05.19-23.53.41:309][  0]LogTemp:Display: Loaded TP Android_DXTTargetPlatform
[2017.05.19-23.53.41:313][  0]LogTemp:Display: Loaded TP Android_ETC1TargetPlatform
[2017.05.19-23.53.41:319][  0]LogTemp:Display: Loaded TP Android_ETC2TargetPlatform
[2017.05.19-23.53.41:323][  0]LogTemp:Display: Loaded TP Android_PVRTCTargetPlatform
[2017.05.19-23.53.41:324][  0]LogTemp:Display: Loaded TP HTML5TargetPlatform
[2017.05.19-23.53.41:345][  0]LogTemp:Display: Loaded TP IOSTargetPlatform
[2017.05.19-23.53.41:350][  0]LogTemp:Display: Loaded TP LinuxNoEditorTargetPlatform
[2017.05.19-23.53.41:354][  0]LogTemp:Display: Loaded TP LinuxServerTargetPlatform
[2017.05.19-23.53.41:359][  0]LogTemp:Display: Loaded TP LinuxTargetPlatform
[2017.05.19-23.53.41:359][  0]LogTargetPlatformManager:Display: Building Assets For Windows
[2017.05.19-23.53.41:470][  0]LogDerivedDataCache:Display: Max Cache Size: 512 MB
[2017.05.19-23.53.41:529][  0]LogDerivedDataCache: Loaded boot cache 0.06s 42MB C:/Users/Jacob/AppData/Local/UnrealEngine/4.9/DerivedDataCache/Boot.ddc.
[2017.05.19-23.53.41:530][  0]LogDerivedDataCache:Display: Loaded Boot cache: C:/Users/Jacob/AppData/Local/UnrealEngine/4.9/DerivedDataCache/Boot.ddc
[2017.05.19-23.53.41:530][  0]LogDerivedDataCache: FDerivedDataBackendGraph:  Pak pak cache file ../../../../../../Users/Jacob/Documents/GitHub/CompSciApp/CompSciApp/DerivedDataCache/DDC.ddp not found, will not use a pak cache.
[2017.05.19-23.53.41:530][  0]LogDerivedDataCache: Unable to find inner node Pak for hierarchical cache Hierarchy.
[2017.05.19-23.53.41:530][  0]LogDerivedDataCache: FDerivedDataBackendGraph:  CompressedPak pak cache file ../../../../../../Users/Jacob/Documents/GitHub/CompSciApp/CompSciApp/DerivedDataCache/Compressed.ddp not found, will not use a pak cache.
[2017.05.19-23.53.41:530][  0]LogDerivedDataCache: Unable to find inner node CompressedPak for hierarchical cache Hierarchy.
[2017.05.19-23.53.41:710][  0]LogDerivedDataCache:Display: Pak cache opened for reading ../../../Engine/DerivedDataCache/Compressed.ddp.
[2017.05.19-23.53.41:721][  0]LogDerivedDataCache: Using Local data cache path C:/Users/Jacob/AppData/Local/UnrealEngine/Common/DerivedDataCache: Writable
[2017.05.19-23.53.41:943][  0]LogInit: Selected Device Profile: [Windows]
[2017.05.19-23.53.41:947][  0]LogContentStreaming: Texture pool size is 0.000000MB
[2017.05.19-23.53.42:106][  0]LogMeshUtilities: No automatic mesh reduction module available
[2017.05.19-23.53.42:106][  0]LogMeshUtilities: No automatic mesh merging module available
[2017.05.19-23.53.42:580][  0]LogInit: WinSock: version 1.1 (2.2), MaxSocks=32767, MaxUdp=65467
[2017.05.19-23.54.01:736][  0]UdpMessaging: Initializing bridge on interface 0.0.0.0:0 to multicast group 230.0.0.1:6666.
[2017.05.19-23.54.02:778][  0]LogAssetRegistry: FAssetRegistry took 0.0114 seconds to start up
[2017.05.19-23.54.03:049][  0]SourceControl: Info Source control is disabled
[2017.05.19-23.54.03:051][  0]SourceControl: Info Source control is disabled
[2017.05.19-23.54.03:069][  0]SourceControl: Info Source control is disabled
[2017.05.19-23.54.03:082][  0]SourceControl: Info Source control is disabled
[2017.05.19-23.54.03:603][  0]LogLinker:Warning: Asset '../../../Engine/Plugins/Runtime/LeapMotionController/Content/LM_PassthroughMaterial.uasset' has been saved with empty engine version. The asset will be loaded but may be incompatible.
[2017.05.19-23.54.03:708][  0]LogObj: 28430 objects as part of root set at end of initial load.
[2017.05.19-23.54.03:708][  0]LogUObjectAllocator: 6071520 out of 0 bytes used by permanent object pool.
[2017.05.19-23.54.03:805][  0]LogEngine: Initializing Engine...
[2017.05.19-23.54.03:810][  0]LogHMD: Can't find Oculus library dev build: is proper Runtime installed? Version: 0.7.0.0
[2017.05.19-23.54.03:811][  0]LogHMD: SteamVR failed to initialize.  Err: 110
[2017.05.19-23.54.03:978][  0]LogAIModule: Creating AISystem for world NewWorld
[2017.05.19-23.54.03:982][  0]LogInit: XAudio2 using 'Speakers / Headphones (Realtek High Definition Audio)' : 2 channels at 48 kHz using 32 bits per sample (channel mask 0x3)
[2017.05.19-23.54.04:283][  0]LogInit: FAudioDevice initialized.
[2017.05.19-23.54.04:315][  0]LogDerivedDataCache: Saved boot cache 0.03s 42MB C:/Users/Jacob/AppData/Local/UnrealEngine/4.9/DerivedDataCache/Boot.ddc.
[2017.05.19-23.54.04:322][  0]LogInit: Texture streaming: Enabled
[2017.05.19-23.54.04:331][  0]LogAnalytics: Creating configured Analytics provider AnalyticsET
[2017.05.19-23.54.04:331][  0]LogAnalytics: [UEEditor.Rocket.Release] APIServer = http://et2.epicgames.com/ET2/. AppVersion = 4.9.2-2707645+++depot+UE4-Releases+4.9
[2017.05.19-23.54.04:331][  0]LogAnalytics: [UEEditor.Rocket.Release] SetUserId 0c7004ae4fbf476c46248ea3aa897ba2|5c8a094fc4fb4ccf912a58e8b050ae6e|dd076934-77e4-46bc-8f3f-9384319b48ea
[2017.05.19-23.54.04:331][  0]LogAnalytics: [UEEditor.Rocket.Release] AnalyticsET::StartSession
[2017.05.19-23.54.04:406][  0]LogInit: Transaction tracking system initialized
[2017.05.19-23.54.04:474][  0]BlueprintLog: New page: Editor Load
[2017.05.19-23.54.04:714][  0]LocalizationService: Info Localization service is disabled
[2017.05.19-23.54.04:938][  0]LogConsoleResponse:Display: 
[2017.05.19-23.54.05:190][  0]LogCook:Display: Done creating registry. It took  0.00s.
[2017.05.19-23.54.05:520][  0]LogFileCache: Scanning file cache for directory 'C:/Users/Jacob/Documents/GitHub/CompSciApp/CompSciApp/Content/' took 0.02s
[2017.05.19-23.54.05:531][  0]SourceControl: Info Source control is disabled
[2017.05.19-23.54.05:531][  0]Cmd: MAP LOAD FILE="../../../../../../Users/Jacob/Documents/GitHub/CompSciApp/CompSciApp/Content/2DSideScrollerCPP/Maps/2DSideScrollerExampleMap.umap" TEMPLATE=0 SHOWPROGRESS=1 FEATURELEVEL=3
[2017.05.19-23.54.05:556][  0]LightingResults: New page: Lighting Build
[2017.05.19-23.54.05:563][  0]MapCheck: New page: Map Check
[2017.05.19-23.54.05:563][  0]LightingResults: New page: Lighting Build
[2017.05.19-23.54.05:591][  0]LogParticles: Destroying 0 GPU particle simulations for FXSystem 0x0000027FFCE4C400
[2017.05.19-23.54.05:889][  0]LogAIModule: Creating AISystem for world 2DSideScrollerExampleMap
[2017.05.19-23.54.05:893][  0]LogEditorServer: Finished looking for orphan Actors (0.000 secs)
[2017.05.19-23.54.05:894][  0]Cmd: MAP CHECKDEP NOCLEARLOG
[2017.05.19-23.54.05:988][  0]MapCheck: Info Map check complete: 0 Error(s), 0 Warning(s), took 93.507ms to complete.
[2017.05.19-23.54.05:988][  0]LogFileHelpers: Loading map '2DSideScrollerExampleMap' took 0.457
[2017.05.19-23.54.06:283][  0]LogCollectionManager: Loaded 0 collections in 0.004821 seconds
[2017.05.19-23.54.06:332][  0]LogFileCache: Scanning file cache for directory 'C:/Users/Jacob/Documents/GitHub/CompSciApp/CompSciApp/Saved/Collections/' took 0.01s
[2017.05.19-23.54.06:332][  0]LogFileCache: Scanning file cache for directory 'C:/Users/Jacob/Documents/GitHub/CompSciApp/CompSciApp/Content/Developers/Jacob/Collections/' took 0.01s
[2017.05.19-23.54.06:332][  0]LogFileCache: Scanning file cache for directory 'C:/Users/Jacob/Documents/GitHub/CompSciApp/CompSciApp/Content/Collections/' took 0.01s
[2017.05.19-23.54.06:332][  0]LogContentBrowser: Native class hierarchy populated in 0.0134 seconds. Added 1869 classes and 335 folders.
[2017.05.19-23.54.06:340][  0]LogCollectionManager: Rebuilt the GUID cache for 0 collections in 0.000003 seconds
[2017.05.19-23.54.06:358][  0]LogContentBrowser: Native class hierarchy updated for 'WidgetCarousel' in 0.0022 seconds. Added 0 classes and 0 folders.
[2017.05.19-23.54.07:743][  0]LogContentBrowser: Native class hierarchy updated for 'AddContentDialog' in 0.0021 seconds. Added 0 classes and 0 folders.
[2017.05.19-23.54.07:750][  0]LogCrashTracker: Crashtracker disabled due to settings.
[2017.05.19-23.54.07:757][  0]LogUObjectGlobals:Warning: Failed to find object 'Class None.'
[2017.05.19-23.54.07:779][  0]LogLoad: Full Startup: 34.42 seconds (BP compile: 0.13 seconds)
[2017.05.19-23.54.07:973][  0]LogContentStreaming: Texture pool size now 1000 MB
[2017.05.19-23.54.08:154][  0]LogRenderer: Reallocating scene render targets to support 1040x388 (Frame:2).
[2017.05.19-23.54.21:650][ 40]LogAssetRegistry: Asset discovery search completed in 18.8833 seconds
[2017.05.19-23.54.21:650][ 40]LogCollectionManager: Rebuilt the object cache for 0 collections in 0.000001 seconds (found 0 objects)
[2017.05.19-23.54.21:650][ 40]LogCollectionManager: Fixed up redirectors for 0 collections in 0.000117 seconds (updated 0 objects)
[2017.05.19-23.54.34:599][467]LogVSAccessor:Warning: Couldn't access Visual Studio
[2017.05.19-23.54.34:608][467]Recompiling CompSciApp...
[2017.05.19-23.54.34:609][467]Launching UnrealBuildTool... [C:/Program Files/Epic Games/UE_4.9/Engine/Binaries/DotNET/UnrealBuildTool.exe CompSciApp -ModuleWithSuffix CompSciApp 9814 Win64 Development -editorrecompile -canskiplink "C:/Users/Jacob/Documents/GitHub/CompSciApp/CompSciApp/CompSciApp.uproject" -rocket  -rocket]
[2017.05.19-23.54.34:614][467]Warning: Starting HotReload took  0.1s.
[2017.05.19-23.56.15:184][421]CompilerResultsLog: New page: Compilation - May 19, 2017, 11:56:15 AM
[2017.05.19-23.56.15:185][421]CompilerResultsLog: Info Performing full C++ include scan (hot reloading a new target)
[2017.05.19-23.56.15:185][421]CompilerResultsLog: Info Creating makefile for hot reloading CompSciApp (changes to target files)
[2017.05.19-23.56.15:185][421]CompilerResultsLog: Info Compiling game modules for hot reload
[2017.05.19-23.56.15:185][421]CompilerResultsLog: Info Parsing headers for CompSciAppEditor
[2017.05.19-23.56.15:185][421]CompilerResultsLog: Info   Running UnrealHeaderTool "C:/Users/Jacob/Documents/GitHub/CompSciApp/CompSciApp/CompSciApp.uproject" "C:\Users\Jacob\Documents\GitHub\CompSciApp\CompSciApp\Intermediate\Build\Win64\CompSciAppEditor\Development\UnrealHeaderTool.manifest" -LogCmds="loginit warning, logexit warning, logdatabase error" -rocket -installed
[2017.05.19-23.56.15:185][421]CompilerResultsLog: Info Reflection code generated for CompSciAppEditor in 19.6532082 seconds
[2017.05.19-23.56.15:185][421]CompilerResultsLog: Info Performing 8 actions (2 in parallel)
[2017.05.19-23.56.15:185][421]CompilerResultsLog: Info [2/8] Resource PCLaunch.rc
[2017.05.19-23.56.15:185][421]CompilerResultsLog: Info PCH.CompSciApp.h.cpp
[2017.05.19-23.56.15:185][421]CompilerResultsLog: Info [3/8] Resource ModuleVersionResource.rc.inl
[2017.05.19-23.56.15:185][421]CompilerResultsLog: Info CompSciAppCharacter.cpp
[2017.05.19-23.56.15:185][421]CompilerResultsLog: Info CompSciApp.cpp
[2017.05.19-23.56.15:185][421]CompilerResultsLog: Info CompSciAppGameMode.cpp
[2017.05.19-23.56.15:185][421]CompilerResultsLog: Info CompSciApp.generated.cpp
[2017.05.19-23.56.15:185][421]CompilerResultsLog: Info [8/8] Link UE4Editor-CompSciApp-9814.dll
[2017.05.19-23.56.15:185][421]CompilerResultsLog: Info    Creating library C:\Users\Jacob\Documents\GitHub\CompSciApp\CompSciApp\Intermediate/Build/Win64\UE4Editor\Development\UE4Editor-CompSciApp-9814.lib and object C:\Users\Jacob\Documents\GitHub\CompSciApp\CompSciApp\Intermediate/Build/Win64\UE4Editor\Development\UE4Editor-CompSciApp-9814.exp
[2017.05.19-23.56.15:185][421]CompilerResultsLog: Info -------- End Detailed Actions Stats -----------------------------------------------------------
[2017.05.19-23.56.15:185][421]CompilerResultsLog: Info Total build time: 100.35 seconds
[2017.05.19-23.56.15:185][421]LogMainFrame: MainFrame: Module compiling took 100.586 seconds
[2017.05.19-23.56.15:329][421]LogContentBrowser: Native class hierarchy updated for 'CompSciApp' in 0.0077 seconds. Added 2 classes and 2 folders.
[2017.05.19-23.56.15:334][421]Warning: HotReload successful (0 functions remapped  0 scriptstructs remapped)
[2017.05.19-23.56.15:476][421]LogContentBrowser: Native class hierarchy populated in 0.0169 seconds. Added 1869 classes and 335 folders.
[2017.05.19-23.56.25:427][  4]LogBlueprintUserMessages: Early PlayInEditor Detection: Level '/Game/2DSideScrollerCPP/Maps/2DSideScrollerExampleMap.2DSideScrollerExampleMap:PersistentLevel' has LevelScriptBlueprint '/Game/2DSideScrollerCPP/Maps/2DSideScrollerExampleMap.2DSideScrollerExampleMap:PersistentLevel.2DSideScrollerExampleMap' with GeneratedClass '/Game/2DSideScrollerCPP/Maps/2DSideScrollerExampleMap.2DSideScrollerExampleMap_C' with ClassGeneratedBy '/Game/2DSideScrollerCPP/Maps/2DSideScrollerExampleMap.2DSideScrollerExampleMap:PersistentLevel.2DSideScrollerExampleMap'
[2017.05.19-23.56.25:427][  4]LogPlayLevel: PlayLevel: No blueprints needed recompiling
[2017.05.19-23.56.25:427][  4]PIE: New page: PIE session: 2DSideScrollerExampleMap (May 19, 2017, 11:56:25 AM)
[2017.05.19-23.56.25:427][  4]LogPlayLevel: Creating play world package: /Game/2DSideScrollerCPP/Maps/UEDPIE_0_2DSideScrollerExampleMap
[2017.05.19-23.56.25:466][  4]LogPlayLevel: PIE: StaticDuplicateObject took: (0.039014s)
[2017.05.19-23.56.25:467][  4]LogAIModule: Creating AISystem for world 2DSideScrollerExampleMap
[2017.05.19-23.56.25:467][  4]LogPlayLevel: PIE: World Init took: (0.000885s)
[2017.05.19-23.56.25:467][  4]LogPlayLevel: PIE: Created PIE world by copying editor world from /Game/2DSideScrollerCPP/Maps/2DSideScrollerExampleMap.2DSideScrollerExampleMap to /Game/2DSideScrollerCPP/Maps/UEDPIE_0_2DSideScrollerExampleMap.2DSideScrollerExampleMap (0.040165s)
[2017.05.19-23.56.25:491][  4]LogInit: XAudio2 using 'Speakers / Headphones (Realtek High Definition Audio)' : 2 channels at 48 kHz using 32 bits per sample (channel mask 0x3)
[2017.05.19-23.56.25:506][  4]LogInit: FAudioDevice initialized.
[2017.05.19-23.56.25:601][  4]LogWorld: Game class is 'CompSciAppGameMode'
[2017.05.19-23.56.25:625][  4]LogWorld: Bringing World /Game/2DSideScrollerCPP/Maps/UEDPIE_0_2DSideScrollerExampleMap.2DSideScrollerExampleMap up for play (max tick rate 60) at 2017.05.19-17.56.25
[2017.05.19-23.56.25:626][  4]LogActor:Warning: GameSession /Game/2DSideScrollerCPP/Maps/UEDPIE_0_2DSideScrollerExampleMap.2DSideScrollerExampleMap:PersistentLevel.GameSession_0 has natively added scene component(s), but none of them were set as the actor's RootComponent - picking one arbitrarily
[2017.05.19-23.56.25:627][  4]LogActor:Warning: GameNetworkManager /Game/2DSideScrollerCPP/Maps/UEDPIE_0_2DSideScrollerExampleMap.2DSideScrollerExampleMap:PersistentLevel.GameNetworkManager_0 has natively added scene component(s), but none of them were set as the actor's RootComponent - picking one arbitrarily
[2017.05.19-23.56.25:628][  4]LogWorld: Bringing up level for play took: 0.024369
[2017.05.19-23.56.25:707][  4]PIE: Info Play in editor start time for /Game/2DSideScrollerCPP/Maps/UEDPIE_0_2DSideScrollerExampleMap -0.096
[2017.05.19-23.56.25:717][  4]LogBlueprintUserMessages: Late PlayInEditor Detection: Level '/Game/2DSideScrollerCPP/Maps/2DSideScrollerExampleMap.2DSideScrollerExampleMap:PersistentLevel' has LevelScriptBlueprint '/Game/2DSideScrollerCPP/Maps/2DSideScrollerExampleMap.2DSideScrollerExampleMap:PersistentLevel.2DSideScrollerExampleMap' with GeneratedClass '/Game/2DSideScrollerCPP/Maps/2DSideScrollerExampleMap.2DSideScrollerExampleMap_C' with ClassGeneratedBy '/Game/2DSideScrollerCPP/Maps/2DSideScrollerExampleMap.2DSideScrollerExampleMap:PersistentLevel.2DSideScrollerExampleMap'
[2017.05.19-23.57.10:066][142]LogLinker:Warning: Asset '../../../Engine/Content/ArtTools/RenderToTexture/Macros/RenderToTextureMacros.uasset' has been saved with empty engine version. The asset will be loaded but may be incompatible.
[2017.05.19-23.57.12:412][142]LogContentBrowser: Native class hierarchy updated for 'BlueprintGraph' in 0.0029 seconds. Added 107 classes and 0 folders.
[2017.05.20-00.04.04:856][445]LogBlueprintUserMessages: CustomizeDetails for Blueprint 'MainMenu', cached variable property's owner is '/Game/MainMenu.SKEL_MainMenu_C'
[2017.05.20-00.04.14:451][764]LogBlueprintUserMessages: CustomizeDetails for Blueprint 'MainMenu', cached variable property's owner is '/Game/MainMenu.SKEL_MainMenu_C'
[2017.05.20-00.05.08:378][573]LogParticles: Destroying 0 GPU particle simulations for FXSystem 0x0000027FEEF6C860
[2017.05.20-00.05.11:599][573]LogParticles: Destroying 0 GPU particle simulations for FXSystem 0x0000027FEEF6CE00
[2017.05.20-00.06.07:720][299]LogParticles: Destroying 0 GPU particle simulations for FXSystem 0x0000027FEEF6E480
[2017.05.20-00.06.07:732][299]LogParticles: Destroying 0 GPU particle simulations for FXSystem 0x0000027FEEF6D940
[2017.05.20-00.06.07:732][299]LogMetaData: Removing '/Game/MainMenu/MainMenu.SKEL_MainMenu_C' ref from Metadata '/Game/MainMenu/NewWidgetBlueprint.PackageMetaData'
[2017.05.20-00.06.07:732][299]LogMetaData: Removing '/Game/MainMenu/MainMenu.MainMenu_C' ref from Metadata '/Game/MainMenu/NewWidgetBlueprint.PackageMetaData'
[2017.05.20-00.06.07:733][299]LogMetaData: Removing '/Game/MainMenu/MainMenu.MainMenu:EventGraph.K2Node_Event_125' ref from Metadata '/Game/MainMenu/NewWidgetBlueprint.PackageMetaData'
[2017.05.20-00.06.07:733][299]LogMetaData: Removing '/Game/MainMenu/MainMenu.MainMenu:EventGraph.K2Node_Event_126' ref from Metadata '/Game/MainMenu/NewWidgetBlueprint.PackageMetaData'
[2017.05.20-00.06.07:802][299]Cmd: OBJ SAVEPACKAGE PACKAGE="/Game/MainMenu/MainMenu" FILE="../../../../../../Users/Jacob/Documents/GitHub/CompSciApp/CompSciApp/Content/MainMenu/MainMenu.uasset" SILENT=true
[2017.05.20-00.06.07:856][299]LogSavePackage: Save=44.854897ms
[2017.05.20-00.06.07:856][299]LogSavePackage: Moving '../../../../../../Users/Jacob/Documents/GitHub/CompSciApp/CompSciApp/Saved/MainMenuC29BF96C4DCBC9F7DAD108B9497226C1.tmp' to '../../../../../../Users/Jacob/Documents/GitHub/CompSciApp/CompSciApp/Content/MainMenu/MainMenu.uasset'
[2017.05.20-00.06.07:862][299]LogSavePackage: Total save time: 52.253738ms
[2017.05.20-00.06.07:862][299]LogSavePackage:Warning: Finished SavePackage ../../../../../../Users/Jacob/Documents/GitHub/CompSciApp/CompSciApp/Content/MainMenu/MainMenu.uasset
[2017.05.20-00.06.38:930][565]LogBlueprintUserMessages: Early EndPlayMap Detection: Level '/Game/2DSideScrollerCPP/Maps/2DSideScrollerExampleMap.2DSideScrollerExampleMap:PersistentLevel' has LevelScriptBlueprint '/Game/2DSideScrollerCPP/Maps/2DSideScrollerExampleMap.2DSideScrollerExampleMap:PersistentLevel.2DSideScrollerExampleMap' with GeneratedClass '/Game/2DSideScrollerCPP/Maps/2DSideScrollerExampleMap.2DSideScrollerExampleMap_C' with ClassGeneratedBy '/Game/2DSideScrollerCPP/Maps/2DSideScrollerExampleMap.2DSideScrollerExampleMap:PersistentLevel.2DSideScrollerExampleMap'
[2017.05.20-00.06.39:029][565]LogBlueprintUserMessages: Late EndPlayMap Detection: Level '/Game/2DSideScrollerCPP/Maps/2DSideScrollerExampleMap.2DSideScrollerExampleMap:PersistentLevel' has LevelScriptBlueprint '/Game/2DSideScrollerCPP/Maps/2DSideScrollerExampleMap.2DSideScrollerExampleMap:PersistentLevel.2DSideScrollerExampleMap' with GeneratedClass '/Game/2DSideScrollerCPP/Maps/2DSideScrollerExampleMap.2DSideScrollerExampleMap_C' with ClassGeneratedBy '/Game/2DSideScrollerCPP/Maps/2DSideScrollerExampleMap.2DSideScrollerExampleMap:PersistentLevel.2DSideScrollerExampleMap'
[2017.05.20-00.06.39:155][565]LogParticles: Destroying 0 GPU particle simulations for FXSystem 0x0000027FFBEA5580
[2017.05.20-00.06.39:160][565]LogParticles: Destroying 0 GPU particle simulations for FXSystem 0x0000027FB0910E00
[2017.05.20-00.06.39:162][565]LogParticles: Destroying 0 GPU particle simulations for FXSystem 0x0000027FB09105E0
[2017.05.20-00.06.40:605][646]LogEditorViewport: Clicking on Actor (context menu): CompSciAppCharacter (TP_2DSideScrollerCharacter)
[2017.05.20-00.06.43:659][801]LogContentBrowser: Native class hierarchy updated for 'SceneOutliner' in 0.0024 seconds. Added 1 classes and 2 folders.
[2017.05.20-00.06.59:764][733]LogEditorViewport: Clicking on Actor (context menu): CompSciAppCharacter (TP_2DSideScrollerCharacter)
[2017.05.20-00.07.44:520][325]LogSavePackage: Save=96.591599ms
[2017.05.20-00.07.44:520][325]LogSavePackage: Moving '../../../../../../Users/Jacob/Documents/GitHub/CompSciApp/CompSciApp/Saved/2DSideScrollerExampleMap474551C543E5D2ACD15B69AD2E5B22E9.tmp' to '../../../../../../Users/Jacob/Documents/GitHub/CompSciApp/CompSciApp/Content/2DSideScrollerCPP/Maps/2DSideScrollerExampleMap.umap'
[2017.05.20-00.07.44:524][325]LogSavePackage: Total save time: 108.840887ms
[2017.05.20-00.07.44:524][325]LogSavePackage:Warning: Finished SavePackage ../../../../../../Users/Jacob/Documents/GitHub/CompSciApp/CompSciApp/Content/2DSideScrollerCPP/Maps/2DSideScrollerExampleMap.umap
[2017.05.20-00.13.15:355][ 61]LogBlueprintUserMessages: CustomizeDetails for Blueprint 'MainMenu', cached variable property's owner is '/Game/MainMenu/MainMenu.SKEL_MainMenu_C'
[2017.05.20-00.13.21:319][375]LogBlueprintUserMessages: PostEditorRefresh for Blueprint 'MainMenu', cached variable property's owner is '/Game/MainMenu/MainMenu.SKEL_MainMenu_C'
[2017.05.20-00.13.37:825][216]LogBlueprintUserMessages: CustomizeDetails for Blueprint 'MainMenu', cached variable property's owner is '/Game/MainMenu/MainMenu.SKEL_MainMenu_C'
[2017.05.20-00.13.39:556][306]LogBlueprintUserMessages: PostEditorRefresh for Blueprint 'MainMenu', cached variable property's owner is '/Game/MainMenu/MainMenu.SKEL_MainMenu_C'
[2017.05.20-00.13.48:478][732]BlueprintLog: New page: Compile MainMenu
[2017.05.20-00.13.48:592][732]BlueprintEditorCompileResults: Info [1215.24] Compile of MainMenu successful! [in 113 ms]
[2017.05.20-00.13.56:123][ 96]LogRenderer: Reallocating scene render targets to support 1212x436 (Frame:13907).
[2017.05.20-00.14.16:937][190]LogSavePackage: Save=13.091338ms
[2017.05.20-00.14.16:937][190]LogSavePackage: Moving '../../../../../../Users/Jacob/Documents/GitHub/CompSciApp/CompSciApp/Saved/LevelOne2DA73E9640ECE010DF408CB82F470342.tmp' to '../../../../../../Users/Jacob/Documents/GitHub/CompSciApp/CompSciApp/Content/2dSideScrollerCPP/Maps/LevelOne.umap'
[2017.05.20-00.14.16:940][190]LogSavePackage: Total save time: 16.888902ms
[2017.05.20-00.14.16:941][190]LogSavePackage:Warning: Finished SavePackage ../../../../../../Users/Jacob/Documents/GitHub/CompSciApp/CompSciApp/Content/2dSideScrollerCPP/Maps/LevelOne.umap
[2017.05.20-00.14.16:941][190]LogFileHelpers: Saving map 'LevelOne' took 0.163
[2017.05.20-00.14.16:946][190]Cmd: OBJ SAVEPACKAGE PACKAGE="/Game/MainMenu/MainMenu" FILE="../../../../../../Users/Jacob/Documents/GitHub/CompSciApp/CompSciApp/Content/MainMenu/MainMenu.uasset" SILENT=true
[2017.05.20-00.14.16:992][190]LogSavePackage: Save=33.117085ms
[2017.05.20-00.14.16:992][190]LogSavePackage: Moving '../../../../../../Users/Jacob/Documents/GitHub/CompSciApp/CompSciApp/Saved/MainMenu91B454824E1E984D03CFB5B1C96C6E0F.tmp' to '../../../../../../Users/Jacob/Documents/GitHub/CompSciApp/CompSciApp/Content/MainMenu/MainMenu.uasset'
[2017.05.20-00.14.16:996][190]LogSavePackage: Total save time: 47.549970ms
[2017.05.20-00.14.16:996][190]LogSavePackage:Warning: Finished SavePackage ../../../../../../Users/Jacob/Documents/GitHub/CompSciApp/CompSciApp/Content/MainMenu/MainMenu.uasset
[2017.05.20-00.14.17:002][190]Cmd: OBJ SAVEPACKAGE PACKAGE="/Game/MainMenu/NewWidgetBlueprint" FILE="../../../../../../Users/Jacob/Documents/GitHub/CompSciApp/CompSciApp/Content/MainMenu/NewWidgetBlueprint.uasset" SILENT=true
[2017.05.20-00.14.17:009][190]LogSavePackage: Save=4.608825ms
[2017.05.20-00.14.17:009][190]LogSavePackage: Moving '../../../../../../Users/Jacob/Documents/GitHub/CompSciApp/CompSciApp/Saved/NewWidgetBlueprint819FE1C244B3BB54C5A464A8E5CB12CB.tmp' to '../../../../../../Users/Jacob/Documents/GitHub/CompSciApp/CompSciApp/Content/MainMenu/NewWidgetBlueprint.uasset'
[2017.05.20-00.14.17:016][190]LogSavePackage: Total save time: 11.701893ms
[2017.05.20-00.14.17:016][190]LogSavePackage:Warning: Finished SavePackage ../../../../../../Users/Jacob/Documents/GitHub/CompSciApp/CompSciApp/Content/MainMenu/NewWidgetBlueprint.uasset
[2017.05.20-00.14.17:025][190]Cmd: MAP LOAD FILE="../../../../../../Users/Jacob/Documents/GitHub/CompSciApp/CompSciApp/Content/2dSideScrollerCPP/Maps/LevelOne.umap" TEMPLATE=0 SHOWPROGRESS=1 FEATURELEVEL=3
[2017.05.20-00.14.17:025][190]LightingResults: New page: Lighting Build
[2017.05.20-00.14.17:276][190]LoadErrors: New page: Loading map: LevelOne.umap
[2017.05.20-00.14.17:341][190]MapCheck: New page: Map Check
[2017.05.20-00.14.17:341][190]LightingResults: New page: Lighting Build
[2017.05.20-00.14.17:468][190]LogParticles: Destroying 0 GPU particle simulations for FXSystem 0x0000027FECCDBF60
[2017.05.20-00.14.17:483][190]LogEditorServer: Finished looking for orphan Actors (0.000 secs)
[2017.05.20-00.14.17:484][190]LogAIModule: Creating AISystem for world LevelOne
[2017.05.20-00.14.17:608][190]Cmd: MAP CHECKDEP NOCLEARLOG
[2017.05.20-00.14.17:687][190]MapCheck: Info Map check complete: 0 Error(s), 0 Warning(s), took 79.237ms to complete.
[2017.05.20-00.14.17:688][190]LogFileHelpers: Loading map 'LevelOne' took 0.666
[2017.05.20-00.14.54:440][260]LogEditorViewport: Clicking Background
[2017.05.20-00.14.57:633][410]LogEditorViewport: Clicking Background
[2017.05.20-00.15.14:432][352]LogAIModule: Creating AISystem for world 2DSideScrollerExampleMap
[2017.05.20-00.15.14:485][352]Cmd: MAP LOAD FILE="../../../../../../Users/Jacob/Documents/GitHub/CompSciApp/CompSciApp/Content/2DSideScrollerCPP/Maps/2DSideScrollerExampleMap.umap" TEMPLATE=0 SHOWPROGRESS=1 FEATURELEVEL=3
[2017.05.20-00.15.14:486][352]LightingResults: New page: Lighting Build
[2017.05.20-00.15.14:507][352]LoadErrors: New page: Loading map: 2DSideScrollerExampleMap.umap
[2017.05.20-00.15.14:507][352]MapCheck: New page: Map Check
[2017.05.20-00.15.14:507][352]LightingResults: New page: Lighting Build
[2017.05.20-00.15.14:547][352]LogParticles: Destroying 0 GPU particle simulations for FXSystem 0x0000027FA7C532E0
[2017.05.20-00.15.14:556][352]LogEditorServer: Finished looking for orphan Actors (0.000 secs)
[2017.05.20-00.15.14:650][352]Cmd: MAP CHECKDEP NOCLEARLOG
[2017.05.20-00.15.14:743][352]MapCheck: Info Map check complete: 0 Error(s), 0 Warning(s), took 92.409ms to complete.
[2017.05.20-00.15.14:743][352]LogFileHelpers: Loading map '2DSideScrollerExampleMap' took 0.260
[2017.05.20-00.15.37:697][606]LogAIModule: Creating AISystem for world LevelOne
[2017.05.20-00.15.39:636][606]LogSavePackage: Save=94.160385ms
[2017.05.20-00.15.39:636][606]LogSavePackage: Moving '../../../../../../Users/Jacob/Documents/GitHub/CompSciApp/CompSciApp/Saved/RealLevelOne2CE334C24057C3637BB3848564E22A80.tmp' to '../../../../../../Users/Jacob/Documents/GitHub/CompSciApp/CompSciApp/Content/2DSideScrollerCPP/Maps/RealLevelOne.umap'
[2017.05.20-00.15.39:643][606]LogSavePackage: Total save time: 102.025796ms
[2017.05.20-00.15.39:643][606]LogSavePackage:Warning: Finished SavePackage ../../../../../../Users/Jacob/Documents/GitHub/CompSciApp/CompSciApp/Content/2DSideScrollerCPP/Maps/RealLevelOne.umap
[2017.05.20-00.15.39:645][606]LogFileHelpers: Saving map 'RealLevelOne' took 0.253
[2017.05.20-00.15.39:647][606]Cmd: MAP LOAD FILE="../../../../../../Users/Jacob/Documents/GitHub/CompSciApp/CompSciApp/Content/2dSideScrollerCPP/Maps/LevelOne.umap" TEMPLATE=0 SHOWPROGRESS=1 FEATURELEVEL=3
[2017.05.20-00.15.39:648][606]LightingResults: New page: Lighting Build
[2017.05.20-00.15.39:672][606]LoadErrors: New page: Loading map: LevelOne.umap
[2017.05.20-00.15.39:673][606]MapCheck: New page: Map Check
[2017.05.20-00.15.39:673][606]LightingResults: New page: Lighting Build
[2017.05.20-00.15.39:718][606]LogParticles: Destroying 0 GPU particle simulations for FXSystem 0x0000027FAD7E9800
[2017.05.20-00.15.42:345][606]LogEditorServer: Finished looking for orphan Actors (0.000 secs)
[2017.05.20-00.15.42:408][606]Cmd: MAP CHECKDEP NOCLEARLOG
[2017.05.20-00.15.42:506][606]MapCheck: Info Map check complete: 0 Error(s), 0 Warning(s), took 98.134ms to complete.
[2017.05.20-00.15.42:506][606]LogFileHelpers: Loading map 'LevelOne' took 2.861
[2017.05.20-00.15.45:376][681]LogSavePackage: Save=92.106369ms
[2017.05.20-00.15.45:377][681]LogSavePackage: Moving '../../../../../../Users/Jacob/Documents/GitHub/CompSciApp/CompSciApp/Saved/RealLevelOne6D32E7D94EDE4BF49E71C18768823514.tmp' to '../../../../../../Users/Jacob/Documents/GitHub/CompSciApp/CompSciApp/Content/2DSideScrollerCPP/Maps/RealLevelOne.umap'
[2017.05.20-00.15.45:381][681]LogSavePackage: Total save time: 102.590729ms
[2017.05.20-00.15.45:381][681]LogSavePackage:Warning: Finished SavePackage ../../../../../../Users/Jacob/Documents/GitHub/CompSciApp/CompSciApp/Content/2DSideScrollerCPP/Maps/RealLevelOne.umap
[2017.05.20-00.15.45:382][681]LogFileHelpers: Saving map 'RealLevelOne' took 0.245
[2017.05.20-00.15.45:389][681]Cmd: MAP LOAD FILE="../../../../../../Users/Jacob/Documents/GitHub/CompSciApp/CompSciApp/Content/2DSideScrollerCPP/Maps/RealLevelOne.umap" TEMPLATE=0 SHOWPROGRESS=1 FEATURELEVEL=3
[2017.05.20-00.15.45:389][681]LightingResults: New page: Lighting Build
[2017.05.20-00.15.45:416][681]LoadErrors: New page: Loading map: RealLevelOne.umap
[2017.05.20-00.15.45:416][681]MapCheck: New page: Map Check
[2017.05.20-00.15.45:416][681]LightingResults: New page: Lighting Build
[2017.05.20-00.15.45:460][681]LogParticles: Destroying 0 GPU particle simulations for FXSystem 0x0000027FFC0BBBA0
[2017.05.20-00.15.45:468][681]LogEditorServer: Finished looking for orphan Actors (0.000 secs)
[2017.05.20-00.15.45:468][681]LogAIModule: Creating AISystem for world RealLevelOne
[2017.05.20-00.15.45:525][681]Cmd: MAP CHECKDEP NOCLEARLOG
[2017.05.20-00.15.45:604][681]MapCheck: Info Map check complete: 0 Error(s), 0 Warning(s), took 78.927ms to complete.
[2017.05.20-00.15.45:605][681]LogFileHelpers: Loading map 'RealLevelOne' took 0.218
[2017.05.20-00.16.21:469][412]BlueprintLog: New page: Compile RealLevelOne
[2017.05.20-00.16.21:601][412]BlueprintEditorCompileResults: Info [1368.25] Compile of RealLevelOne successful! [in 132 ms]
[2017.05.20-00.16.26:747][699]LogVSAccessor:Warning: Couldn't access Visual Studio
[2017.05.20-00.16.26:755][699]Recompiling CompSciApp...
[2017.05.20-00.16.26:756][699]Launching UnrealBuildTool... [C:/Program Files/Epic Games/UE_4.9/Engine/Binaries/DotNET/UnrealBuildTool.exe CompSciApp -ModuleWithSuffix CompSciApp 2282 Win64 Development -editorrecompile -canskiplink "C:/Users/Jacob/Documents/GitHub/CompSciApp/CompSciApp/CompSciApp.uproject" -rocket  -rocket]
[2017.05.20-00.16.26:769][699]Warning: Starting HotReload took  0.0s.
[2017.05.20-00.16.28:813][819]CompilerResultsLog: New page: Compilation - May 19, 2017, 12:16:28 PM
[2017.05.20-00.16.28:814][819]CompilerResultsLog: Info Compiling game modules for hot reload
[2017.05.20-00.16.28:814][819]CompilerResultsLog: Info Target is up to date.
[2017.05.20-00.16.28:814][819]LogMainFrame: MainFrame: Module compiling took 2.066 seconds
[2017.05.20-00.16.37:838][356]LogBlueprintUserMessages: Early PlayInEditor Detection: Level '/Game/2DSideScrollerCPP/Maps/RealLevelOne.RealLevelOne:PersistentLevel' has LevelScriptBlueprint '/Game/2DSideScrollerCPP/Maps/RealLevelOne.RealLevelOne:PersistentLevel.RealLevelOne' with GeneratedClass '/Game/2DSideScrollerCPP/Maps/RealLevelOne.RealLevelOne_C' with ClassGeneratedBy '/Game/2DSideScrollerCPP/Maps/RealLevelOne.RealLevelOne:PersistentLevel.RealLevelOne'
[2017.05.20-00.16.37:838][356]LogPlayLevel: PlayLevel: No blueprints needed recompiling
[2017.05.20-00.16.37:838][356]PIE: New page: PIE session: RealLevelOne (May 19, 2017, 12:16:37 PM)
[2017.05.20-00.16.37:839][356]LogPlayLevel: Creating play world package: /Game/2DSideScrollerCPP/Maps/UEDPIE_0_RealLevelOne
[2017.05.20-00.16.37:843][356]LogPlayLevel: PIE: StaticDuplicateObject took: (0.004152s)
[2017.05.20-00.16.37:843][356]LogAIModule: Creating AISystem for world RealLevelOne
[2017.05.20-00.16.37:844][356]LogPlayLevel: PIE: World Init took: (0.000946s)
[2017.05.20-00.16.37:844][356]LogPlayLevel: PIE: Created PIE world by copying editor world from /Game/2DSideScrollerCPP/Maps/RealLevelOne.RealLevelOne to /Game/2DSideScrollerCPP/Maps/UEDPIE_0_RealLevelOne.RealLevelOne (0.005428s)
[2017.05.20-00.16.37:887][356]LogParticles: Destroying 0 GPU particle simulations for FXSystem 0x0000027FAD0CA840
[2017.05.20-00.16.37:889][356]LogParticles: Destroying 0 GPU particle simulations for FXSystem 0x0000027FAD0CB920
[2017.05.20-00.16.37:895][356]LogParticles: Destroying 0 GPU particle simulations for FXSystem 0x0000027FFC02A2A0
[2017.05.20-00.16.37:895][356]LogInit: XAudio2 using 'Speakers / Headphones (Realtek High Definition Audio)' : 2 channels at 48 kHz using 32 bits per sample (channel mask 0x3)
[2017.05.20-00.16.37:911][356]LogInit: FAudioDevice initialized.
[2017.05.20-00.16.37:954][356]LogWorld: Game class is 'CompSciAppGameMode'
[2017.05.20-00.16.37:959][356]LogWorld: Bringing World /Game/2DSideScrollerCPP/Maps/UEDPIE_0_RealLevelOne.RealLevelOne up for play (max tick rate 60) at 2017.05.19-18.16.37
[2017.05.20-00.16.37:959][356]LogActor:Warning: GameSession /Game/2DSideScrollerCPP/Maps/UEDPIE_0_RealLevelOne.RealLevelOne:PersistentLevel.GameSession_1 has natively added scene component(s), but none of them were set as the actor's RootComponent - picking one arbitrarily
[2017.05.20-00.16.37:960][356]LogActor:Warning: GameNetworkManager /Game/2DSideScrollerCPP/Maps/UEDPIE_0_RealLevelOne.RealLevelOne:PersistentLevel.GameNetworkManager_1 has natively added scene component(s), but none of them were set as the actor's RootComponent - picking one arbitrarily
[2017.05.20-00.16.37:960][356]LogWorld: Bringing up level for play took: 0.005466
[2017.05.20-00.16.37:962][356]PIE: Info Play in editor start time for /Game/2DSideScrollerCPP/Maps/UEDPIE_0_RealLevelOne 0.159
[2017.05.20-00.16.37:962][356]LogBlueprintUserMessages: Late PlayInEditor Detection: Level '/Game/2DSideScrollerCPP/Maps/RealLevelOne.RealLevelOne:PersistentLevel' has LevelScriptBlueprint '/Game/2DSideScrollerCPP/Maps/RealLevelOne.RealLevelOne:PersistentLevel.RealLevelOne' with GeneratedClass '/Game/2DSideScrollerCPP/Maps/RealLevelOne.RealLevelOne_C' with ClassGeneratedBy '/Game/2DSideScrollerCPP/Maps/RealLevelOne.RealLevelOne:PersistentLevel.RealLevelOne'
[2017.05.20-00.16.40:890][477]LogBlueprintUserMessages: Early EndPlayMap Detection: Level '/Game/2DSideScrollerCPP/Maps/RealLevelOne.RealLevelOne:PersistentLevel' has LevelScriptBlueprint '/Game/2DSideScrollerCPP/Maps/RealLevelOne.RealLevelOne:PersistentLevel.RealLevelOne' with GeneratedClass '/Game/2DSideScrollerCPP/Maps/RealLevelOne.RealLevelOne_C' with ClassGeneratedBy '/Game/2DSideScrollerCPP/Maps/RealLevelOne.RealLevelOne:PersistentLevel.RealLevelOne'
[2017.05.20-00.16.40:939][477]LogBlueprintUserMessages: Late EndPlayMap Detection: Level '/Game/2DSideScrollerCPP/Maps/RealLevelOne.RealLevelOne:PersistentLevel' has LevelScriptBlueprint '/Game/2DSideScrollerCPP/Maps/RealLevelOne.RealLevelOne:PersistentLevel.RealLevelOne' with GeneratedClass '/Game/2DSideScrollerCPP/Maps/RealLevelOne.RealLevelOne_C' with ClassGeneratedBy '/Game/2DSideScrollerCPP/Maps/RealLevelOne.RealLevelOne:PersistentLevel.RealLevelOne'
[2017.05.20-00.16.40:994][477]LogParticles: Destroying 0 GPU particle simulations for FXSystem 0x0000027FB48CBC40
[2017.05.20-00.16.53:747][149]LogSlate:Warning: Prevented a slow task dialog from being summoned while a context menu was open
[2017.05.20-00.16.59:168][411]BlueprintLog: New page: Compile RealLevelOne
[2017.05.20-00.16.59:278][411]BlueprintEditorCompileResults: Info [1405.92] Compile of RealLevelOne successful! [in 109 ms]
[2017.05.20-00.17.19:340][335]LogSavePackage: Save=100.138557ms
[2017.05.20-00.17.19:340][335]LogSavePackage: Moving '../../../../../../Users/Jacob/Documents/GitHub/CompSciApp/CompSciApp/Saved/RealLevelOne529290E0494409C7D9A7E5BAC29E6F4D.tmp' to '../../../../../../Users/Jacob/Documents/GitHub/CompSciApp/CompSciApp/Content/2DSideScrollerCPP/Maps/RealLevelOne.umap'
[2017.05.20-00.17.19:344][335]LogSavePackage: Total save time: 105.708752ms
[2017.05.20-00.17.19:344][335]LogSavePackage:Warning: Finished SavePackage ../../../../../../Users/Jacob/Documents/GitHub/CompSciApp/CompSciApp/Content/2DSideScrollerCPP/Maps/RealLevelOne.umap
[2017.05.20-00.17.19:416][335]LogFileHelpers: Saving map 'RealLevelOne' took 0.311
[2017.05.20-00.17.24:102][545]LogParticles: Destroying 0 GPU particle simulations for FXSystem 0x0000027FFC0BA520
[2017.05.20-00.17.24:104][545]LogWindowsTextInputMethodSystem:Display: IME system now deactivated.
[2017.05.20-00.17.24:105][545]LogWindowsTextInputMethodSystem:Display: IME system now deactivated.
[2017.05.20-00.17.24:692][546]Cmd: QUIT_EDITOR
[2017.05.20-00.17.25:427][546]LogExit: Preparing to exit.
[2017.05.20-00.17.26:035][546]LogExit: Editor shut down
[2017.05.20-00.17.26:036][546]LogExit: Transaction tracking system shut down
[2017.05.20-00.17.26:037][546]LogParticles: Destroying 0 GPU particle simulations for FXSystem 0x0000027FEDF94220
[2017.05.20-00.17.26:037][546]LogParticles: Destroying 0 GPU particle simulations for FXSystem 0x0000027FEEF6EDE0
[2017.05.20-00.17.26:037][546]LogParticles: Destroying 0 GPU particle simulations for FXSystem 0x0000027FEEF6E8E0
[2017.05.20-00.17.26:044][546]LogParticles: Destroying 0 GPU particle simulations for FXSystem 0x0000027FA8DBEFC0
[2017.05.20-00.17.26:272][546]LogExit: Object subsystem successfully closed.
[2017.05.20-00.17.26:292][546]LogD3D11RHI: Shutdown
[2017.05.20-00.17.26:292][546]LogD3D11RHI: CleanupD3DDevice
[2017.05.20-00.17.26:395][546]LogD3D11RHI: ~FD3D11DynamicRHI
[2017.05.20-00.17.26:419][546]LogModuleManager: Shutting down and abandoning module SceneOutliner (200)
[2017.05.20-00.17.26:419][546]LogModuleManager: Shutting down and abandoning module SequencerWidgets (199)
[2017.05.20-00.17.26:419][546]LogModuleManager: Shutting down and abandoning module BlueprintGraph (198)
[2017.05.20-00.17.26:419][546]LogModuleManager: Shutting down and abandoning module CrashTracker (197)
[2017.05.20-00.17.26:419][546]LogModuleManager: Shutting down and abandoning module SuperSearch (196)
[2017.05.20-00.17.26:419][546]LogModuleManager: Shutting down and abandoning module WidgetCarousel (195)
[2017.05.20-00.17.26:419][546]LogModuleManager: Shutting down and abandoning module AddContentDialog (194)
[2017.05.20-00.17.26:421][546]LogModuleManager: Shutting down and abandoning module EditorWidgets (193)
[2017.05.20-00.17.26:421][546]LogModuleManager: Shutting down and abandoning module CollectionManager (192)
[2017.05.20-00.17.26:421][546]LogModuleManager: Shutting down and abandoning module StatsViewer (191)
[2017.05.20-00.17.26:421][546]LogModuleManager: Shutting down and abandoning module FoliageEdit (190)
[2017.05.20-00.17.26:421][546]LogModuleManager: Shutting down and abandoning module LandscapeEditor (189)
[2017.05.20-00.17.26:421][546]LogModuleManager: Shutting down and abandoning module ActorPickerMode (188)
[2017.05.20-00.17.26:421][546]LogModuleManager: Shutting down and abandoning module GeometryMode (187)
[2017.05.20-00.17.26:421][546]LogModuleManager: Shutting down and abandoning module TextureAlignMode (186)
[2017.05.20-00.17.26:421][546]LogModuleManager: Shutting down and abandoning module BspMode (185)
[2017.05.20-00.17.26:421][546]LogModuleManager: Shutting down and abandoning module PlacementMode (184)
[2017.05.20-00.17.26:421][546]LogModuleManager: Shutting down and abandoning module AutomationWorker (183)
[2017.05.20-00.17.26:421][546]LogModuleManager: Shutting down and abandoning module CharacterAI (182)
[2017.05.20-00.17.26:421][546]LogModuleManager: Shutting down and abandoning module SmartSnapping (181)
[2017.05.20-00.17.26:421][546]LogModuleManager: Shutting down and abandoning module ViewportSnapping (180)
[2017.05.20-00.17.26:421][546]LogModuleManager: Shutting down and abandoning module LogVisualizer (179)
[2017.05.20-00.17.26:421][546]LogModuleManager: Shutting down and abandoning module GameProjectGeneration (178)
[2017.05.20-00.17.26:421][546]LogModuleManager: Shutting down and abandoning module IntroTutorials (177)
[2017.05.20-00.17.26:421][546]LogModuleManager: Shutting down and abandoning module EditorLiveStreaming (176)
[2017.05.20-00.17.26:421][546]LogModuleManager: Shutting down and abandoning module IOSPlatformEditor (175)
[2017.05.20-00.17.26:422][546]LogModuleManager: Shutting down and abandoning module HTML5PlatformEditor (174)
[2017.05.20-00.17.26:422][546]LogModuleManager: Shutting down and abandoning module AndroidDeviceDetection (173)
[2017.05.20-00.17.26:992][546]LogModuleManager: Shutting down and abandoning module AndroidPlatformEditor (172)
[2017.05.20-00.17.26:992][546]LogModuleManager: Shutting down and abandoning module IOSRuntimeSettings (171)
[2017.05.20-00.17.26:992][546]LogModuleManager: Shutting down and abandoning module AndroidRuntimeSettings (170)
[2017.05.20-00.17.26:992][546]LogModuleManager: Shutting down and abandoning module MergeActors (169)
[2017.05.20-00.17.26:992][546]LogModuleManager: Shutting down and abandoning module SizeMap (168)
[2017.05.20-00.17.26:992][546]LogModuleManager: Shutting down and abandoning module TreeMap (167)
[2017.05.20-00.17.26:992][546]LogModuleManager: Shutting down and abandoning module ReferenceViewer (166)
[2017.05.20-00.17.26:992][546]LogModuleManager: Shutting down and abandoning module LocalizationService (165)
[2017.05.20-00.17.26:992][546]LogModuleManager: Shutting down and abandoning module LocalizationDashboard (164)
[2017.05.20-00.17.26:992][546]LogModuleManager: Shutting down and abandoning module HardwareTargeting (163)
[2017.05.20-00.17.26:992][546]LogModuleManager: Shutting down and abandoning module DeviceProfileEditor (162)
[2017.05.20-00.17.26:992][546]LogModuleManager: Shutting down and abandoning module UndoHistory (161)
[2017.05.20-00.17.26:992][546]LogModuleManager: Shutting down and abandoning module GameplayTagsEditor (160)
[2017.05.20-00.17.26:992][546]LogModuleManager: Shutting down and abandoning module UserFeedback (159)
[2017.05.20-00.17.26:992][546]LogModuleManager: Shutting down and abandoning module XmlParser (158)
[2017.05.20-00.17.26:992][546]LogModuleManager: Shutting down and abandoning module Blutility (157)
[2017.05.20-00.17.26:992][546]LogModuleManager: Shutting down and abandoning module ProjectTargetPlatformEditor (156)
[2017.05.20-00.17.26:993][546]LogModuleManager: Shutting down and abandoning module ProjectSettingsViewer (155)
[2017.05.20-00.17.26:993][546]LogModuleManager: Shutting down and abandoning module InputBindingEditor (154)
[2017.05.20-00.17.26:993][546]LogModuleManager: Shutting down and abandoning module EditorSettingsViewer (153)
[2017.05.20-00.17.26:993][546]LogModuleManager: Shutting down and abandoning module SettingsEditor (152)
[2017.05.20-00.17.26:993][546]LogModuleManager: Shutting down and abandoning module ProjectLauncher (151)
[2017.05.20-00.17.26:993][546]LogModuleManager: Shutting down and abandoning module SessionFrontend (150)
[2017.05.20-00.17.26:993][546]LogModuleManager: Shutting down and abandoning module ProfilerClient (149)
[2017.05.20-00.17.26:993][546]LogModuleManager: Shutting down and abandoning module TargetDeviceServices (148)
[2017.05.20-00.17.26:993][546]LogModuleManager: Shutting down and abandoning module DeviceManager (147)
[2017.05.20-00.17.26:993][546]LogModuleManager: Shutting down and abandoning module AutomationController (146)
[2017.05.20-00.17.26:993][546]LogModuleManager: Shutting down and abandoning module AutomationWindow (145)
[2017.05.20-00.17.26:994][546]LogModuleManager: Shutting down and abandoning module Layers (144)
[2017.05.20-00.17.26:994][546]LogModuleManager: Shutting down and abandoning module ComponentVisualizers (143)
[2017.05.20-00.17.26:994][546]LogModuleManager: Shutting down and abandoning module DetailCustomizations (142)
[2017.05.20-00.17.26:994][546]LogModuleManager: Shutting down and abandoning module PackagesDialog (141)
[2017.05.20-00.17.26:994][546]LogModuleManager: Shutting down and abandoning module Persona (140)
[2017.05.20-00.17.26:994][546]LogModuleManager: Shutting down and abandoning module Kismet (139)
[2017.05.20-00.17.26:994][546]LogModuleManager: Shutting down and abandoning module GraphEditor (138)
[2017.05.20-00.17.26:994][546]LogModuleManager: Shutting down and abandoning module ClassViewer (137)
[2017.05.20-00.17.26:996][546]LogModuleManager: Shutting down and abandoning module Toolbox (136)
[2017.05.20-00.17.26:996][546]LogModuleManager: Shutting down and abandoning module ModuleUI (135)
[2017.05.20-00.17.26:996][546]LogModuleManager: Shutting down and abandoning module MovieSceneTools (134)
[2017.05.20-00.17.26:996][546]LogModuleManager: Shutting down and abandoning module OutputLog (133)
[2017.05.20-00.17.26:996][546]LogModuleManager: Shutting down and abandoning module GammaUI (132)
[2017.05.20-00.17.26:996][546]LogModuleManager: Shutting down and abandoning module Documentation (131)
[2017.05.20-00.17.26:996][546]LogModuleManager: Shutting down and abandoning module GameLiveStreaming (130)
[2017.05.20-00.17.26:996][546]LogModuleManager: Shutting down and abandoning module StreamingPauseRendering (129)
[2017.05.20-00.17.26:996][546]LogModuleManager: Shutting down and abandoning module AnalyticsET (128)
[2017.05.20-00.17.26:996][546]LogModuleManager: Shutting down and abandoning module Analytics (127)
[2017.05.20-00.17.26:996][546]LogModuleManager: Shutting down and abandoning module AITestSuite (126)
[2017.05.20-00.17.26:996][546]LogModuleManager: Shutting down and abandoning module GameplayDebugger (125)
[2017.05.20-00.17.26:996][546]LogModuleManager: Shutting down and abandoning module AIModule (124)
[2017.05.20-00.17.26:996][546]LogModuleManager: Shutting down and abandoning module ProfilerService (123)
[2017.05.20-00.17.27:004][546]LogModuleManager: Shutting down and abandoning module TaskGraph (122)
[2017.05.20-00.17.27:004][546]LogModuleManager: Shutting down and abandoning module SlateRemote (121)
[2017.05.20-00.17.27:004][546]LogModuleManager: Shutting down and abandoning module SteamVRController (120)
[2017.05.20-00.17.27:004][546]LogModuleManager: Shutting down and abandoning module SteamVR (119)
[2017.05.20-00.17.27:004][546]LogModuleManager: Shutting down and abandoning module ProceduralMeshComponent (118)
[2017.05.20-00.17.27:004][546]LogModuleManager: Shutting down and abandoning module OculusRift (117)
[2017.05.20-00.17.27:004][546]LogModuleManager: Shutting down and abandoning module OculusLibrary (116)
[2017.05.20-00.17.27:004][546]LogModuleManager: Shutting down and abandoning module LeapMotionController (115)
[2017.05.20-00.17.27:038][546]LogModuleManager: Shutting down and abandoning module CustomMeshComponent (114)
[2017.05.20-00.17.27:038][546]LogModuleManager: Shutting down and abandoning module CableComponent (113)
[2017.05.20-00.17.27:038][546]LogModuleManager: Shutting down and abandoning module ArchVisCharacter (112)
[2017.05.20-00.17.27:038][546]LogModuleManager: Shutting down and abandoning module MessagingDebugger (111)
[2017.05.20-00.17.27:038][546]LogModuleManager: Shutting down and abandoning module MediaPlayerEditor (110)
[2017.05.20-00.17.27:038][546]LogModuleManager: Shutting down and abandoning module HTML5Networking (109)
[2017.05.20-00.17.27:038][546]LogModuleManager: Shutting down and abandoning module SpeedTreeImporter (108)
[2017.05.20-00.17.27:038][546]LogModuleManager: Shutting down and abandoning module PluginBrowser (107)
[2017.05.20-00.17.27:038][546]LogModuleManager: Shutting down and abandoning module EpicSurvey (106)
[2017.05.20-00.17.27:038][546]LogModuleManager: Shutting down and abandoning module DesktopPlatform (105)
[2017.05.20-00.17.27:038][546]LogModuleManager: Shutting down and abandoning module VisualStudioSourceCodeAccess (104)
[2017.05.20-00.17.27:038][546]LogModuleManager: Shutting down and abandoning module UObjectPlugin (103)
[2017.05.20-00.17.27:038][546]LogModuleManager: Shutting down and abandoning module SubversionSourceControl (102)
[2017.05.20-00.17.27:038][546]LogModuleManager: Shutting down and abandoning module PerforceSourceControl (101)
[2017.05.20-00.17.27:038][546]LogModuleManager: Shutting down and abandoning module SourceControl (100)
[2017.05.20-00.17.27:038][546]LogModuleManager: Shutting down and abandoning module GitSourceControl (99)
[2017.05.20-00.17.27:038][546]LogModuleManager: Shutting down and abandoning module LightPropagationVolumeEditor (98)
[2017.05.20-00.17.27:038][546]LogModuleManager: Shutting down and abandoning module PaperTiledImporter (97)
[2017.05.20-00.17.27:038][546]LogModuleManager: Shutting down and abandoning module PaperSpriteSheetImporter (96)
[2017.05.20-00.17.27:038][546]LogModuleManager: Shutting down and abandoning module MeshPaint (95)
[2017.05.20-00.17.27:039][546]LogModuleManager: Shutting down and abandoning module SlateReflector (94)
[2017.05.20-00.17.27:039][546]LogModuleManager: Shutting down and abandoning module HotReload (93)
[2017.05.20-00.17.27:039][546]LogModuleManager: Shutting down and abandoning module MainFrame (92)
[2017.05.20-00.17.27:039][546]LogModuleManager: Shutting down and abandoning module LevelEditor (91)
[2017.05.20-00.17.27:040][546]LogModuleManager: Shutting down and abandoning module DirectoryWatcher (90)
[2017.05.20-00.17.27:041][546]LogModuleManager: Shutting down and abandoning module AssetRegistry (89)
[2017.05.20-00.17.27:156][546]LogModuleManager: Shutting down and abandoning module ContentBrowser (88)
[2017.05.20-00.17.27:157][546]LogModuleManager: Shutting down and abandoning module Paper2DEditor (87)
[2017.05.20-00.17.27:157][546]LogModuleManager: Shutting down and abandoning module CompSciApp (86)
[2017.05.20-00.17.27:157][546]LogModuleManager: Shutting down and abandoning module UdpMessaging (85)
[2017.05.20-00.17.27:258][546]LogModuleManager: Shutting down and abandoning module LightPropagationVolumeRuntime (84)
[2017.05.20-00.17.27:258][546]LogModuleManager: Shutting down and abandoning module Paper2D (83)
[2017.05.20-00.17.27:258][546]LogModuleManager: Shutting down and abandoning module WindowsMoviePlayer (82)
[2017.05.20-00.17.27:262][546]LogModuleManager: Shutting down and abandoning module Media (81)
[2017.05.20-00.17.27:262][546]LogModuleManager: Shutting down and abandoning module WmfMedia (80)
[2017.05.20-00.17.27:262][546]LogModuleManager: Shutting down and abandoning module OnlineBlueprintSupport (79)
[2017.05.20-00.17.27:262][546]LogModuleManager: Shutting down and abandoning module GameplayTasksEditor (78)
[2017.05.20-00.17.27:262][546]LogModuleManager: Shutting down and abandoning module PropertyEditor (77)
[2017.05.20-00.17.27:262][546]LogModuleManager: Shutting down and abandoning module BehaviorTreeEditor (76)
[2017.05.20-00.17.27:262][546]LogModuleManager: Shutting down and abandoning module FunctionalTesting (75)
[2017.05.20-00.17.27:263][546]LogModuleManager: Shutting down and abandoning module CollisionAnalyzer (74)
[2017.05.20-00.17.27:263][546]LogModuleManager: Shutting down and abandoning module WorkspaceMenuStructure (73)
[2017.05.20-00.17.27:263][546]LogModuleManager: Shutting down and abandoning module MessageLog (72)
[2017.05.20-00.17.27:263][546]LogModuleManager: Shutting down and abandoning module Sequencer (71)
[2017.05.20-00.17.27:263][546]LogModuleManager: Shutting down and abandoning module AssetTools (70)
[2017.05.20-00.17.27:263][546]LogModuleManager: Shutting down and abandoning module UMGEditor (69)
[2017.05.20-00.17.27:263][546]LogModuleManager: Shutting down and abandoning module UMG (68)
[2017.05.20-00.17.27:263][546]LogModuleManager: Shutting down and abandoning module Slate (67)
[2017.05.20-00.17.27:263][546]LogModuleManager: Shutting down and abandoning module EditorStyle (66)
[2017.05.20-00.17.27:265][546]LogModuleManager: Shutting down and abandoning module SessionServices (65)
[2017.05.20-00.17.27:265][546]LogModuleManager: Shutting down and abandoning module SourceCodeAccess (64)
[2017.05.20-00.17.27:265][546]LogModuleManager: Shutting down and abandoning module HeadMountedDisplay (63)
[2017.05.20-00.17.27:265][546]LogModuleManager: Shutting down and abandoning module XAudio2 (62)
[2017.05.20-00.17.27:265][546]LogModuleManager: Shutting down and abandoning module Networking (60)
[2017.05.20-00.17.27:265][546]LogModuleManager: Shutting down and abandoning module Core (59)
[2017.05.20-00.17.27:265][546]LogModuleManager: Shutting down and abandoning module KismetCompiler (58)
[2017.05.20-00.17.27:265][546]LogModuleManager: Shutting down and abandoning module PhysXFormats (57)
[2017.05.20-00.17.27:265][546]LogModuleManager: Shutting down and abandoning module MeshUtilities (56)
[2017.05.20-00.17.27:265][546]LogModuleManager: Shutting down and abandoning module CookingStats (55)
[2017.05.20-00.17.27:266][546]LogModuleManager: Shutting down and abandoning module DerivedDataCache (54)
[2017.05.20-00.17.27:304][546]LogDerivedDataCache: Shutdown
[2017.05.20-00.17.27:304][546]LogModuleManager: Shutting down and abandoning module ShaderFormatOpenGL (53)
[2017.05.20-00.17.27:304][546]LogModuleManager: Shutting down and abandoning module ShaderFormatD3D (52)
[2017.05.20-00.17.27:304][546]LogModuleManager: Shutting down and abandoning module MetalShaderFormat (51)
[2017.05.20-00.17.27:304][546]LogModuleManager: Shutting down and abandoning module TextureFormatUncompressed (50)
[2017.05.20-00.17.27:304][546]LogModuleManager: Shutting down and abandoning module TextureFormatPVR (49)
[2017.05.20-00.17.27:304][546]LogModuleManager: Shutting down and abandoning module TextureFormatIntelISPCTexComp (48)
[2017.05.20-00.17.27:304][546]LogModuleManager: Shutting down and abandoning module TextureFormatDXT (47)
[2017.05.20-00.17.27:304][546]LogModuleManager: Shutting down and abandoning module ImageWrapper (46)
[2017.05.20-00.17.27:304][546]LogModuleManager: Shutting down and abandoning module TextureFormatASTC (45)
[2017.05.20-00.17.27:304][546]LogModuleManager: Shutting down and abandoning module TextureFormatAndroid (44)
[2017.05.20-00.17.27:304][546]LogModuleManager: Shutting down and abandoning module AudioFormatOpus (43)
[2017.05.20-00.17.27:304][546]LogModuleManager: Shutting down and abandoning module AudioFormatOgg (42)
[2017.05.20-00.17.27:304][546]LogModuleManager: Shutting down and abandoning module AudioFormatADPCM (41)
[2017.05.20-00.17.27:304][546]LogModuleManager: Shutting down and abandoning module LinuxTargetPlatform (40)
[2017.05.20-00.17.27:304][546]LogModuleManager: Shutting down and abandoning module LinuxServerTargetPlatform (39)
[2017.05.20-00.17.27:304][546]LogModuleManager: Shutting down and abandoning module LinuxNoEditorTargetPlatform (38)
[2017.05.20-00.17.27:304][546]LogModuleManager: Shutting down and abandoning module Messaging (37)
[2017.05.20-00.17.27:304][546]LogModuleManager: Shutting down and abandoning module IOSTargetPlatform (36)
[2017.05.20-00.17.27:304][546]LogModuleManager: Shutting down and abandoning module HTML5TargetPlatform (35)
[2017.05.20-00.17.27:304][546]LogModuleManager: Shutting down and abandoning module Android_PVRTCTargetPlatform (34)
[2017.05.20-00.17.27:304][546]LogModuleManager: Shutting down and abandoning module Android_ETC2TargetPlatform (33)
[2017.05.20-00.17.27:304][546]LogModuleManager: Shutting down and abandoning module Android_ETC1TargetPlatform (32)
[2017.05.20-00.17.27:304][546]LogModuleManager: Shutting down and abandoning module Android_DXTTargetPlatform (31)
[2017.05.20-00.17.27:304][546]LogModuleManager: Shutting down and abandoning module Android_ATCTargetPlatform (30)
[2017.05.20-00.17.27:304][546]LogModuleManager: Shutting down and abandoning module Android_ASTCTargetPlatform (29)
[2017.05.20-00.17.27:304][546]LogModuleManager: Shutting down and abandoning module AndroidTargetPlatform (28)
[2017.05.20-00.17.27:304][546]LogModuleManager: Shutting down and abandoning module WindowsTargetPlatform (27)
[2017.05.20-00.17.27:304][546]LogModuleManager: Shutting down and abandoning module WindowsServerTargetPlatform (26)
[2017.05.20-00.17.27:304][546]LogModuleManager: Shutting down and abandoning module WindowsNoEditorTargetPlatform (25)
[2017.05.20-00.17.27:304][546]LogModuleManager: Shutting down and abandoning module WindowsClientTargetPlatform (24)
[2017.05.20-00.17.27:304][546]LogModuleManager: Shutting down and abandoning module AllDesktopTargetPlatform (23)
[2017.05.20-00.17.27:304][546]LogModuleManager: Shutting down and abandoning module TargetPlatform (22)
[2017.05.20-00.17.27:304][546]LogModuleManager: Shutting down and abandoning module InputCore (21)
[2017.05.20-00.17.27:304][546]LogModuleManager: Shutting down and abandoning module Settings (20)
[2017.05.20-00.17.27:304][546]LogModuleManager: Shutting down and abandoning module OnlineSubsystem (18)
[2017.05.20-00.17.27:304][546]LogModuleManager: Shutting down and abandoning module HTTP (17)
[2017.05.20-00.17.28:305][546]LogModuleManager: Shutting down and abandoning module XMPP (16)
[2017.05.20-00.17.28:305][546]LogModuleManager: Shutting down and abandoning module ExampleDeviceProfileSelector (15)
[2017.05.20-00.17.28:305][546]LogModuleManager: Shutting down and abandoning module TextureCompressor (14)
[2017.05.20-00.17.28:306][546]LogModuleManager: Shutting down and abandoning module ShaderCore (13)
[2017.05.20-00.17.28:306][546]LogModuleManager: Shutting down and abandoning module Landscape (12)
[2017.05.20-00.17.28:306][546]LogModuleManager: Shutting down and abandoning module SlateRHIRenderer (11)
[2017.05.20-00.17.28:309][546]LogModuleManager: Shutting down and abandoning module OpenGLDrv (10)
[2017.05.20-00.17.28:309][546]LogModuleManager: Shutting down and abandoning module D3D11RHI (9)
[2017.05.20-00.17.28:309][546]LogModuleManager: Shutting down and abandoning module AnimGraphRuntime (8)
[2017.05.20-00.17.28:309][546]LogModuleManager: Shutting down and abandoning module Renderer (7)
[2017.05.20-00.17.28:309][546]LogModuleManager: Shutting down and abandoning module Engine (6)
[2017.05.20-00.17.28:309][546]LogModuleManager: Shutting down and abandoning module CoreUObject (5)
[2017.05.20-00.17.28:309][546]LogModuleManager: Shutting down and abandoning module NetworkFile (4)
[2017.05.20-00.17.28:309][546]LogModuleManager: Shutting down and abandoning module StreamingFile (3)
[2017.05.20-00.17.28:309][546]LogModuleManager: Shutting down and abandoning module SandboxFile (2)
[2017.05.20-00.17.28:309][546]LogModuleManager: Shutting down and abandoning module PakFile (1)
[2017.05.20-00.17.28:311][546]LogExit: Exiting.
[2017.05.20-00.17.28:334][546]Log file closed, 05/19/17 18:17:28
