[2017.05.19-22.59.08:037][  0]Log file open, 05/19/17 16:59:08
[2017.05.19-22.59.08:037][  0]LogInit:Display: Running engine for game: CompSciApp
[2017.05.19-22.59.08:037][  0]LogInit:Display: RandInit(1850949776) SRandInit(1850949776).
[2017.05.19-22.59.08:037][  0]LogTaskGraph: Started task graph with 4 named threads and 5 total threads.
[2017.05.19-22.59.08:037][  0]LogStats: Stats thread started at 0.076532
[2017.05.19-22.59.08:037][  0]LogInit: Version: 4.9.2-2707645+++depot+UE4-Releases+4.9
[2017.05.19-22.59.08:037][  0]LogInit: API Version: 2672455
[2017.05.19-22.59.08:037][  0]LogInit: Compiled (64-bit): Sep 28 2015 10:25:44
[2017.05.19-22.59.08:037][  0]LogInit: Compiled with Visual C++: 18.00.21005.01
[2017.05.19-22.59.08:037][  0]LogInit: Build Configuration: Development
[2017.05.19-22.59.08:037][  0]LogInit: Branch Name: ++depot+UE4-Releases+4.9
[2017.05.19-22.59.08:037][  0]LogInit: Command line: -EpicPortal 
[2017.05.19-22.59.08:037][  0]LogInit: Base directory: C:/Program Files/Epic Games/UE_4.9/Engine/Binaries/Win64/
[2017.05.19-22.59.08:037][  0]LogInit: Rocket: 1
[2017.05.19-22.59.08:050][  0]LogInit: Using libcurl 7.41.0
[2017.05.19-22.59.08:050][  0]LogInit:  - built for x86_64-pc-win32
[2017.05.19-22.59.08:050][  0]LogInit:  - supports SSL with WinSSL
[2017.05.19-22.59.08:050][  0]LogInit:  - other features:
[2017.05.19-22.59.08:050][  0]LogInit:      CURL_VERSION_SSL
[2017.05.19-22.59.08:050][  0]LogInit:      CURL_VERSION_IPV6
[2017.05.19-22.59.08:050][  0]LogInit:      CURL_VERSION_ASYNCHDNS
[2017.05.19-22.59.08:050][  0]LogInit:      CURL_VERSION_LARGEFILE
[2017.05.19-22.59.08:050][  0]LogInit:      CURL_VERSION_IDN
[2017.05.19-22.59.08:050][  0]LogInit:  CurlRequestOptions (configurable via config and command line):
[2017.05.19-22.59.08:050][  0]LogInit:  - bVerifyPeer = true  - Libcurl will verify peer certificate
[2017.05.19-22.59.08:050][  0]LogInit:  - bUseHttpProxy = false  - Libcurl will NOT use HTTP proxy
[2017.05.19-22.59.08:050][  0]LogInit:  - bDontReuseConnections = false  - Libcurl will reuse connections
[2017.05.19-22.59.08:050][  0]LogInit:  - CertBundlePath = nullptr  - Libcurl will use whatever was configured at build time.
[2017.05.19-22.59.08:058][  0]LogInit: Presizing for 0 objects not considered by GC, pre-allocating 0 bytes.
[2017.05.19-22.59.08:065][  0]LogInit: Object subsystem initialized
[2017.05.19-22.59.08:066][  0]LogInit: Selected Device Profile: [Windows]
[2017.05.19-22.59.08:066][  0]LogInit: Applying CVar settings loaded from the selected device profile: [Windows]
[2017.05.19-22.59.08:075][  0]LogInit: Computer: LAPTOP-CAFDGQ8I
[2017.05.19-22.59.08:075][  0]LogInit: User: ericn
[2017.05.19-22.59.08:075][  0]LogInit: CPU Page size=4096, Cores=2
[2017.05.19-22.59.08:075][  0]LogInit: High frequency timer resolution =2.531250 MHz
[2017.05.19-22.59.08:076][  0]LogMemory: Memory total: Physical=7.9GB (8GB approx)
[2017.05.19-22.59.08:076][  0]LogMemory: Platform Memory Stats for Windows
[2017.05.19-22.59.08:076][  0]LogMemory: Process Physical Memory: 54.32 MB used, 54.32 MB peak
[2017.05.19-22.59.08:076][  0]LogMemory: Process Virtual Memory: 55.21 MB used, 55.21 MB peak
[2017.05.19-22.59.08:076][  0]LogMemory: Physical Memory: 4189.84 MB used, 8056.07 MB total
[2017.05.19-22.59.08:076][  0]LogMemory: Virtual Memory: 369.00 MB used, 134217728.00 MB total
[2017.05.19-22.59.08:120][  0]LogTextLocalizationManager: No specific translations for ('en-US') exist, so ('en') translations will be used.
[2017.05.19-22.59.09:026][  0]LogD3D11RHI: Found D3D11 adapter 0: NVIDIA GeForce GTX 960M (Feature Level 11_0)
[2017.05.19-22.59.09:026][  0]LogD3D11RHI: Adapter has 2018MB of dedicated video memory, 0MB of dedicated system memory, and 4028MB of shared system memory, 1 output[s]
[2017.05.19-22.59.09:033][  0]LogD3D11RHI: Found D3D11 adapter 1: Intel(R) HD Graphics 520 (Feature Level 11_0)
[2017.05.19-22.59.09:033][  0]LogD3D11RHI: Adapter has 128MB of dedicated video memory, 0MB of dedicated system memory, and 4028MB of shared system memory, 0 output[s]
[2017.05.19-22.59.09:034][  0]LogD3D11RHI: Found D3D11 adapter 2: Microsoft Basic Render Driver (Feature Level 11_0)
[2017.05.19-22.59.09:035][  0]LogD3D11RHI: Adapter has 0MB of dedicated video memory, 0MB of dedicated system memory, and 4028MB of shared system memory, 0 output[s]
[2017.05.19-22.59.09:035][  0]LogD3D11RHI: Chosen D3D11 Adapter Id = 0
[2017.05.19-22.59.09:041][  0]LogD3D11RHI: !Direct3DDevice
[2017.05.19-22.59.09:041][  0]LogRHI: Texture pool is 1361 MB (70% of 1945 MB)
[2017.05.19-22.59.09:058][  0]LogD3D11RHI: Async texture creation enabled
[2017.05.19-22.59.09:070][  0]LogShaderCompilers: Guid format shader working directory is 15 characters bigger than the processId version (../../../../../../Users/ericn/OneDrive/Documents/GitHub/CompSciApp/CompSciApp/Intermediate/Shaders/WorkingDirectory/7228/).
[2017.05.19-22.59.09:070][  0]LogShaderCompilers: Cleaned the shader compiler working directory '../../../../../../Users/ericn/OneDrive/Documents/GitHub/CompSciApp/CompSciApp/Intermediate/Shaders/tmp/402BEF524E3D1639D6D7A2890247D3D1/'.
[2017.05.19-22.59.09:070][  0]LogShaderCompilers:Display: Using Local Shader Compiler.
[2017.05.19-22.59.10:359][  0]LogTemp:Display: Loaded TP AllDesktopTargetPlatform
[2017.05.19-22.59.10:365][  0]LogTemp:Display: Loaded TP WindowsClientTargetPlatform
[2017.05.19-22.59.10:372][  0]LogTemp:Display: Loaded TP WindowsNoEditorTargetPlatform
[2017.05.19-22.59.10:379][  0]LogTemp:Display: Loaded TP WindowsServerTargetPlatform
[2017.05.19-22.59.10:384][  0]LogTemp:Display: Loaded TP WindowsTargetPlatform
[2017.05.19-22.59.10:390][  0]LogTemp:Display: Loaded TP AndroidTargetPlatform
[2017.05.19-22.59.10:394][  0]LogTemp:Display: Loaded TP Android_ASTCTargetPlatform
[2017.05.19-22.59.10:398][  0]LogTemp:Display: Loaded TP Android_ATCTargetPlatform
[2017.05.19-22.59.10:403][  0]LogTemp:Display: Loaded TP Android_DXTTargetPlatform
[2017.05.19-22.59.10:408][  0]LogTemp:Display: Loaded TP Android_ETC1TargetPlatform
[2017.05.19-22.59.10:413][  0]LogTemp:Display: Loaded TP Android_ETC2TargetPlatform
[2017.05.19-22.59.10:416][  0]LogTemp:Display: Loaded TP Android_PVRTCTargetPlatform
[2017.05.19-22.59.10:418][  0]LogTemp:Display: Loaded TP HTML5TargetPlatform
[2017.05.19-22.59.10:436][  0]LogTemp:Display: Loaded TP IOSTargetPlatform
[2017.05.19-22.59.10:440][  0]LogTemp:Display: Loaded TP LinuxNoEditorTargetPlatform
[2017.05.19-22.59.10:444][  0]LogTemp:Display: Loaded TP LinuxServerTargetPlatform
[2017.05.19-22.59.10:448][  0]LogTemp:Display: Loaded TP LinuxTargetPlatform
[2017.05.19-22.59.10:448][  0]LogTargetPlatformManager:Display: Building Assets For Windows
[2017.05.19-22.59.10:543][  0]LogDerivedDataCache:Display: Max Cache Size: 512 MB
[2017.05.19-22.59.10:601][  0]LogDerivedDataCache: Loaded boot cache 0.06s 44MB C:/Users/ericn/AppData/Local/UnrealEngine/4.9/DerivedDataCache/Boot.ddc.
[2017.05.19-22.59.10:601][  0]LogDerivedDataCache:Display: Loaded Boot cache: C:/Users/ericn/AppData/Local/UnrealEngine/4.9/DerivedDataCache/Boot.ddc
[2017.05.19-22.59.10:601][  0]LogDerivedDataCache: FDerivedDataBackendGraph:  Pak pak cache file ../../../../../../Users/ericn/OneDrive/Documents/GitHub/CompSciApp/CompSciApp/DerivedDataCache/DDC.ddp not found, will not use a pak cache.
[2017.05.19-22.59.10:601][  0]LogDerivedDataCache: Unable to find inner node Pak for hierarchical cache Hierarchy.
[2017.05.19-22.59.10:601][  0]LogDerivedDataCache: FDerivedDataBackendGraph:  CompressedPak pak cache file ../../../../../../Users/ericn/OneDrive/Documents/GitHub/CompSciApp/CompSciApp/DerivedDataCache/Compressed.ddp not found, will not use a pak cache.
[2017.05.19-22.59.10:601][  0]LogDerivedDataCache: Unable to find inner node CompressedPak for hierarchical cache Hierarchy.
[2017.05.19-22.59.10:797][  0]LogDerivedDataCache:Display: Pak cache opened for reading ../../../Engine/DerivedDataCache/Compressed.ddp.
[2017.05.19-22.59.10:809][  0]LogDerivedDataCache: Using Local data cache path C:/Users/ericn/AppData/Local/UnrealEngine/Common/DerivedDataCache: Writable
[2017.05.19-22.59.11:047][  0]LogInit: Selected Device Profile: [Windows]
[2017.05.19-22.59.11:050][  0]LogContentStreaming: Texture pool size is 0.000000MB
[2017.05.19-22.59.11:242][  0]LogMeshUtilities: No automatic mesh reduction module available
[2017.05.19-22.59.11:242][  0]LogMeshUtilities: No automatic mesh merging module available
[2017.05.19-22.59.11:541][  0]LogInit: WinSock: version 1.1 (2.2), MaxSocks=32767, MaxUdp=65467
[2017.05.19-22.59.12:425][  0]UdpMessaging: Initializing bridge on interface 0.0.0.0:0 to multicast group 230.0.0.1:6666.
[2017.05.19-22.59.12:571][  0]LogAssetRegistry: FAssetRegistry took 0.0109 seconds to start up
[2017.05.19-22.59.12:816][  0]SourceControl: Info Source control is disabled
[2017.05.19-22.59.12:817][  0]SourceControl: Info Source control is disabled
[2017.05.19-22.59.12:833][  0]SourceControl: Info Source control is disabled
[2017.05.19-22.59.12:849][  0]SourceControl: Info Source control is disabled
[2017.05.19-22.59.13:062][  0]LogLinker:Warning: Asset '../../../Engine/Plugins/Runtime/LeapMotionController/Content/LM_PassthroughMaterial.uasset' has been saved with empty engine version. The asset will be loaded but may be incompatible.
[2017.05.19-22.59.13:283][  0]LogObj: 28487 objects as part of root set at end of initial load.
[2017.05.19-22.59.13:283][  0]LogUObjectAllocator: 6088816 out of 0 bytes used by permanent object pool.
[2017.05.19-22.59.13:380][  0]LogEngine: Initializing Engine...
[2017.05.19-22.59.13:390][  0]LogHMD: Can't find Oculus library dev build: is proper Runtime installed? Version: 0.7.0.0
[2017.05.19-22.59.13:391][  0]LogHMD: SteamVR failed to initialize.  Err: 110
[2017.05.19-22.59.13:609][  0]LogAIModule: Creating AISystem for world NewWorld
[2017.05.19-22.59.13:615][  0]LogInit: XAudio2 using 'Speakers (Conexant SmartAudio HD)' : 2 channels at 48 kHz using 32 bits per sample (channel mask 0x3)
[2017.05.19-22.59.13:701][  0]LogInit: FAudioDevice initialized.
[2017.05.19-22.59.13:729][  0]LogDerivedDataCache: Saved boot cache 0.03s 44MB C:/Users/ericn/AppData/Local/UnrealEngine/4.9/DerivedDataCache/Boot.ddc.
[2017.05.19-22.59.13:735][  0]LogInit: Texture streaming: Enabled
[2017.05.19-22.59.13:758][  0]LogAnalytics: Creating configured Analytics provider AnalyticsET
[2017.05.19-22.59.13:758][  0]LogAnalytics: [UEEditor.Rocket.Release] APIServer = http://et2.epicgames.com/ET2/. AppVersion = 4.9.2-2707645+++depot+UE4-Releases+4.9
[2017.05.19-22.59.13:758][  0]LogAnalytics: [UEEditor.Rocket.Release] SetUserId cd6bfa6044883b0d06de64be863c488d|81db3aebfd8c43b0b13c2e2363feaee1|eb334693-2a2a-4861-9755-6aac685e70fb
[2017.05.19-22.59.13:758][  0]LogAnalytics: [UEEditor.Rocket.Release] AnalyticsET::StartSession
[2017.05.19-22.59.13:863][  0]LogInit: Transaction tracking system initialized
[2017.05.19-22.59.13:958][  0]BlueprintLog: New page: Editor Load
[2017.05.19-22.59.14:674][  0]LocalizationService: Info Localization service is disabled
[2017.05.19-22.59.14:777][  0]LogConsoleResponse:Display: 
[2017.05.19-22.59.14:953][  0]LogCook:Display: Done creating registry. It took  0.00s.
[2017.05.19-22.59.15:033][  0]LogFileCache: Scanning file cache for directory 'C:/Users/ericn/OneDrive/Documents/GitHub/CompSciApp/CompSciApp/Content/' took 0.01s
[2017.05.19-22.59.15:033][  0]SourceControl: Info Source control is disabled
[2017.05.19-22.59.15:034][  0]Cmd: MAP LOAD FILE="../../../../../../Users/ericn/OneDrive/Documents/GitHub/CompSciApp/CompSciApp/Content/2DSideScrollerCPP/Maps/2DSideScrollerExampleMap.umap" TEMPLATE=0 SHOWPROGRESS=1 FEATURELEVEL=3
[2017.05.19-22.59.15:034][  0]LightingResults: New page: Lighting Build
[2017.05.19-22.59.15:038][  0]MapCheck: New page: Map Check
[2017.05.19-22.59.15:038][  0]LightingResults: New page: Lighting Build
[2017.05.19-22.59.15:063][  0]LogParticles: Destroying 0 GPU particle simulations for FXSystem 0x000001DA16B9AAC0
[2017.05.19-22.59.15:120][  0]LogAIModule: Creating AISystem for world 2DSideScrollerExampleMap
[2017.05.19-22.59.15:124][  0]LogEditorServer: Finished looking for orphan Actors (0.000 secs)
[2017.05.19-22.59.15:124][  0]Cmd: MAP CHECKDEP NOCLEARLOG
[2017.05.19-22.59.15:223][  0]MapCheck: Info Map check complete: 0 Error(s), 0 Warning(s), took 98.891ms to complete.
[2017.05.19-22.59.15:223][  0]LogFileHelpers: Loading map '2DSideScrollerExampleMap' took 0.190
[2017.05.19-22.59.15:415][  0]LogCollectionManager: Loaded 0 collections in 0.006219 seconds
[2017.05.19-22.59.15:465][  0]LogFileCache: Scanning file cache for directory 'C:/Users/ericn/OneDrive/Documents/GitHub/CompSciApp/CompSciApp/Saved/Collections/' took 0.01s
[2017.05.19-22.59.15:465][  0]LogFileCache: Scanning file cache for directory 'C:/Users/ericn/OneDrive/Documents/GitHub/CompSciApp/CompSciApp/Content/Developers/ericn/Collections/' took 0.01s
[2017.05.19-22.59.15:465][  0]LogFileCache: Scanning file cache for directory 'C:/Users/ericn/OneDrive/Documents/GitHub/CompSciApp/CompSciApp/Content/Collections/' took 0.01s
[2017.05.19-22.59.15:465][  0]LogContentBrowser: Native class hierarchy populated in 0.0131 seconds. Added 1869 classes and 335 folders.
[2017.05.19-22.59.15:499][  0]LogCollectionManager: Rebuilt the GUID cache for 0 collections in 0.000003 seconds
[2017.05.19-22.59.15:552][  0]LogContentBrowser: Native class hierarchy updated for 'WidgetCarousel' in 0.0041 seconds. Added 0 classes and 0 folders.
[2017.05.19-22.59.15:672][  0]LogContentBrowser: Native class hierarchy updated for 'AddContentDialog' in 0.0016 seconds. Added 0 classes and 0 folders.
[2017.05.19-22.59.15:693][  0]LogContentBrowser: Native class hierarchy updated for 'SceneOutliner' in 0.0016 seconds. Added 1 classes and 2 folders.
[2017.05.19-22.59.15:764][  0]LogCrashTracker: Crashtracker disabled due to settings.
[2017.05.19-22.59.15:822][  0]LogUObjectGlobals:Warning: Failed to find object 'Class None.'
[2017.05.19-22.59.15:862][  0]LogLoad: Full Startup: 8.89 seconds (BP compile: 0.00 seconds)
[2017.05.19-22.59.17:113][  0]LogContentStreaming: Texture pool size now 1000 MB
[2017.05.19-22.59.17:563][  1]LogRenderer: Reallocating scene render targets to support 808x372 (Frame:2).
[2017.05.19-22.59.18:537][  3]LogAssetRegistry: Asset discovery search completed in 5.9771 seconds
[2017.05.19-22.59.18:537][  3]LogCollectionManager: Rebuilt the object cache for 0 collections in 0.000001 seconds (found 0 objects)
[2017.05.19-22.59.18:537][  3]LogCollectionManager: Fixed up redirectors for 0 collections in 0.000028 seconds (updated 0 objects)
[2017.05.19-23.00.32:243][311]LogFactory: FactoryCreateBinary: Texture with ReimportTextureFactory (0 0 C:\Users\ericn\Desktop\Sprites\Astronaut idle.png)
[2017.05.19-23.00.32:245][311]LogTexture:Display: Building textures: Astronaut_idle (BGRA8)
[2017.05.19-23.00.49:490][ 99]LogFactory: FactoryCreateBinary: Texture with ReimportTextureFactory (0 0 C:\Users\ericn\Desktop\Sprites\Atronaut Walk.png)
[2017.05.19-23.00.49:494][ 99]LogTexture:Display: Building textures: Atronaut_Walk (BGRA8)
[2017.05.19-23.00.54:487][264]LogRenderer: Reallocating scene render targets to support 964x440 (Frame:1612).
[2017.05.19-23.01.40:971][935]LogSavePackage: Save=5.287506ms
[2017.05.19-23.01.40:971][935]LogSavePackage: Moving '../../../../../../Users/ericn/OneDrive/Documents/GitHub/CompSciApp/CompSciApp/Saved/Astronaut_Walk2BBC0CAB34BB91380D75DA685E08C3678.tmp' to '../../../../../../Users/ericn/OneDrive/Documents/GitHub/CompSciApp/CompSciApp/Content/2DSideScroller/Sprites/RunFrames/Astronaut_Walk2.uasset'
[2017.05.19-23.01.40:977][935]LogSavePackage: Total save time: 11.592694ms
[2017.05.19-23.01.40:977][935]LogSavePackage:Warning: Finished SavePackage ../../../../../../Users/ericn/OneDrive/Documents/GitHub/CompSciApp/CompSciApp/Content/2DSideScroller/Sprites/RunFrames/Astronaut_Walk2.uasset
[2017.05.19-23.02.22:757][399]LogEditorViewport: Clicking on Actor (LMB): CompSciAppCharacter (TP_2DSideScrollerCharacter)
[2017.05.19-23.02.56:361][923]LogParticles: Destroying 0 GPU particle simulations for FXSystem 0x000001DA359C1440
[2017.05.19-23.02.56:361][923]LogParticles: Destroying 0 GPU particle simulations for FXSystem 0x000001DA3537CD60
[2017.05.19-23.02.56:362][923]LogParticles: Destroying 0 GPU particle simulations for FXSystem 0x000001DA485DA020
[2017.05.19-23.02.56:362][923]LogParticles: Destroying 0 GPU particle simulations for FXSystem 0x000001DA485D9940
[2017.05.19-23.04.25:420][794]LogBlueprintUserMessages: Early PlayInEditor Detection: Level '/Game/2DSideScrollerCPP/Maps/2DSideScrollerExampleMap.2DSideScrollerExampleMap:PersistentLevel' has LevelScriptBlueprint '/Game/2DSideScrollerCPP/Maps/2DSideScrollerExampleMap.2DSideScrollerExampleMap:PersistentLevel.2DSideScrollerExampleMap' with GeneratedClass '/Game/2DSideScrollerCPP/Maps/2DSideScrollerExampleMap.2DSideScrollerExampleMap_C' with ClassGeneratedBy '/Game/2DSideScrollerCPP/Maps/2DSideScrollerExampleMap.2DSideScrollerExampleMap:PersistentLevel.2DSideScrollerExampleMap'
[2017.05.19-23.04.25:420][794]LogPlayLevel: PlayLevel: No blueprints needed recompiling
[2017.05.19-23.04.25:421][794]PIE: New page: PIE session: 2DSideScrollerExampleMap (May 19, 2017, 11:04:25 AM)
[2017.05.19-23.04.25:421][794]LogPlayLevel: Creating play world package: /Game/2DSideScrollerCPP/Maps/UEDPIE_0_2DSideScrollerExampleMap
[2017.05.19-23.04.25:424][794]LogPlayLevel: PIE: StaticDuplicateObject took: (0.003057s)
[2017.05.19-23.04.25:424][794]LogAIModule: Creating AISystem for world 2DSideScrollerExampleMap
[2017.05.19-23.04.25:425][794]LogPlayLevel: PIE: World Init took: (0.000828s)
[2017.05.19-23.04.25:425][794]LogPlayLevel: PIE: Created PIE world by copying editor world from /Game/2DSideScrollerCPP/Maps/2DSideScrollerExampleMap.2DSideScrollerExampleMap to /Game/2DSideScrollerCPP/Maps/UEDPIE_0_2DSideScrollerExampleMap.2DSideScrollerExampleMap (0.004120s)
[2017.05.19-23.04.25:471][794]LogInit: XAudio2 using 'Speakers (Conexant SmartAudio HD)' : 2 channels at 48 kHz using 32 bits per sample (channel mask 0x3)
[2017.05.19-23.04.25:495][794]LogInit: FAudioDevice initialized.
[2017.05.19-23.04.25:545][794]LogWorld: Game class is 'CompSciAppGameMode'
[2017.05.19-23.04.25:550][794]LogWorld: Bringing World /Game/2DSideScrollerCPP/Maps/UEDPIE_0_2DSideScrollerExampleMap.2DSideScrollerExampleMap up for play (max tick rate 60) at 2017.05.19-17.04.25
[2017.05.19-23.04.25:550][794]LogActor:Warning: GameSession /Game/2DSideScrollerCPP/Maps/UEDPIE_0_2DSideScrollerExampleMap.2DSideScrollerExampleMap:PersistentLevel.GameSession_0 has natively added scene component(s), but none of them were set as the actor's RootComponent - picking one arbitrarily
[2017.05.19-23.04.25:551][794]LogActor:Warning: GameNetworkManager /Game/2DSideScrollerCPP/Maps/UEDPIE_0_2DSideScrollerExampleMap.2DSideScrollerExampleMap:PersistentLevel.GameNetworkManager_0 has natively added scene component(s), but none of them were set as the actor's RootComponent - picking one arbitrarily
[2017.05.19-23.04.25:551][794]LogWorld: Bringing up level for play took: 0.004759
[2017.05.19-23.04.25:557][794]PIE: Info Play in editor start time for /Game/2DSideScrollerCPP/Maps/UEDPIE_0_2DSideScrollerExampleMap 0.797
[2017.05.19-23.04.25:557][794]LogBlueprintUserMessages: Late PlayInEditor Detection: Level '/Game/2DSideScrollerCPP/Maps/2DSideScrollerExampleMap.2DSideScrollerExampleMap:PersistentLevel' has LevelScriptBlueprint '/Game/2DSideScrollerCPP/Maps/2DSideScrollerExampleMap.2DSideScrollerExampleMap:PersistentLevel.2DSideScrollerExampleMap' with GeneratedClass '/Game/2DSideScrollerCPP/Maps/2DSideScrollerExampleMap.2DSideScrollerExampleMap_C' with ClassGeneratedBy '/Game/2DSideScrollerCPP/Maps/2DSideScrollerExampleMap.2DSideScrollerExampleMap:PersistentLevel.2DSideScrollerExampleMap'
[2017.05.19-23.04.27:546][907]LogBlueprintUserMessages: Early EndPlayMap Detection: Level '/Game/2DSideScrollerCPP/Maps/2DSideScrollerExampleMap.2DSideScrollerExampleMap:PersistentLevel' has LevelScriptBlueprint '/Game/2DSideScrollerCPP/Maps/2DSideScrollerExampleMap.2DSideScrollerExampleMap:PersistentLevel.2DSideScrollerExampleMap' with GeneratedClass '/Game/2DSideScrollerCPP/Maps/2DSideScrollerExampleMap.2DSideScrollerExampleMap_C' with ClassGeneratedBy '/Game/2DSideScrollerCPP/Maps/2DSideScrollerExampleMap.2DSideScrollerExampleMap:PersistentLevel.2DSideScrollerExampleMap'
[2017.05.19-23.04.27:674][907]LogBlueprintUserMessages: Late EndPlayMap Detection: Level '/Game/2DSideScrollerCPP/Maps/2DSideScrollerExampleMap.2DSideScrollerExampleMap:PersistentLevel' has LevelScriptBlueprint '/Game/2DSideScrollerCPP/Maps/2DSideScrollerExampleMap.2DSideScrollerExampleMap:PersistentLevel.2DSideScrollerExampleMap' with GeneratedClass '/Game/2DSideScrollerCPP/Maps/2DSideScrollerExampleMap.2DSideScrollerExampleMap_C' with ClassGeneratedBy '/Game/2DSideScrollerCPP/Maps/2DSideScrollerExampleMap.2DSideScrollerExampleMap:PersistentLevel.2DSideScrollerExampleMap'
[2017.05.19-23.04.27:691][907]LogParticles: Destroying 0 GPU particle simulations for FXSystem 0x000001DA381A9580
[2017.05.19-23.05.55:546][965]LogVSAccessor:Warning: Couldn't goto line number '1' in 'C:/Users/ericn/OneDrive/Documents/GitHub/CompSciApp/CompSciApp/Source/CompSciApp/CompSciAppCharacter.h'
[2017.05.19-23.07.11:528][437]LogWindows:Error: Windows GetLastError: The operation completed successfully. (0)
[2017.05.19-23.07.12:703][437]LogCrashTracker: 


[2017.05.19-23.07.12:704][437]LogCrashTracker: 


[2017.05.19-23.07.12:704][437]LogWindows: === Critical error: ===
Assertion failed: false [File:D:\BuildFarm\buildmachine_++depot+UE4-Releases+4.9\Engine\Source\Editor\UnrealEd\Private\EditorViewportClient.cpp] [Line: 807] 





[2017.05.19-23.07.12:918][437]LogExit: Executing StaticShutdownAfterError
[2017.05.19-23.07.12:923][437]LogPhysics:Warning: PHYSX: ..\..\PhysX\src\NpScene.cpp (2946) 8 : PxScene::unlockWrite() called without matching call to PxScene::lockWrite(), behaviour will be undefined.
[2017.05.19-23.07.12:923][437]LogPhysics:Warning: PHYSX: ..\..\PhysX\src\NpScene.cpp (2946) 8 : PxScene::unlockWrite() called without matching call to PxScene::lockWrite(), behaviour will be undefined.
[2017.05.19-23.07.12:923][437]LogWindows: FPlatformMisc::RequestExit(1)
[2017.05.19-23.07.12:923][437]Log file closed, 05/19/17 17:07:12
