<<<<<<< HEAD
﻿[2017.05.19-23.32.44:045][  0]Log file open, 05/19/17 17:32:44
[2017.05.19-23.32.44:045][  0]LogInit:Display: Running engine for game: CompSciApp
[2017.05.19-23.32.44:045][  0]LogInit:Display: RandInit(-1637957977) SRandInit(-1637957977).
[2017.05.19-23.32.44:045][  0]LogTaskGraph: Started task graph with 4 named threads and 5 total threads.
[2017.05.19-23.32.44:045][  0]LogStats: Stats thread started at 0.071959
[2017.05.19-23.32.44:045][  0]LogInit: Version: 4.9.2-2707645+++depot+UE4-Releases+4.9
[2017.05.19-23.32.44:045][  0]LogInit: API Version: 2672455
[2017.05.19-23.32.44:045][  0]LogInit: Compiled (64-bit): Sep 28 2015 10:25:44
[2017.05.19-23.32.44:045][  0]LogInit: Compiled with Visual C++: 18.00.21005.01
[2017.05.19-23.32.44:045][  0]LogInit: Build Configuration: Development
[2017.05.19-23.32.44:045][  0]LogInit: Branch Name: ++depot+UE4-Releases+4.9
[2017.05.19-23.32.44:045][  0]LogInit: Command line: -EpicPortal 
[2017.05.19-23.32.44:045][  0]LogInit: Base directory: C:/Program Files/Epic Games/UE_4.9/Engine/Binaries/Win64/
[2017.05.19-23.32.44:045][  0]LogInit: Rocket: 1
[2017.05.19-23.32.44:058][  0]LogInit: Using libcurl 7.41.0
[2017.05.19-23.32.44:058][  0]LogInit:  - built for x86_64-pc-win32
[2017.05.19-23.32.44:058][  0]LogInit:  - supports SSL with WinSSL
[2017.05.19-23.32.44:058][  0]LogInit:  - other features:
[2017.05.19-23.32.44:058][  0]LogInit:      CURL_VERSION_SSL
[2017.05.19-23.32.44:058][  0]LogInit:      CURL_VERSION_IPV6
[2017.05.19-23.32.44:058][  0]LogInit:      CURL_VERSION_ASYNCHDNS
[2017.05.19-23.32.44:058][  0]LogInit:      CURL_VERSION_LARGEFILE
[2017.05.19-23.32.44:058][  0]LogInit:      CURL_VERSION_IDN
[2017.05.19-23.32.44:058][  0]LogInit:  CurlRequestOptions (configurable via config and command line):
[2017.05.19-23.32.44:058][  0]LogInit:  - bVerifyPeer = true  - Libcurl will verify peer certificate
[2017.05.19-23.32.44:058][  0]LogInit:  - bUseHttpProxy = false  - Libcurl will NOT use HTTP proxy
[2017.05.19-23.32.44:058][  0]LogInit:  - bDontReuseConnections = false  - Libcurl will reuse connections
[2017.05.19-23.32.44:058][  0]LogInit:  - CertBundlePath = nullptr  - Libcurl will use whatever was configured at build time.
[2017.05.19-23.32.44:069][  0]LogInit: Presizing for 0 objects not considered by GC, pre-allocating 0 bytes.
[2017.05.19-23.32.44:079][  0]LogInit: Object subsystem initialized
[2017.05.19-23.32.44:081][  0]LogInit: Selected Device Profile: [Windows]
[2017.05.19-23.32.44:081][  0]LogInit: Applying CVar settings loaded from the selected device profile: [Windows]
[2017.05.19-23.32.44:092][  0]LogInit: Computer: LAPTOP-CAFDGQ8I
[2017.05.19-23.32.44:092][  0]LogInit: User: ericn
[2017.05.19-23.32.44:092][  0]LogInit: CPU Page size=4096, Cores=2
[2017.05.19-23.32.44:092][  0]LogInit: High frequency timer resolution =2.531250 MHz
[2017.05.19-23.32.44:093][  0]LogMemory: Memory total: Physical=7.9GB (8GB approx)
[2017.05.19-23.32.44:093][  0]LogMemory: Platform Memory Stats for Windows
[2017.05.19-23.32.44:093][  0]LogMemory: Process Physical Memory: 54.40 MB used, 54.40 MB peak
[2017.05.19-23.32.44:093][  0]LogMemory: Process Virtual Memory: 55.20 MB used, 55.20 MB peak
[2017.05.19-23.32.44:093][  0]LogMemory: Physical Memory: 4394.20 MB used, 8056.07 MB total
[2017.05.19-23.32.44:093][  0]LogMemory: Virtual Memory: 369.00 MB used, 134217728.00 MB total
[2017.05.19-23.32.44:137][  0]LogTextLocalizationManager: No specific translations for ('en-US') exist, so ('en') translations will be used.
[2017.05.19-23.32.45:240][  0]LogD3D11RHI: Found D3D11 adapter 0: NVIDIA GeForce GTX 960M (Feature Level 11_0)
[2017.05.19-23.32.45:240][  0]LogD3D11RHI: Adapter has 2018MB of dedicated video memory, 0MB of dedicated system memory, and 4028MB of shared system memory, 1 output[s]
[2017.05.19-23.32.45:249][  0]LogD3D11RHI: Found D3D11 adapter 1: Intel(R) HD Graphics 520 (Feature Level 11_0)
[2017.05.19-23.32.45:249][  0]LogD3D11RHI: Adapter has 128MB of dedicated video memory, 0MB of dedicated system memory, and 4028MB of shared system memory, 0 output[s]
[2017.05.19-23.32.45:251][  0]LogD3D11RHI: Found D3D11 adapter 2: Microsoft Basic Render Driver (Feature Level 11_0)
[2017.05.19-23.32.45:251][  0]LogD3D11RHI: Adapter has 0MB of dedicated video memory, 0MB of dedicated system memory, and 4028MB of shared system memory, 0 output[s]
[2017.05.19-23.32.45:251][  0]LogD3D11RHI: Chosen D3D11 Adapter Id = 0
[2017.05.19-23.32.45:259][  0]LogD3D11RHI: !Direct3DDevice
[2017.05.19-23.32.45:259][  0]LogRHI: Texture pool is 1361 MB (70% of 1945 MB)
[2017.05.19-23.32.45:279][  0]LogD3D11RHI: Async texture creation enabled
[2017.05.19-23.32.45:294][  0]LogShaderCompilers: Guid format shader working directory is 14 characters bigger than the processId version (../../../../../../Users/ericn/OneDrive/Documents/GitHub/CompSciApp/CompSciApp/Intermediate/Shaders/WorkingDirectory/12920/).
[2017.05.19-23.32.45:294][  0]LogShaderCompilers: Cleaned the shader compiler working directory '../../../../../../Users/ericn/OneDrive/Documents/GitHub/CompSciApp/CompSciApp/Intermediate/Shaders/tmp/876451C44350D57270DE9D8755929613/'.
[2017.05.19-23.32.45:294][  0]LogShaderCompilers:Display: Using Local Shader Compiler.
[2017.05.19-23.32.46:557][  0]LogTemp:Display: Loaded TP AllDesktopTargetPlatform
[2017.05.19-23.32.46:563][  0]LogTemp:Display: Loaded TP WindowsClientTargetPlatform
[2017.05.19-23.32.46:569][  0]LogTemp:Display: Loaded TP WindowsNoEditorTargetPlatform
[2017.05.19-23.32.46:576][  0]LogTemp:Display: Loaded TP WindowsServerTargetPlatform
[2017.05.19-23.32.46:583][  0]LogTemp:Display: Loaded TP WindowsTargetPlatform
[2017.05.19-23.32.46:588][  0]LogTemp:Display: Loaded TP AndroidTargetPlatform
[2017.05.19-23.32.46:591][  0]LogTemp:Display: Loaded TP Android_ASTCTargetPlatform
[2017.05.19-23.32.46:596][  0]LogTemp:Display: Loaded TP Android_ATCTargetPlatform
[2017.05.19-23.32.46:600][  0]LogTemp:Display: Loaded TP Android_DXTTargetPlatform
[2017.05.19-23.32.46:604][  0]LogTemp:Display: Loaded TP Android_ETC1TargetPlatform
[2017.05.19-23.32.46:608][  0]LogTemp:Display: Loaded TP Android_ETC2TargetPlatform
[2017.05.19-23.32.46:613][  0]LogTemp:Display: Loaded TP Android_PVRTCTargetPlatform
[2017.05.19-23.32.46:615][  0]LogTemp:Display: Loaded TP HTML5TargetPlatform
[2017.05.19-23.32.46:632][  0]LogTemp:Display: Loaded TP IOSTargetPlatform
[2017.05.19-23.32.46:635][  0]LogTemp:Display: Loaded TP LinuxNoEditorTargetPlatform
[2017.05.19-23.32.46:639][  0]LogTemp:Display: Loaded TP LinuxServerTargetPlatform
[2017.05.19-23.32.46:643][  0]LogTemp:Display: Loaded TP LinuxTargetPlatform
[2017.05.19-23.32.46:643][  0]LogTargetPlatformManager:Display: Building Assets For Windows
[2017.05.19-23.32.46:738][  0]LogDerivedDataCache:Display: Max Cache Size: 512 MB
[2017.05.19-23.32.46:800][  0]LogDerivedDataCache: Loaded boot cache 0.06s 42MB C:/Users/ericn/AppData/Local/UnrealEngine/4.9/DerivedDataCache/Boot.ddc.
[2017.05.19-23.32.46:800][  0]LogDerivedDataCache:Display: Loaded Boot cache: C:/Users/ericn/AppData/Local/UnrealEngine/4.9/DerivedDataCache/Boot.ddc
[2017.05.19-23.32.46:800][  0]LogDerivedDataCache: FDerivedDataBackendGraph:  Pak pak cache file ../../../../../../Users/ericn/OneDrive/Documents/GitHub/CompSciApp/CompSciApp/DerivedDataCache/DDC.ddp not found, will not use a pak cache.
[2017.05.19-23.32.46:800][  0]LogDerivedDataCache: Unable to find inner node Pak for hierarchical cache Hierarchy.
[2017.05.19-23.32.46:800][  0]LogDerivedDataCache: FDerivedDataBackendGraph:  CompressedPak pak cache file ../../../../../../Users/ericn/OneDrive/Documents/GitHub/CompSciApp/CompSciApp/DerivedDataCache/Compressed.ddp not found, will not use a pak cache.
[2017.05.19-23.32.46:800][  0]LogDerivedDataCache: Unable to find inner node CompressedPak for hierarchical cache Hierarchy.
[2017.05.19-23.32.46:976][  0]LogDerivedDataCache:Display: Pak cache opened for reading ../../../Engine/DerivedDataCache/Compressed.ddp.
[2017.05.19-23.32.46:988][  0]LogDerivedDataCache: Using Local data cache path C:/Users/ericn/AppData/Local/UnrealEngine/Common/DerivedDataCache: Writable
[2017.05.19-23.32.47:198][  0]LogInit: Selected Device Profile: [Windows]
[2017.05.19-23.32.47:201][  0]LogContentStreaming: Texture pool size is 0.000000MB
[2017.05.19-23.32.47:387][  0]LogMeshUtilities: No automatic mesh reduction module available
[2017.05.19-23.32.47:387][  0]LogMeshUtilities: No automatic mesh merging module available
[2017.05.19-23.32.47:772][  0]LogInit: WinSock: version 1.1 (2.2), MaxSocks=32767, MaxUdp=65467
[2017.05.19-23.32.48:735][  0]UdpMessaging: Initializing bridge on interface 0.0.0.0:0 to multicast group 230.0.0.1:6666.
[2017.05.19-23.32.48:873][  0]LogAssetRegistry: FAssetRegistry took 0.0107 seconds to start up
[2017.05.19-23.32.49:121][  0]SourceControl: Info Source control is disabled
[2017.05.19-23.32.49:122][  0]SourceControl: Info Source control is disabled
[2017.05.19-23.32.49:137][  0]SourceControl: Info Source control is disabled
[2017.05.19-23.32.49:154][  0]SourceControl: Info Source control is disabled
[2017.05.19-23.32.49:351][  0]LogLinker:Warning: Asset '../../../Engine/Plugins/Runtime/LeapMotionController/Content/LM_PassthroughMaterial.uasset' has been saved with empty engine version. The asset will be loaded but may be incompatible.
[2017.05.19-23.32.49:457][  0]LogObj: 28430 objects as part of root set at end of initial load.
[2017.05.19-23.32.49:457][  0]LogUObjectAllocator: 6071520 out of 0 bytes used by permanent object pool.
[2017.05.19-23.32.49:532][  0]LogEngine: Initializing Engine...
[2017.05.19-23.32.49:536][  0]LogHMD: Can't find Oculus library dev build: is proper Runtime installed? Version: 0.7.0.0
[2017.05.19-23.32.49:537][  0]LogHMD: SteamVR failed to initialize.  Err: 110
[2017.05.19-23.32.49:715][  0]LogAIModule: Creating AISystem for world NewWorld
[2017.05.19-23.32.49:723][  0]LogInit: XAudio2 using 'Speakers (Conexant SmartAudio HD)' : 2 channels at 48 kHz using 32 bits per sample (channel mask 0x3)
[2017.05.19-23.32.49:826][  0]LogInit: FAudioDevice initialized.
[2017.05.19-23.32.49:858][  0]LogDerivedDataCache: Saved boot cache 0.03s 42MB C:/Users/ericn/AppData/Local/UnrealEngine/4.9/DerivedDataCache/Boot.ddc.
[2017.05.19-23.32.49:866][  0]LogInit: Texture streaming: Enabled
[2017.05.19-23.32.49:874][  0]LogAnalytics: Creating configured Analytics provider AnalyticsET
[2017.05.19-23.32.49:874][  0]LogAnalytics: [UEEditor.Rocket.Release] APIServer = http://et2.epicgames.com/ET2/. AppVersion = 4.9.2-2707645+++depot+UE4-Releases+4.9
[2017.05.19-23.32.49:875][  0]LogAnalytics: [UEEditor.Rocket.Release] SetUserId cd6bfa6044883b0d06de64be863c488d|81db3aebfd8c43b0b13c2e2363feaee1|eb334693-2a2a-4861-9755-6aac685e70fb
[2017.05.19-23.32.49:875][  0]LogAnalytics: [UEEditor.Rocket.Release] AnalyticsET::StartSession
[2017.05.19-23.32.49:897][  0]LogWindowsTextInputMethodSystem:Display: IME system now deactivated.
[2017.05.19-23.32.49:934][  0]LogInit: Transaction tracking system initialized
[2017.05.19-23.32.49:994][  0]BlueprintLog: New page: Editor Load
[2017.05.19-23.32.50:273][  0]LocalizationService: Info Localization service is disabled
[2017.05.19-23.32.50:658][  0]LogConsoleResponse:Display: 
[2017.05.19-23.32.50:862][  0]LogCook:Display: Done creating registry. It took  0.00s.
[2017.05.19-23.32.50:948][  0]LogFileCache: Scanning file cache for directory 'C:/Users/ericn/OneDrive/Documents/GitHub/CompSciApp/CompSciApp/Content/' took 0.01s
[2017.05.19-23.32.50:948][  0]SourceControl: Info Source control is disabled
[2017.05.19-23.32.50:949][  0]Cmd: MAP LOAD FILE="../../../../../../Users/ericn/OneDrive/Documents/GitHub/CompSciApp/CompSciApp/Content/2DSideScrollerCPP/Maps/2DSideScrollerExampleMap.umap" TEMPLATE=0 SHOWPROGRESS=1 FEATURELEVEL=3
[2017.05.19-23.32.50:949][  0]LightingResults: New page: Lighting Build
[2017.05.19-23.32.50:954][  0]MapCheck: New page: Map Check
[2017.05.19-23.32.50:954][  0]LightingResults: New page: Lighting Build
[2017.05.19-23.32.50:981][  0]LogParticles: Destroying 0 GPU particle simulations for FXSystem 0x0000016497894400
[2017.05.19-23.32.51:025][  0]LogAIModule: Creating AISystem for world 2DSideScrollerExampleMap
[2017.05.19-23.32.51:030][  0]LogEditorServer: Finished looking for orphan Actors (0.000 secs)
[2017.05.19-23.32.51:030][  0]Cmd: MAP CHECKDEP NOCLEARLOG
[2017.05.19-23.32.51:105][  0]MapCheck: Info Map check complete: 0 Error(s), 0 Warning(s), took 74.853ms to complete.
[2017.05.19-23.32.51:105][  0]LogFileHelpers: Loading map '2DSideScrollerExampleMap' took 0.157
[2017.05.19-23.32.51:276][  0]LogCollectionManager: Loaded 0 collections in 0.004211 seconds
[2017.05.19-23.32.51:324][  0]LogFileCache: Scanning file cache for directory 'C:/Users/ericn/OneDrive/Documents/GitHub/CompSciApp/CompSciApp/Saved/Collections/' took 0.01s
[2017.05.19-23.32.51:324][  0]LogFileCache: Scanning file cache for directory 'C:/Users/ericn/OneDrive/Documents/GitHub/CompSciApp/CompSciApp/Content/Developers/ericn/Collections/' took 0.01s
[2017.05.19-23.32.51:324][  0]LogFileCache: Scanning file cache for directory 'C:/Users/ericn/OneDrive/Documents/GitHub/CompSciApp/CompSciApp/Content/Collections/' took 0.01s
[2017.05.19-23.32.51:324][  0]LogContentBrowser: Native class hierarchy populated in 0.0121 seconds. Added 1869 classes and 335 folders.
[2017.05.19-23.32.51:338][  0]LogCollectionManager: Rebuilt the GUID cache for 0 collections in 0.000003 seconds
[2017.05.19-23.32.51:353][  0]LogContentBrowser: Native class hierarchy updated for 'WidgetCarousel' in 0.0018 seconds. Added 0 classes and 0 folders.
[2017.05.19-23.32.51:418][  0]LogContentBrowser: Native class hierarchy updated for 'AddContentDialog' in 0.0016 seconds. Added 0 classes and 0 folders.
[2017.05.19-23.32.51:429][  0]LogContentBrowser: Native class hierarchy updated for 'SceneOutliner' in 0.0015 seconds. Added 1 classes and 2 folders.
[2017.05.19-23.32.51:463][  0]LogCrashTracker: Crashtracker disabled due to settings.
[2017.05.19-23.32.51:469][  0]LogUObjectGlobals:Warning: Failed to find object 'Class None.'
[2017.05.19-23.32.51:491][  0]LogLoad: Full Startup: 9.30 seconds (BP compile: 0.00 seconds)
[2017.05.19-23.32.51:551][  0]LogContentStreaming: Texture pool size now 1000 MB
[2017.05.19-23.32.51:702][  1]LogRenderer: Reallocating scene render targets to support 816x376 (Frame:2).
[2017.05.19-23.32.51:964][  2]LogAssetRegistry: Asset discovery search completed in 3.1017 seconds
[2017.05.19-23.32.51:964][  2]LogCollectionManager: Rebuilt the object cache for 0 collections in 0.000001 seconds (found 0 objects)
[2017.05.19-23.32.51:964][  2]LogCollectionManager: Fixed up redirectors for 0 collections in 0.000029 seconds (updated 0 objects)
[2017.05.19-23.33.01:464][167]LogEditorViewport: Clicking on Actor (LMB): CompSciAppCharacter (TP_2DSideScrollerCharacter)
[2017.05.19-23.33.21:244][816]LogEditorViewport: Clicking on Actor (LMB): PaperSpriteActor (Background_Sprite)
[2017.05.19-23.33.22:153][907]LogEditorViewport: Clicking on Actor (LMB): CompSciAppCharacter (TP_2DSideScrollerCharacter)
[2017.05.19-23.33.26:830][370]LogBlueprintUserMessages: Early PlayInEditor Detection: Level '/Game/2DSideScrollerCPP/Maps/2DSideScrollerExampleMap.2DSideScrollerExampleMap:PersistentLevel' has LevelScriptBlueprint '/Game/2DSideScrollerCPP/Maps/2DSideScrollerExampleMap.2DSideScrollerExampleMap:PersistentLevel.2DSideScrollerExampleMap' with GeneratedClass '/Game/2DSideScrollerCPP/Maps/2DSideScrollerExampleMap.2DSideScrollerExampleMap_C' with ClassGeneratedBy '/Game/2DSideScrollerCPP/Maps/2DSideScrollerExampleMap.2DSideScrollerExampleMap:PersistentLevel.2DSideScrollerExampleMap'
[2017.05.19-23.33.26:830][370]LogPlayLevel: PlayLevel: No blueprints needed recompiling
[2017.05.19-23.33.26:831][370]PIE: New page: PIE session: 2DSideScrollerExampleMap (May 19, 2017, 11:33:26 AM)
[2017.05.19-23.33.26:832][370]LogPlayLevel: Creating play world package: /Game/2DSideScrollerCPP/Maps/UEDPIE_0_2DSideScrollerExampleMap
[2017.05.19-23.33.26:835][370]LogPlayLevel: PIE: StaticDuplicateObject took: (0.003050s)
[2017.05.19-23.33.26:835][370]LogAIModule: Creating AISystem for world 2DSideScrollerExampleMap
[2017.05.19-23.33.26:836][370]LogPlayLevel: PIE: World Init took: (0.001013s)
[2017.05.19-23.33.26:836][370]LogPlayLevel: PIE: Created PIE world by copying editor world from /Game/2DSideScrollerCPP/Maps/2DSideScrollerExampleMap.2DSideScrollerExampleMap to /Game/2DSideScrollerCPP/Maps/UEDPIE_0_2DSideScrollerExampleMap.2DSideScrollerExampleMap (0.004364s)
[2017.05.19-23.33.26:881][370]LogInit: XAudio2 using 'Speakers (Conexant SmartAudio HD)' : 2 channels at 48 kHz using 32 bits per sample (channel mask 0x3)
[2017.05.19-23.33.26:904][370]LogInit: FAudioDevice initialized.
[2017.05.19-23.33.26:952][370]LogWorld: Game class is 'CompSciAppGameMode'
[2017.05.19-23.33.26:958][370]LogWorld: Bringing World /Game/2DSideScrollerCPP/Maps/UEDPIE_0_2DSideScrollerExampleMap.2DSideScrollerExampleMap up for play (max tick rate 0) at 2017.05.19-17.33.26
[2017.05.19-23.33.26:958][370]LogActor:Warning: GameSession /Game/2DSideScrollerCPP/Maps/UEDPIE_0_2DSideScrollerExampleMap.2DSideScrollerExampleMap:PersistentLevel.GameSession_0 has natively added scene component(s), but none of them were set as the actor's RootComponent - picking one arbitrarily
[2017.05.19-23.33.26:958][370]LogActor:Warning: GameNetworkManager /Game/2DSideScrollerCPP/Maps/UEDPIE_0_2DSideScrollerExampleMap.2DSideScrollerExampleMap:PersistentLevel.GameNetworkManager_0 has natively added scene component(s), but none of them were set as the actor's RootComponent - picking one arbitrarily
[2017.05.19-23.33.26:958][370]LogWorld: Bringing up level for play took: 0.005019
[2017.05.19-23.33.26:966][370]PIE: Info Play in editor start time for /Game/2DSideScrollerCPP/Maps/UEDPIE_0_2DSideScrollerExampleMap 0.206
[2017.05.19-23.33.26:966][370]LogBlueprintUserMessages: Late PlayInEditor Detection: Level '/Game/2DSideScrollerCPP/Maps/2DSideScrollerExampleMap.2DSideScrollerExampleMap:PersistentLevel' has LevelScriptBlueprint '/Game/2DSideScrollerCPP/Maps/2DSideScrollerExampleMap.2DSideScrollerExampleMap:PersistentLevel.2DSideScrollerExampleMap' with GeneratedClass '/Game/2DSideScrollerCPP/Maps/2DSideScrollerExampleMap.2DSideScrollerExampleMap_C' with ClassGeneratedBy '/Game/2DSideScrollerCPP/Maps/2DSideScrollerExampleMap.2DSideScrollerExampleMap:PersistentLevel.2DSideScrollerExampleMap'
[2017.05.19-23.33.36:026][321]LogBlueprintUserMessages: Early EndPlayMap Detection: Level '/Game/2DSideScrollerCPP/Maps/2DSideScrollerExampleMap.2DSideScrollerExampleMap:PersistentLevel' has LevelScriptBlueprint '/Game/2DSideScrollerCPP/Maps/2DSideScrollerExampleMap.2DSideScrollerExampleMap:PersistentLevel.2DSideScrollerExampleMap' with GeneratedClass '/Game/2DSideScrollerCPP/Maps/2DSideScrollerExampleMap.2DSideScrollerExampleMap_C' with ClassGeneratedBy '/Game/2DSideScrollerCPP/Maps/2DSideScrollerExampleMap.2DSideScrollerExampleMap:PersistentLevel.2DSideScrollerExampleMap'
[2017.05.19-23.33.36:180][321]LogBlueprintUserMessages: Late EndPlayMap Detection: Level '/Game/2DSideScrollerCPP/Maps/2DSideScrollerExampleMap.2DSideScrollerExampleMap:PersistentLevel' has LevelScriptBlueprint '/Game/2DSideScrollerCPP/Maps/2DSideScrollerExampleMap.2DSideScrollerExampleMap:PersistentLevel.2DSideScrollerExampleMap' with GeneratedClass '/Game/2DSideScrollerCPP/Maps/2DSideScrollerExampleMap.2DSideScrollerExampleMap_C' with ClassGeneratedBy '/Game/2DSideScrollerCPP/Maps/2DSideScrollerExampleMap.2DSideScrollerExampleMap:PersistentLevel.2DSideScrollerExampleMap'
[2017.05.19-23.33.36:203][321]LogParticles: Destroying 0 GPU particle simulations for FXSystem 0x00000164A4F17740
[2017.05.19-23.33.48:308][282]LogBlueprintUserMessages: Early PlayInEditor Detection: Level '/Game/2DSideScrollerCPP/Maps/2DSideScrollerExampleMap.2DSideScrollerExampleMap:PersistentLevel' has LevelScriptBlueprint '/Game/2DSideScrollerCPP/Maps/2DSideScrollerExampleMap.2DSideScrollerExampleMap:PersistentLevel.2DSideScrollerExampleMap' with GeneratedClass '/Game/2DSideScrollerCPP/Maps/2DSideScrollerExampleMap.2DSideScrollerExampleMap_C' with ClassGeneratedBy '/Game/2DSideScrollerCPP/Maps/2DSideScrollerExampleMap.2DSideScrollerExampleMap:PersistentLevel.2DSideScrollerExampleMap'
[2017.05.19-23.33.48:309][282]LogPlayLevel: PlayLevel: No blueprints needed recompiling
[2017.05.19-23.33.48:309][282]PIE: New page: PIE session: 2DSideScrollerExampleMap (May 19, 2017, 11:33:48 AM)
[2017.05.19-23.33.48:309][282]LogPlayLevel: Creating play world package: /Game/2DSideScrollerCPP/Maps/UEDPIE_0_2DSideScrollerExampleMap
[2017.05.19-23.33.48:315][282]LogPlayLevel: PIE: StaticDuplicateObject took: (0.005764s)
[2017.05.19-23.33.48:316][282]LogAIModule: Creating AISystem for world 2DSideScrollerExampleMap
[2017.05.19-23.33.48:316][282]LogPlayLevel: PIE: World Init took: (0.001384s)
[2017.05.19-23.33.48:317][282]LogPlayLevel: PIE: Created PIE world by copying editor world from /Game/2DSideScrollerCPP/Maps/2DSideScrollerExampleMap.2DSideScrollerExampleMap to /Game/2DSideScrollerCPP/Maps/UEDPIE_0_2DSideScrollerExampleMap.2DSideScrollerExampleMap (0.008362s)
[2017.05.19-23.33.48:342][282]LogParticles: Destroying 0 GPU particle simulations for FXSystem 0x00000164A6024B80
[2017.05.19-23.33.48:372][282]LogInit: XAudio2 using 'Speakers (Conexant SmartAudio HD)' : 2 channels at 48 kHz using 32 bits per sample (channel mask 0x3)
[2017.05.19-23.33.48:409][282]LogInit: FAudioDevice initialized.
[2017.05.19-23.33.48:451][282]LogWorld: Game class is 'CompSciAppGameMode'
[2017.05.19-23.33.48:458][282]LogWorld: Bringing World /Game/2DSideScrollerCPP/Maps/UEDPIE_0_2DSideScrollerExampleMap.2DSideScrollerExampleMap up for play (max tick rate 0) at 2017.05.19-17.33.48
[2017.05.19-23.33.48:458][282]LogActor:Warning: GameSession /Game/2DSideScrollerCPP/Maps/UEDPIE_0_2DSideScrollerExampleMap.2DSideScrollerExampleMap:PersistentLevel.GameSession_1 has natively added scene component(s), but none of them were set as the actor's RootComponent - picking one arbitrarily
[2017.05.19-23.33.48:458][282]LogActor:Warning: GameNetworkManager /Game/2DSideScrollerCPP/Maps/UEDPIE_0_2DSideScrollerExampleMap.2DSideScrollerExampleMap:PersistentLevel.GameNetworkManager_1 has natively added scene component(s), but none of them were set as the actor's RootComponent - picking one arbitrarily
[2017.05.19-23.33.48:458][282]LogWorld: Bringing up level for play took: 0.006428
[2017.05.19-23.33.48:461][282]PIE: Info Play in editor start time for /Game/2DSideScrollerCPP/Maps/UEDPIE_0_2DSideScrollerExampleMap -0.299
[2017.05.19-23.33.48:462][282]LogBlueprintUserMessages: Late PlayInEditor Detection: Level '/Game/2DSideScrollerCPP/Maps/2DSideScrollerExampleMap.2DSideScrollerExampleMap:PersistentLevel' has LevelScriptBlueprint '/Game/2DSideScrollerCPP/Maps/2DSideScrollerExampleMap.2DSideScrollerExampleMap:PersistentLevel.2DSideScrollerExampleMap' with GeneratedClass '/Game/2DSideScrollerCPP/Maps/2DSideScrollerExampleMap.2DSideScrollerExampleMap_C' with ClassGeneratedBy '/Game/2DSideScrollerCPP/Maps/2DSideScrollerExampleMap.2DSideScrollerExampleMap:PersistentLevel.2DSideScrollerExampleMap'
[2017.05.19-23.33.55:486][931]LogSavePackage: Save=79.846718ms
[2017.05.19-23.33.55:486][931]LogSavePackage: Moving '../../../../../../Users/ericn/OneDrive/Documents/GitHub/CompSciApp/CompSciApp/Saved/2DSideScrollerExampleMapED760CC04DC9B448E0D6308DEE809A38.tmp' to '../../../../../../Users/ericn/OneDrive/Documents/GitHub/CompSciApp/CompSciApp/Content/2DSideScrollerCPP/Maps/2DSideScrollerExampleMap.umap'
[2017.05.19-23.33.55:490][931]LogSavePackage: Total save time: 87.049481ms
[2017.05.19-23.33.55:490][931]LogSavePackage:Warning: Finished SavePackage ../../../../../../Users/ericn/OneDrive/Documents/GitHub/CompSciApp/CompSciApp/Content/2DSideScrollerCPP/Maps/2DSideScrollerExampleMap.umap
[2017.05.19-23.33.59:606][123]LogSavePackage: Save=9.105383ms
[2017.05.19-23.33.59:606][123]LogSavePackage: Moving '../../../../../../Users/ericn/OneDrive/Documents/GitHub/CompSciApp/CompSciApp/Saved/Astronaut_Walk2FF0EA00442271F46FA0EC48C08479CC0.tmp' to '../../../../../../Users/ericn/OneDrive/Documents/GitHub/CompSciApp/CompSciApp/Content/2dSideScroller/Sprites/Astronaut_Walk2.uasset'
[2017.05.19-23.33.59:610][123]LogSavePackage: Total save time: 36.935113ms
[2017.05.19-23.33.59:610][123]LogSavePackage:Warning: Finished SavePackage ../../../../../../Users/ericn/OneDrive/Documents/GitHub/CompSciApp/CompSciApp/Content/2dSideScroller/Sprites/Astronaut_Walk2.uasset
[2017.05.19-23.33.59:720][123]LogWindowsTextInputMethodSystem:Display: IME system now deactivated.
[2017.05.19-23.33.59:954][123]LogBlueprintUserMessages: Early EndPlayMap Detection: Level '/Game/2DSideScrollerCPP/Maps/2DSideScrollerExampleMap.2DSideScrollerExampleMap:PersistentLevel' has LevelScriptBlueprint '/Game/2DSideScrollerCPP/Maps/2DSideScrollerExampleMap.2DSideScrollerExampleMap:PersistentLevel.2DSideScrollerExampleMap' with GeneratedClass '/Game/2DSideScrollerCPP/Maps/2DSideScrollerExampleMap.2DSideScrollerExampleMap_C' with ClassGeneratedBy '/Game/2DSideScrollerCPP/Maps/2DSideScrollerExampleMap.2DSideScrollerExampleMap:PersistentLevel.2DSideScrollerExampleMap'
[2017.05.19-23.33.59:986][123]LogBlueprintUserMessages: Late EndPlayMap Detection: Level '/Game/2DSideScrollerCPP/Maps/2DSideScrollerExampleMap.2DSideScrollerExampleMap:PersistentLevel' has LevelScriptBlueprint '/Game/2DSideScrollerCPP/Maps/2DSideScrollerExampleMap.2DSideScrollerExampleMap:PersistentLevel.2DSideScrollerExampleMap' with GeneratedClass '/Game/2DSideScrollerCPP/Maps/2DSideScrollerExampleMap.2DSideScrollerExampleMap_C' with ClassGeneratedBy '/Game/2DSideScrollerCPP/Maps/2DSideScrollerExampleMap.2DSideScrollerExampleMap:PersistentLevel.2DSideScrollerExampleMap'
[2017.05.19-23.34.00:025][123]LogParticles: Destroying 0 GPU particle simulations for FXSystem 0x00000164B0DFEC00
[2017.05.19-23.34.00:169][124]Cmd: QUIT_EDITOR
[2017.05.19-23.34.01:078][124]LogExit: Preparing to exit.
[2017.05.19-23.34.01:854][124]LogParticles: Destroying 0 GPU particle simulations for FXSystem 0x00000164986A3060
[2017.05.19-23.34.01:856][124]LogExit: Editor shut down
[2017.05.19-23.34.01:857][124]LogExit: Transaction tracking system shut down
[2017.05.19-23.34.01:858][124]LogParticles: Destroying 0 GPU particle simulations for FXSystem 0x000001648B4A4C20
[2017.05.19-23.34.01:858][124]LogParticles: Destroying 0 GPU particle simulations for FXSystem 0x00000164A4F145E0
[2017.05.19-23.34.02:116][124]LogExit: Object subsystem successfully closed.
[2017.05.19-23.34.02:137][124]LogD3D11RHI: Shutdown
[2017.05.19-23.34.02:137][124]LogD3D11RHI: CleanupD3DDevice
[2017.05.19-23.34.02:139][124]LogD3D11RHI: ~FD3D11DynamicRHI
[2017.05.19-23.34.02:255][124]LogModuleManager: Shutting down and abandoning module CrashTracker (198)
[2017.05.19-23.34.02:255][124]LogModuleManager: Shutting down and abandoning module SceneOutliner (197)
[2017.05.19-23.34.02:255][124]LogModuleManager: Shutting down and abandoning module SuperSearch (196)
[2017.05.19-23.34.02:255][124]LogModuleManager: Shutting down and abandoning module WidgetCarousel (195)
[2017.05.19-23.34.02:255][124]LogModuleManager: Shutting down and abandoning module AddContentDialog (194)
[2017.05.19-23.34.02:256][124]LogModuleManager: Shutting down and abandoning module EditorWidgets (193)
[2017.05.19-23.34.02:256][124]LogModuleManager: Shutting down and abandoning module CollectionManager (192)
[2017.05.19-23.34.02:256][124]LogModuleManager: Shutting down and abandoning module StatsViewer (191)
[2017.05.19-23.34.02:256][124]LogModuleManager: Shutting down and abandoning module FoliageEdit (190)
[2017.05.19-23.34.02:256][124]LogModuleManager: Shutting down and abandoning module LandscapeEditor (189)
[2017.05.19-23.34.02:256][124]LogModuleManager: Shutting down and abandoning module ActorPickerMode (188)
[2017.05.19-23.34.02:256][124]LogModuleManager: Shutting down and abandoning module GeometryMode (187)
[2017.05.19-23.34.02:256][124]LogModuleManager: Shutting down and abandoning module TextureAlignMode (186)
[2017.05.19-23.34.02:256][124]LogModuleManager: Shutting down and abandoning module BspMode (185)
[2017.05.19-23.34.02:256][124]LogModuleManager: Shutting down and abandoning module PlacementMode (184)
[2017.05.19-23.34.02:256][124]LogModuleManager: Shutting down and abandoning module AutomationWorker (183)
[2017.05.19-23.34.02:256][124]LogModuleManager: Shutting down and abandoning module CharacterAI (182)
[2017.05.19-23.34.02:256][124]LogModuleManager: Shutting down and abandoning module SmartSnapping (181)
[2017.05.19-23.34.02:256][124]LogModuleManager: Shutting down and abandoning module ViewportSnapping (180)
[2017.05.19-23.34.02:257][124]LogModuleManager: Shutting down and abandoning module LogVisualizer (179)
[2017.05.19-23.34.02:257][124]LogModuleManager: Shutting down and abandoning module GameProjectGeneration (178)
[2017.05.19-23.34.02:257][124]LogModuleManager: Shutting down and abandoning module IntroTutorials (177)
[2017.05.19-23.34.02:257][124]LogModuleManager: Shutting down and abandoning module EditorLiveStreaming (176)
[2017.05.19-23.34.02:257][124]LogModuleManager: Shutting down and abandoning module IOSPlatformEditor (175)
[2017.05.19-23.34.02:257][124]LogModuleManager: Shutting down and abandoning module HTML5PlatformEditor (174)
[2017.05.19-23.34.02:257][124]LogModuleManager: Shutting down and abandoning module AndroidDeviceDetection (173)
[2017.05.19-23.34.03:016][124]LogModuleManager: Shutting down and abandoning module AndroidPlatformEditor (172)
[2017.05.19-23.34.03:016][124]LogModuleManager: Shutting down and abandoning module IOSRuntimeSettings (171)
[2017.05.19-23.34.03:016][124]LogModuleManager: Shutting down and abandoning module AndroidRuntimeSettings (170)
[2017.05.19-23.34.03:016][124]LogModuleManager: Shutting down and abandoning module MergeActors (169)
[2017.05.19-23.34.03:016][124]LogModuleManager: Shutting down and abandoning module SizeMap (168)
[2017.05.19-23.34.03:016][124]LogModuleManager: Shutting down and abandoning module TreeMap (167)
[2017.05.19-23.34.03:016][124]LogModuleManager: Shutting down and abandoning module ReferenceViewer (166)
[2017.05.19-23.34.03:016][124]LogModuleManager: Shutting down and abandoning module LocalizationService (165)
[2017.05.19-23.34.03:016][124]LogModuleManager: Shutting down and abandoning module LocalizationDashboard (164)
[2017.05.19-23.34.03:016][124]LogModuleManager: Shutting down and abandoning module HardwareTargeting (163)
[2017.05.19-23.34.03:016][124]LogModuleManager: Shutting down and abandoning module DeviceProfileEditor (162)
[2017.05.19-23.34.03:016][124]LogModuleManager: Shutting down and abandoning module UndoHistory (161)
[2017.05.19-23.34.03:016][124]LogModuleManager: Shutting down and abandoning module GameplayTagsEditor (160)
[2017.05.19-23.34.03:016][124]LogModuleManager: Shutting down and abandoning module UserFeedback (159)
[2017.05.19-23.34.03:016][124]LogModuleManager: Shutting down and abandoning module XmlParser (158)
[2017.05.19-23.34.03:016][124]LogModuleManager: Shutting down and abandoning module Blutility (157)
[2017.05.19-23.34.03:016][124]LogModuleManager: Shutting down and abandoning module ProjectTargetPlatformEditor (156)
[2017.05.19-23.34.03:016][124]LogModuleManager: Shutting down and abandoning module ProjectSettingsViewer (155)
[2017.05.19-23.34.03:016][124]LogModuleManager: Shutting down and abandoning module InputBindingEditor (154)
[2017.05.19-23.34.03:016][124]LogModuleManager: Shutting down and abandoning module EditorSettingsViewer (153)
[2017.05.19-23.34.03:016][124]LogModuleManager: Shutting down and abandoning module SettingsEditor (152)
[2017.05.19-23.34.03:016][124]LogModuleManager: Shutting down and abandoning module ProjectLauncher (151)
[2017.05.19-23.34.03:016][124]LogModuleManager: Shutting down and abandoning module SessionFrontend (150)
[2017.05.19-23.34.03:016][124]LogModuleManager: Shutting down and abandoning module ProfilerClient (149)
[2017.05.19-23.34.03:016][124]LogModuleManager: Shutting down and abandoning module TargetDeviceServices (148)
[2017.05.19-23.34.03:016][124]LogModuleManager: Shutting down and abandoning module DeviceManager (147)
[2017.05.19-23.34.03:017][124]LogModuleManager: Shutting down and abandoning module AutomationController (146)
[2017.05.19-23.34.03:017][124]LogModuleManager: Shutting down and abandoning module AutomationWindow (145)
[2017.05.19-23.34.03:017][124]LogModuleManager: Shutting down and abandoning module Layers (144)
[2017.05.19-23.34.03:017][124]LogModuleManager: Shutting down and abandoning module ComponentVisualizers (143)
[2017.05.19-23.34.03:017][124]LogModuleManager: Shutting down and abandoning module DetailCustomizations (142)
[2017.05.19-23.34.03:017][124]LogModuleManager: Shutting down and abandoning module PackagesDialog (141)
[2017.05.19-23.34.03:017][124]LogModuleManager: Shutting down and abandoning module Persona (140)
[2017.05.19-23.34.03:017][124]LogModuleManager: Shutting down and abandoning module Kismet (139)
[2017.05.19-23.34.03:017][124]LogModuleManager: Shutting down and abandoning module GraphEditor (138)
[2017.05.19-23.34.03:017][124]LogModuleManager: Shutting down and abandoning module ClassViewer (137)
[2017.05.19-23.34.03:017][124]LogModuleManager: Shutting down and abandoning module Toolbox (136)
[2017.05.19-23.34.03:017][124]LogModuleManager: Shutting down and abandoning module ModuleUI (135)
[2017.05.19-23.34.03:017][124]LogModuleManager: Shutting down and abandoning module MovieSceneTools (134)
[2017.05.19-23.34.03:017][124]LogModuleManager: Shutting down and abandoning module OutputLog (133)
[2017.05.19-23.34.03:017][124]LogModuleManager: Shutting down and abandoning module GammaUI (132)
[2017.05.19-23.34.03:017][124]LogModuleManager: Shutting down and abandoning module Documentation (131)
[2017.05.19-23.34.03:017][124]LogModuleManager: Shutting down and abandoning module GameLiveStreaming (130)
[2017.05.19-23.34.03:017][124]LogModuleManager: Shutting down and abandoning module StreamingPauseRendering (129)
[2017.05.19-23.34.03:017][124]LogModuleManager: Shutting down and abandoning module AnalyticsET (128)
[2017.05.19-23.34.03:017][124]LogModuleManager: Shutting down and abandoning module Analytics (127)
[2017.05.19-23.34.03:017][124]LogModuleManager: Shutting down and abandoning module AITestSuite (126)
[2017.05.19-23.34.03:017][124]LogModuleManager: Shutting down and abandoning module GameplayDebugger (125)
[2017.05.19-23.34.03:017][124]LogModuleManager: Shutting down and abandoning module AIModule (124)
[2017.05.19-23.34.03:017][124]LogModuleManager: Shutting down and abandoning module ProfilerService (123)
[2017.05.19-23.34.03:213][124]LogModuleManager: Shutting down and abandoning module TaskGraph (122)
[2017.05.19-23.34.03:213][124]LogModuleManager: Shutting down and abandoning module SlateRemote (121)
[2017.05.19-23.34.03:213][124]LogModuleManager: Shutting down and abandoning module SteamVRController (120)
[2017.05.19-23.34.03:213][124]LogModuleManager: Shutting down and abandoning module SteamVR (119)
[2017.05.19-23.34.03:213][124]LogModuleManager: Shutting down and abandoning module ProceduralMeshComponent (118)
[2017.05.19-23.34.03:213][124]LogModuleManager: Shutting down and abandoning module OculusRift (117)
[2017.05.19-23.34.03:213][124]LogModuleManager: Shutting down and abandoning module OculusLibrary (116)
[2017.05.19-23.34.03:213][124]LogModuleManager: Shutting down and abandoning module LeapMotionController (115)
[2017.05.19-23.34.03:237][124]LogModuleManager: Shutting down and abandoning module CustomMeshComponent (114)
[2017.05.19-23.34.03:237][124]LogModuleManager: Shutting down and abandoning module CableComponent (113)
[2017.05.19-23.34.03:237][124]LogModuleManager: Shutting down and abandoning module ArchVisCharacter (112)
[2017.05.19-23.34.03:237][124]LogModuleManager: Shutting down and abandoning module MessagingDebugger (111)
[2017.05.19-23.34.03:237][124]LogModuleManager: Shutting down and abandoning module MediaPlayerEditor (110)
[2017.05.19-23.34.03:237][124]LogModuleManager: Shutting down and abandoning module HTML5Networking (109)
[2017.05.19-23.34.03:237][124]LogModuleManager: Shutting down and abandoning module SpeedTreeImporter (108)
[2017.05.19-23.34.03:237][124]LogModuleManager: Shutting down and abandoning module PluginBrowser (107)
[2017.05.19-23.34.03:237][124]LogModuleManager: Shutting down and abandoning module EpicSurvey (106)
[2017.05.19-23.34.03:237][124]LogModuleManager: Shutting down and abandoning module DesktopPlatform (105)
[2017.05.19-23.34.03:237][124]LogModuleManager: Shutting down and abandoning module VisualStudioSourceCodeAccess (104)
[2017.05.19-23.34.03:237][124]LogModuleManager: Shutting down and abandoning module UObjectPlugin (103)
[2017.05.19-23.34.03:237][124]LogModuleManager: Shutting down and abandoning module SubversionSourceControl (102)
[2017.05.19-23.34.03:237][124]LogModuleManager: Shutting down and abandoning module PerforceSourceControl (101)
[2017.05.19-23.34.03:237][124]LogModuleManager: Shutting down and abandoning module SourceControl (100)
[2017.05.19-23.34.03:237][124]LogModuleManager: Shutting down and abandoning module GitSourceControl (99)
[2017.05.19-23.34.03:237][124]LogModuleManager: Shutting down and abandoning module LightPropagationVolumeEditor (98)
[2017.05.19-23.34.03:237][124]LogModuleManager: Shutting down and abandoning module PaperTiledImporter (97)
[2017.05.19-23.34.03:237][124]LogModuleManager: Shutting down and abandoning module PaperSpriteSheetImporter (96)
[2017.05.19-23.34.03:238][124]LogModuleManager: Shutting down and abandoning module MeshPaint (95)
[2017.05.19-23.34.03:238][124]LogModuleManager: Shutting down and abandoning module SlateReflector (94)
[2017.05.19-23.34.03:238][124]LogModuleManager: Shutting down and abandoning module HotReload (93)
[2017.05.19-23.34.03:238][124]LogModuleManager: Shutting down and abandoning module MainFrame (92)
[2017.05.19-23.34.03:238][124]LogModuleManager: Shutting down and abandoning module LevelEditor (91)
[2017.05.19-23.34.03:239][124]LogModuleManager: Shutting down and abandoning module DirectoryWatcher (90)
[2017.05.19-23.34.03:240][124]LogModuleManager: Shutting down and abandoning module AssetRegistry (89)
[2017.05.19-23.34.03:423][124]LogModuleManager: Shutting down and abandoning module ContentBrowser (88)
[2017.05.19-23.34.03:427][124]LogModuleManager: Shutting down and abandoning module Paper2DEditor (87)
[2017.05.19-23.34.03:427][124]LogModuleManager: Shutting down and abandoning module CompSciApp (86)
[2017.05.19-23.34.03:427][124]LogModuleManager: Shutting down and abandoning module UdpMessaging (85)
[2017.05.19-23.34.03:527][124]LogModuleManager: Shutting down and abandoning module LightPropagationVolumeRuntime (84)
[2017.05.19-23.34.03:527][124]LogModuleManager: Shutting down and abandoning module Paper2D (83)
[2017.05.19-23.34.03:527][124]LogModuleManager: Shutting down and abandoning module WindowsMoviePlayer (82)
[2017.05.19-23.34.03:532][124]LogModuleManager: Shutting down and abandoning module Media (81)
[2017.05.19-23.34.03:532][124]LogModuleManager: Shutting down and abandoning module WmfMedia (80)
[2017.05.19-23.34.03:532][124]LogModuleManager: Shutting down and abandoning module OnlineBlueprintSupport (79)
[2017.05.19-23.34.03:532][124]LogModuleManager: Shutting down and abandoning module GameplayTasksEditor (78)
[2017.05.19-23.34.03:532][124]LogModuleManager: Shutting down and abandoning module PropertyEditor (77)
[2017.05.19-23.34.03:532][124]LogModuleManager: Shutting down and abandoning module BehaviorTreeEditor (76)
[2017.05.19-23.34.03:532][124]LogModuleManager: Shutting down and abandoning module FunctionalTesting (75)
[2017.05.19-23.34.03:532][124]LogModuleManager: Shutting down and abandoning module CollisionAnalyzer (74)
[2017.05.19-23.34.03:532][124]LogModuleManager: Shutting down and abandoning module WorkspaceMenuStructure (73)
[2017.05.19-23.34.03:532][124]LogModuleManager: Shutting down and abandoning module MessageLog (72)
[2017.05.19-23.34.03:532][124]LogModuleManager: Shutting down and abandoning module Sequencer (71)
[2017.05.19-23.34.03:532][124]LogModuleManager: Shutting down and abandoning module AssetTools (70)
[2017.05.19-23.34.03:532][124]LogModuleManager: Shutting down and abandoning module UMGEditor (69)
[2017.05.19-23.34.03:532][124]LogModuleManager: Shutting down and abandoning module UMG (68)
[2017.05.19-23.34.03:532][124]LogModuleManager: Shutting down and abandoning module Slate (67)
[2017.05.19-23.34.03:532][124]LogModuleManager: Shutting down and abandoning module EditorStyle (66)
[2017.05.19-23.34.03:535][124]LogModuleManager: Shutting down and abandoning module SessionServices (65)
[2017.05.19-23.34.03:535][124]LogModuleManager: Shutting down and abandoning module SourceCodeAccess (64)
[2017.05.19-23.34.03:535][124]LogModuleManager: Shutting down and abandoning module HeadMountedDisplay (63)
[2017.05.19-23.34.03:535][124]LogModuleManager: Shutting down and abandoning module XAudio2 (62)
[2017.05.19-23.34.03:535][124]LogModuleManager: Shutting down and abandoning module Networking (60)
[2017.05.19-23.34.03:535][124]LogModuleManager: Shutting down and abandoning module Core (59)
[2017.05.19-23.34.03:535][124]LogModuleManager: Shutting down and abandoning module KismetCompiler (58)
[2017.05.19-23.34.03:535][124]LogModuleManager: Shutting down and abandoning module PhysXFormats (57)
[2017.05.19-23.34.03:535][124]LogModuleManager: Shutting down and abandoning module MeshUtilities (56)
[2017.05.19-23.34.03:535][124]LogModuleManager: Shutting down and abandoning module CookingStats (55)
[2017.05.19-23.34.03:536][124]LogModuleManager: Shutting down and abandoning module DerivedDataCache (54)
[2017.05.19-23.34.03:668][124]LogDerivedDataCache: Shutdown
[2017.05.19-23.34.03:668][124]LogModuleManager: Shutting down and abandoning module ShaderFormatOpenGL (53)
[2017.05.19-23.34.03:668][124]LogModuleManager: Shutting down and abandoning module ShaderFormatD3D (52)
[2017.05.19-23.34.03:668][124]LogModuleManager: Shutting down and abandoning module MetalShaderFormat (51)
[2017.05.19-23.34.03:668][124]LogModuleManager: Shutting down and abandoning module TextureFormatUncompressed (50)
[2017.05.19-23.34.03:668][124]LogModuleManager: Shutting down and abandoning module TextureFormatPVR (49)
[2017.05.19-23.34.03:668][124]LogModuleManager: Shutting down and abandoning module TextureFormatIntelISPCTexComp (48)
[2017.05.19-23.34.03:668][124]LogModuleManager: Shutting down and abandoning module TextureFormatDXT (47)
[2017.05.19-23.34.03:668][124]LogModuleManager: Shutting down and abandoning module ImageWrapper (46)
[2017.05.19-23.34.03:668][124]LogModuleManager: Shutting down and abandoning module TextureFormatASTC (45)
[2017.05.19-23.34.03:668][124]LogModuleManager: Shutting down and abandoning module TextureFormatAndroid (44)
[2017.05.19-23.34.03:668][124]LogModuleManager: Shutting down and abandoning module AudioFormatOpus (43)
[2017.05.19-23.34.03:668][124]LogModuleManager: Shutting down and abandoning module AudioFormatOgg (42)
[2017.05.19-23.34.03:668][124]LogModuleManager: Shutting down and abandoning module AudioFormatADPCM (41)
[2017.05.19-23.34.03:668][124]LogModuleManager: Shutting down and abandoning module LinuxTargetPlatform (40)
[2017.05.19-23.34.03:668][124]LogModuleManager: Shutting down and abandoning module LinuxServerTargetPlatform (39)
[2017.05.19-23.34.03:668][124]LogModuleManager: Shutting down and abandoning module LinuxNoEditorTargetPlatform (38)
[2017.05.19-23.34.03:668][124]LogModuleManager: Shutting down and abandoning module Messaging (37)
[2017.05.19-23.34.03:668][124]LogModuleManager: Shutting down and abandoning module IOSTargetPlatform (36)
[2017.05.19-23.34.03:668][124]LogModuleManager: Shutting down and abandoning module HTML5TargetPlatform (35)
[2017.05.19-23.34.03:668][124]LogModuleManager: Shutting down and abandoning module Android_PVRTCTargetPlatform (34)
[2017.05.19-23.34.03:668][124]LogModuleManager: Shutting down and abandoning module Android_ETC2TargetPlatform (33)
[2017.05.19-23.34.03:668][124]LogModuleManager: Shutting down and abandoning module Android_ETC1TargetPlatform (32)
[2017.05.19-23.34.03:668][124]LogModuleManager: Shutting down and abandoning module Android_DXTTargetPlatform (31)
[2017.05.19-23.34.03:668][124]LogModuleManager: Shutting down and abandoning module Android_ATCTargetPlatform (30)
[2017.05.19-23.34.03:668][124]LogModuleManager: Shutting down and abandoning module Android_ASTCTargetPlatform (29)
[2017.05.19-23.34.03:668][124]LogModuleManager: Shutting down and abandoning module AndroidTargetPlatform (28)
[2017.05.19-23.34.03:668][124]LogModuleManager: Shutting down and abandoning module WindowsTargetPlatform (27)
[2017.05.19-23.34.03:669][124]LogModuleManager: Shutting down and abandoning module WindowsServerTargetPlatform (26)
[2017.05.19-23.34.03:669][124]LogModuleManager: Shutting down and abandoning module WindowsNoEditorTargetPlatform (25)
[2017.05.19-23.34.03:669][124]LogModuleManager: Shutting down and abandoning module WindowsClientTargetPlatform (24)
[2017.05.19-23.34.03:669][124]LogModuleManager: Shutting down and abandoning module AllDesktopTargetPlatform (23)
[2017.05.19-23.34.03:670][124]LogModuleManager: Shutting down and abandoning module TargetPlatform (22)
[2017.05.19-23.34.03:670][124]LogModuleManager: Shutting down and abandoning module InputCore (21)
[2017.05.19-23.34.03:670][124]LogModuleManager: Shutting down and abandoning module Settings (20)
[2017.05.19-23.34.03:670][124]LogModuleManager: Shutting down and abandoning module OnlineSubsystem (18)
[2017.05.19-23.34.03:670][124]LogModuleManager: Shutting down and abandoning module HTTP (17)
[2017.05.19-23.34.04:672][124]LogModuleManager: Shutting down and abandoning module XMPP (16)
[2017.05.19-23.34.04:672][124]LogModuleManager: Shutting down and abandoning module ExampleDeviceProfileSelector (15)
[2017.05.19-23.34.04:672][124]LogModuleManager: Shutting down and abandoning module TextureCompressor (14)
[2017.05.19-23.34.04:672][124]LogModuleManager: Shutting down and abandoning module ShaderCore (13)
[2017.05.19-23.34.04:672][124]LogModuleManager: Shutting down and abandoning module Landscape (12)
[2017.05.19-23.34.04:672][124]LogModuleManager: Shutting down and abandoning module SlateRHIRenderer (11)
[2017.05.19-23.34.04:675][124]LogModuleManager: Shutting down and abandoning module OpenGLDrv (10)
[2017.05.19-23.34.04:675][124]LogModuleManager: Shutting down and abandoning module D3D11RHI (9)
[2017.05.19-23.34.04:675][124]LogModuleManager: Shutting down and abandoning module AnimGraphRuntime (8)
[2017.05.19-23.34.04:675][124]LogModuleManager: Shutting down and abandoning module Renderer (7)
[2017.05.19-23.34.04:675][124]LogModuleManager: Shutting down and abandoning module Engine (6)
[2017.05.19-23.34.04:675][124]LogModuleManager: Shutting down and abandoning module CoreUObject (5)
[2017.05.19-23.34.04:675][124]LogModuleManager: Shutting down and abandoning module NetworkFile (4)
[2017.05.19-23.34.04:675][124]LogModuleManager: Shutting down and abandoning module StreamingFile (3)
[2017.05.19-23.34.04:675][124]LogModuleManager: Shutting down and abandoning module SandboxFile (2)
[2017.05.19-23.34.04:675][124]LogModuleManager: Shutting down and abandoning module PakFile (1)
[2017.05.19-23.34.04:675][124]LogExit: Exiting.
[2017.05.19-23.34.04:677][124]Log file closed, 05/19/17 17:34:04
=======
﻿[2017.05.19-23.27.03:258][  0]Log file open, 05/19/17 17:27:03
[2017.05.19-23.27.03:258][  0]LogInit:Display: Running engine for game: CompSciApp
[2017.05.19-23.27.03:258][  0]LogInit:Display: RandInit(-594936199) SRandInit(-594936199).
[2017.05.19-23.27.03:258][  0]LogTaskGraph: Started task graph with 4 named threads and 5 total threads.
[2017.05.19-23.27.03:258][  0]LogStats: Stats thread started at 0.079663
[2017.05.19-23.27.03:258][  0]LogInit:Warning: Incompatible or missing module: UE4Editor-CompSciApp.dll
[2017.05.19-23.27.07:231][  0]LogExit: Preparing to exit.
[2017.05.19-23.27.07:231][  0]LogModuleManager: Shutting down and abandoning module TextureCompressor (14)
[2017.05.19-23.27.07:232][  0]LogModuleManager: Shutting down and abandoning module ShaderCore (13)
[2017.05.19-23.27.07:232][  0]LogModuleManager: Shutting down and abandoning module Landscape (12)
[2017.05.19-23.27.07:232][  0]LogModuleManager: Shutting down and abandoning module SlateRHIRenderer (11)
[2017.05.19-23.27.07:232][  0]LogModuleManager: Shutting down and abandoning module OpenGLDrv (10)
[2017.05.19-23.27.07:232][  0]LogModuleManager: Shutting down and abandoning module D3D11RHI (9)
[2017.05.19-23.27.07:232][  0]LogModuleManager: Shutting down and abandoning module AnimGraphRuntime (8)
[2017.05.19-23.27.07:232][  0]LogModuleManager: Shutting down and abandoning module Renderer (7)
[2017.05.19-23.27.07:232][  0]LogModuleManager: Shutting down and abandoning module Engine (6)
[2017.05.19-23.27.07:232][  0]LogModuleManager: Shutting down and abandoning module CoreUObject (5)
[2017.05.19-23.27.07:232][  0]LogModuleManager: Shutting down and abandoning module NetworkFile (4)
[2017.05.19-23.27.07:232][  0]LogModuleManager: Shutting down and abandoning module StreamingFile (3)
[2017.05.19-23.27.07:232][  0]LogModuleManager: Shutting down and abandoning module SandboxFile (2)
[2017.05.19-23.27.07:232][  0]LogModuleManager: Shutting down and abandoning module PakFile (1)
[2017.05.19-23.27.07:234][  0]LogExit: Exiting.
[2017.05.19-23.27.07:237][  0]Log file closed, 05/19/17 17:27:07
>>>>>>> origin/master
