[2017.05.20-00.18.56:014][  0]Log file open, 05/19/17 18:18:56
[2017.05.20-00.18.56:014][  0]LogInit:Display: Running engine for game: CompSciApp
[2017.05.20-00.18.56:014][  0]LogInit:Display: RandInit(-1905873765) SRandInit(-1905873765).
[2017.05.20-00.18.56:014][  0]LogTaskGraph: Started task graph with 4 named threads and 5 total threads.
[2017.05.20-00.18.56:014][  0]LogStats: Stats thread started at 0.078929
[2017.05.20-00.18.56:014][  0]LogInit: Version: 4.9.2-2707645+++depot+UE4-Releases+4.9
[2017.05.20-00.18.56:014][  0]LogInit: API Version: 2672455
[2017.05.20-00.18.56:014][  0]LogInit: Compiled (64-bit): Sep 28 2015 10:25:44
[2017.05.20-00.18.56:014][  0]LogInit: Compiled with Visual C++: 18.00.21005.01
[2017.05.20-00.18.56:014][  0]LogInit: Build Configuration: Development
[2017.05.20-00.18.56:014][  0]LogInit: Branch Name: ++depot+UE4-Releases+4.9
[2017.05.20-00.18.56:014][  0]LogInit: Command line: -EpicPortal 
[2017.05.20-00.18.56:014][  0]LogInit: Base directory: C:/Program Files/Epic Games/UE_4.9/Engine/Binaries/Win64/
[2017.05.20-00.18.56:014][  0]LogInit: Rocket: 1
[2017.05.20-00.18.56:026][  0]LogInit: Using libcurl 7.41.0
[2017.05.20-00.18.56:026][  0]LogInit:  - built for x86_64-pc-win32
[2017.05.20-00.18.56:026][  0]LogInit:  - supports SSL with WinSSL
[2017.05.20-00.18.56:026][  0]LogInit:  - other features:
[2017.05.20-00.18.56:026][  0]LogInit:      CURL_VERSION_SSL
[2017.05.20-00.18.56:026][  0]LogInit:      CURL_VERSION_IPV6
[2017.05.20-00.18.56:026][  0]LogInit:      CURL_VERSION_ASYNCHDNS
[2017.05.20-00.18.56:026][  0]LogInit:      CURL_VERSION_LARGEFILE
[2017.05.20-00.18.56:026][  0]LogInit:      CURL_VERSION_IDN
[2017.05.20-00.18.56:026][  0]LogInit:  CurlRequestOptions (configurable via config and command line):
[2017.05.20-00.18.56:026][  0]LogInit:  - bVerifyPeer = true  - Libcurl will verify peer certificate
[2017.05.20-00.18.56:026][  0]LogInit:  - bUseHttpProxy = false  - Libcurl will NOT use HTTP proxy
[2017.05.20-00.18.56:026][  0]LogInit:  - bDontReuseConnections = false  - Libcurl will reuse connections
[2017.05.20-00.18.56:026][  0]LogInit:  - CertBundlePath = nullptr  - Libcurl will use whatever was configured at build time.
[2017.05.20-00.18.56:036][  0]LogInit: Presizing for 0 objects not considered by GC, pre-allocating 0 bytes.
[2017.05.20-00.18.56:045][  0]LogInit: Object subsystem initialized
[2017.05.20-00.18.56:047][  0]LogInit: Selected Device Profile: [Windows]
[2017.05.20-00.18.56:047][  0]LogInit: Applying CVar settings loaded from the selected device profile: [Windows]
[2017.05.20-00.18.56:064][  0]LogInit: Computer: DEBBIELAPTOP
[2017.05.20-00.18.56:064][  0]LogInit: User: Jacob
[2017.05.20-00.18.56:064][  0]LogInit: CPU Page size=4096, Cores=2
[2017.05.20-00.18.56:064][  0]LogInit: High frequency timer resolution =2.338340 MHz
[2017.05.20-00.18.56:064][  0]LogMemory: Memory total: Physical=5.9GB (6GB approx)
[2017.05.20-00.18.56:064][  0]LogMemory: Platform Memory Stats for Windows
[2017.05.20-00.18.56:064][  0]LogMemory: Process Physical Memory: 54.38 MB used, 54.38 MB peak
[2017.05.20-00.18.56:064][  0]LogMemory: Process Virtual Memory: 55.49 MB used, 55.49 MB peak
[2017.05.20-00.18.56:064][  0]LogMemory: Physical Memory: 3546.17 MB used, 6048.76 MB total
[2017.05.20-00.18.56:064][  0]LogMemory: Virtual Memory: 369.13 MB used, 134217728.00 MB total
[2017.05.20-00.18.56:098][  0]LogTextLocalizationManager: No specific translations for ('en-US') exist, so ('en') translations will be used.
[2017.05.20-00.18.57:085][  0]LogD3D11RHI: Found D3D11 adapter 0: Intel(R) HD Graphics Family (Feature Level 11_0)
[2017.05.20-00.18.57:085][  0]LogD3D11RHI: Adapter has 112MB of dedicated video memory, 0MB of dedicated system memory, and 2048MB of shared system memory, 1 output[s]
[2017.05.20-00.18.57:087][  0]LogD3D11RHI: Found D3D11 adapter 1: Microsoft Basic Render Driver (Feature Level 11_0)
[2017.05.20-00.18.57:087][  0]LogD3D11RHI: Adapter has 0MB of dedicated video memory, 0MB of dedicated system memory, and 3024MB of shared system memory, 0 output[s]
[2017.05.20-00.18.57:087][  0]LogD3D11RHI: Chosen D3D11 Adapter Id = 0
[2017.05.20-00.18.57:095][  0]LogD3D11RHI: !Direct3DDevice
[2017.05.20-00.18.57:095][  0]LogRHI: Texture pool is 795 MB (70% of 1136 MB)
[2017.05.20-00.18.57:101][  0]LogD3D11RHI: Async texture creation enabled
[2017.05.20-00.18.57:106][  0]LogShaderCompilers: Guid format shader working directory is 15 characters bigger than the processId version (../../../../../../Users/Jacob/Documents/GitHub/CompSciApp/CompSciApp/Intermediate/Shaders/WorkingDirectory/9956/).
[2017.05.20-00.18.57:107][  0]LogShaderCompilers: Cleaned the shader compiler working directory '../../../../../../Users/Jacob/Documents/GitHub/CompSciApp/CompSciApp/Intermediate/Shaders/tmp/6DA8D4E54866E8C0389140BFF71F7CD1/'.
[2017.05.20-00.18.57:107][  0]LogShaderCompilers:Display: Using Local Shader Compiler.
[2017.05.20-00.18.58:614][  0]LogTemp:Display: Loaded TP AllDesktopTargetPlatform
[2017.05.20-00.18.58:623][  0]LogTemp:Display: Loaded TP WindowsClientTargetPlatform
[2017.05.20-00.18.58:631][  0]LogTemp:Display: Loaded TP WindowsNoEditorTargetPlatform
[2017.05.20-00.18.58:639][  0]LogTemp:Display: Loaded TP WindowsServerTargetPlatform
[2017.05.20-00.18.58:647][  0]LogTemp:Display: Loaded TP WindowsTargetPlatform
[2017.05.20-00.18.58:653][  0]LogTemp:Display: Loaded TP AndroidTargetPlatform
[2017.05.20-00.18.58:658][  0]LogTemp:Display: Loaded TP Android_ASTCTargetPlatform
[2017.05.20-00.18.58:662][  0]LogTemp:Display: Loaded TP Android_ATCTargetPlatform
[2017.05.20-00.18.58:667][  0]LogTemp:Display: Loaded TP Android_DXTTargetPlatform
[2017.05.20-00.18.58:672][  0]LogTemp:Display: Loaded TP Android_ETC1TargetPlatform
[2017.05.20-00.18.58:676][  0]LogTemp:Display: Loaded TP Android_ETC2TargetPlatform
[2017.05.20-00.18.58:683][  0]LogTemp:Display: Loaded TP Android_PVRTCTargetPlatform
[2017.05.20-00.18.58:685][  0]LogTemp:Display: Loaded TP HTML5TargetPlatform
[2017.05.20-00.18.58:704][  0]LogTemp:Display: Loaded TP IOSTargetPlatform
[2017.05.20-00.18.58:711][  0]LogTemp:Display: Loaded TP LinuxNoEditorTargetPlatform
[2017.05.20-00.18.58:719][  0]LogTemp:Display: Loaded TP LinuxServerTargetPlatform
[2017.05.20-00.18.58:726][  0]LogTemp:Display: Loaded TP LinuxTargetPlatform
[2017.05.20-00.18.58:726][  0]LogTargetPlatformManager:Display: Building Assets For Windows
[2017.05.20-00.18.58:852][  0]LogDerivedDataCache:Display: Max Cache Size: 512 MB
[2017.05.20-00.18.58:918][  0]LogDerivedDataCache: Loaded boot cache 0.07s 41MB C:/Users/Jacob/AppData/Local/UnrealEngine/4.9/DerivedDataCache/Boot.ddc.
[2017.05.20-00.18.58:918][  0]LogDerivedDataCache:Display: Loaded Boot cache: C:/Users/Jacob/AppData/Local/UnrealEngine/4.9/DerivedDataCache/Boot.ddc
[2017.05.20-00.18.58:918][  0]LogDerivedDataCache: FDerivedDataBackendGraph:  Pak pak cache file ../../../../../../Users/Jacob/Documents/GitHub/CompSciApp/CompSciApp/DerivedDataCache/DDC.ddp not found, will not use a pak cache.
[2017.05.20-00.18.58:918][  0]LogDerivedDataCache: Unable to find inner node Pak for hierarchical cache Hierarchy.
[2017.05.20-00.18.58:918][  0]LogDerivedDataCache: FDerivedDataBackendGraph:  CompressedPak pak cache file ../../../../../../Users/Jacob/Documents/GitHub/CompSciApp/CompSciApp/DerivedDataCache/Compressed.ddp not found, will not use a pak cache.
[2017.05.20-00.18.58:918][  0]LogDerivedDataCache: Unable to find inner node CompressedPak for hierarchical cache Hierarchy.
[2017.05.20-00.18.59:109][  0]LogDerivedDataCache:Display: Pak cache opened for reading ../../../Engine/DerivedDataCache/Compressed.ddp.
[2017.05.20-00.18.59:121][  0]LogDerivedDataCache: Using Local data cache path C:/Users/Jacob/AppData/Local/UnrealEngine/Common/DerivedDataCache: Writable
[2017.05.20-00.18.59:384][  0]LogInit: Selected Device Profile: [Windows]
[2017.05.20-00.18.59:389][  0]LogContentStreaming: Texture pool size is 0.000000MB
[2017.05.20-00.18.59:632][  0]LogMeshUtilities: No automatic mesh reduction module available
[2017.05.20-00.18.59:632][  0]LogMeshUtilities: No automatic mesh merging module available
[2017.05.20-00.18.59:982][  0]LogInit: WinSock: version 1.1 (2.2), MaxSocks=32767, MaxUdp=65467
[2017.05.20-00.19.00:937][  0]UdpMessaging: Initializing bridge on interface 0.0.0.0:0 to multicast group 230.0.0.1:6666.
[2017.05.20-00.19.01:076][  0]LogAssetRegistry: FAssetRegistry took 0.0114 seconds to start up
[2017.05.20-00.19.01:309][  0]SourceControl: Info Source control is disabled
[2017.05.20-00.19.01:310][  0]SourceControl: Info Source control is disabled
[2017.05.20-00.19.01:328][  0]SourceControl: Info Source control is disabled
[2017.05.20-00.19.01:346][  0]SourceControl: Info Source control is disabled
[2017.05.20-00.19.01:541][  0]LogLinker:Warning: Asset '../../../Engine/Plugins/Runtime/LeapMotionController/Content/LM_PassthroughMaterial.uasset' has been saved with empty engine version. The asset will be loaded but may be incompatible.
[2017.05.20-00.19.01:659][  0]LogObj: 28430 objects as part of root set at end of initial load.
[2017.05.20-00.19.01:659][  0]LogUObjectAllocator: 6071520 out of 0 bytes used by permanent object pool.
[2017.05.20-00.19.01:738][  0]LogEngine: Initializing Engine...
[2017.05.20-00.19.01:742][  0]LogHMD: Can't find Oculus library dev build: is proper Runtime installed? Version: 0.7.0.0
[2017.05.20-00.19.01:743][  0]LogHMD: SteamVR failed to initialize.  Err: 110
[2017.05.20-00.19.01:932][  0]LogAIModule: Creating AISystem for world NewWorld
[2017.05.20-00.19.01:937][  0]LogInit: XAudio2 using 'Speakers / Headphones (Realtek High Definition Audio)' : 2 channels at 48 kHz using 32 bits per sample (channel mask 0x3)
[2017.05.20-00.19.02:091][  0]LogInit: FAudioDevice initialized.
[2017.05.20-00.19.02:118][  0]LogDerivedDataCache: Saved boot cache 0.03s 42MB C:/Users/Jacob/AppData/Local/UnrealEngine/4.9/DerivedDataCache/Boot.ddc.
[2017.05.20-00.19.02:128][  0]LogInit: Texture streaming: Enabled
[2017.05.20-00.19.02:136][  0]LogAnalytics: Creating configured Analytics provider AnalyticsET
[2017.05.20-00.19.02:136][  0]LogAnalytics: [UEEditor.Rocket.Release] APIServer = http://et2.epicgames.com/ET2/. AppVersion = 4.9.2-2707645+++depot+UE4-Releases+4.9
[2017.05.20-00.19.02:136][  0]LogAnalytics: [UEEditor.Rocket.Release] SetUserId 0c7004ae4fbf476c46248ea3aa897ba2|5c8a094fc4fb4ccf912a58e8b050ae6e|dd076934-77e4-46bc-8f3f-9384319b48ea
[2017.05.20-00.19.02:136][  0]LogAnalytics: [UEEditor.Rocket.Release] AnalyticsET::StartSession
[2017.05.20-00.19.02:154][  0]LogWindowsTextInputMethodSystem:Display: IME system now deactivated.
[2017.05.20-00.19.02:154][  0]LogWindowsTextInputMethodSystem:Display: IME system now deactivated.
[2017.05.20-00.19.02:202][  0]LogInit: Transaction tracking system initialized
[2017.05.20-00.19.02:244][  0]BlueprintLog: New page: Editor Load
[2017.05.20-00.19.02:375][  0]LocalizationService: Info Localization service is disabled
[2017.05.20-00.19.02:505][  0]LogConsoleResponse:Display: 
[2017.05.20-00.19.02:706][  0]LogCook:Display: Done creating registry. It took  0.00s.
[2017.05.20-00.19.02:805][  0]LogFileCache: Scanning file cache for directory 'C:/Users/Jacob/Documents/GitHub/CompSciApp/CompSciApp/Content/' took 0.02s
[2017.05.20-00.19.02:805][  0]SourceControl: Info Source control is disabled
[2017.05.20-00.19.02:806][  0]Cmd: MAP LOAD FILE="../../../../../../Users/Jacob/Documents/GitHub/CompSciApp/CompSciApp/Content/2DSideScrollerCPP/Maps/2DSideScrollerExampleMap.umap" TEMPLATE=0 SHOWPROGRESS=1 FEATURELEVEL=3
[2017.05.20-00.19.02:806][  0]LightingResults: New page: Lighting Build
[2017.05.20-00.19.02:813][  0]MapCheck: New page: Map Check
[2017.05.20-00.19.02:813][  0]LightingResults: New page: Lighting Build
[2017.05.20-00.19.02:845][  0]LogParticles: Destroying 0 GPU particle simulations for FXSystem 0x0000015B348F4400
[2017.05.20-00.19.03:543][  0]LogAIModule: Creating AISystem for world 2DSideScrollerExampleMap
[2017.05.20-00.19.03:547][  0]LogEditorServer: Finished looking for orphan Actors (0.000 secs)
[2017.05.20-00.19.03:548][  0]Cmd: MAP CHECKDEP NOCLEARLOG
[2017.05.20-00.19.03:642][  0]MapCheck: Info Map check complete: 0 Error(s), 0 Warning(s), took 94.019ms to complete.
[2017.05.20-00.19.03:642][  0]LogFileHelpers: Loading map '2DSideScrollerExampleMap' took 0.837
[2017.05.20-00.19.03:798][  0]LogCollectionManager: Loaded 0 collections in 0.004483 seconds
[2017.05.20-00.19.03:848][  0]LogFileCache: Scanning file cache for directory 'C:/Users/Jacob/Documents/GitHub/CompSciApp/CompSciApp/Saved/Collections/' took 0.01s
[2017.05.20-00.19.03:848][  0]LogFileCache: Scanning file cache for directory 'C:/Users/Jacob/Documents/GitHub/CompSciApp/CompSciApp/Content/Developers/Jacob/Collections/' took 0.01s
[2017.05.20-00.19.03:848][  0]LogFileCache: Scanning file cache for directory 'C:/Users/Jacob/Documents/GitHub/CompSciApp/CompSciApp/Content/Collections/' took 0.01s
[2017.05.20-00.19.03:848][  0]LogContentBrowser: Native class hierarchy populated in 0.0148 seconds. Added 1869 classes and 335 folders.
[2017.05.20-00.19.03:857][  0]LogCollectionManager: Rebuilt the GUID cache for 0 collections in 0.000004 seconds
[2017.05.20-00.19.03:869][  0]LogContentBrowser: Native class hierarchy updated for 'WidgetCarousel' in 0.0014 seconds. Added 0 classes and 0 folders.
[2017.05.20-00.19.03:946][  0]LogContentBrowser: Native class hierarchy updated for 'AddContentDialog' in 0.0016 seconds. Added 0 classes and 0 folders.
[2017.05.20-00.19.03:952][  0]LogCrashTracker: Crashtracker disabled due to settings.
[2017.05.20-00.19.03:966][  0]LogUObjectGlobals:Warning: Failed to find object 'Class None.'
[2017.05.20-00.19.03:988][  0]LogLoad: Full Startup: 9.11 seconds (BP compile: 0.00 seconds)
[2017.05.20-00.19.04:065][  0]LogContentStreaming: Texture pool size now 1000 MB
[2017.05.20-00.19.04:251][  0]LogRenderer: Reallocating scene render targets to support 1212x436 (Frame:2).
[2017.05.20-00.19.05:385][  3]LogAssetRegistry: Asset discovery search completed in 4.3208 seconds
[2017.05.20-00.19.05:385][  3]LogCollectionManager: Rebuilt the object cache for 0 collections in 0.000001 seconds (found 0 objects)
[2017.05.20-00.19.05:385][  3]LogCollectionManager: Fixed up redirectors for 0 collections in 0.000040 seconds (updated 0 objects)
[2017.05.20-00.19.21:932][372]LogLinker:Warning: Asset '../../../Engine/Content/ArtTools/RenderToTexture/Macros/RenderToTextureMacros.uasset' has been saved with empty engine version. The asset will be loaded but may be incompatible.
[2017.05.20-00.19.22:799][372]LogContentBrowser: Native class hierarchy updated for 'BlueprintGraph' in 0.0026 seconds. Added 107 classes and 0 folders.
[2017.05.20-00.19.35:532][210]BlueprintLog: New page: Compile MainMenu
[2017.05.20-00.19.35:728][210]BlueprintEditorCompileResults: Info [0040.85] Compile of MainMenu successful! [in 195 ms]
[2017.05.20-00.19.36:815][312]BlueprintLog: New page: Compile MainMenu
[2017.05.20-00.19.36:963][312]BlueprintEditorCompileResults: Info [0042.08] Compile of MainMenu successful! [in 147 ms]
[2017.05.20-00.19.42:188][772]LogVSAccessor:Warning: Couldn't access Visual Studio
[2017.05.20-00.19.42:194][772]Recompiling CompSciApp...
[2017.05.20-00.19.42:194][772]Launching UnrealBuildTool... [C:/Program Files/Epic Games/UE_4.9/Engine/Binaries/DotNET/UnrealBuildTool.exe CompSciApp -ModuleWithSuffix CompSciApp 8348 Win64 Development -editorrecompile -canskiplink "C:/Users/Jacob/Documents/GitHub/CompSciApp/CompSciApp/CompSciApp.uproject" -rocket  -rocket]
[2017.05.20-00.19.42:197][772]Warning: Starting HotReload took  0.0s.
[2017.05.20-00.19.44:432][970]CompilerResultsLog: New page: Compilation - May 19, 2017, 12:19:44 PM
[2017.05.20-00.19.44:432][970]CompilerResultsLog: Info Compiling game modules for hot reload
[2017.05.20-00.19.44:432][970]CompilerResultsLog: Info Target is up to date.
[2017.05.20-00.19.44:432][970]LogMainFrame: MainFrame: Module compiling took 2.244 seconds
[2017.05.20-00.19.45:365][ 42]LogAIModule: Creating AISystem for world RealLevelOne
[2017.05.20-00.19.45:417][ 42]LogParticles: Destroying 0 GPU particle simulations for FXSystem 0x0000015B4EB6FF60
[2017.05.20-00.19.45:418][ 42]LogParticles: Destroying 0 GPU particle simulations for FXSystem 0x0000015B4EB6FA60
[2017.05.20-00.19.47:293][ 42]Cmd: OBJ SAVEPACKAGE PACKAGE="/Game/MainMenu/MainMenu" FILE="../../../../../../Users/Jacob/Documents/GitHub/CompSciApp/CompSciApp/Content/MainMenu/MainMenu.uasset" SILENT=true
[2017.05.20-00.19.47:330][ 42]LogSavePackage: Save=27.243685ms
[2017.05.20-00.19.47:331][ 42]LogSavePackage: Moving '../../../../../../Users/Jacob/Documents/GitHub/CompSciApp/CompSciApp/Saved/MainMenu12DBB69343D99F0C2F680DAAF69D17A4.tmp' to '../../../../../../Users/Jacob/Documents/GitHub/CompSciApp/CompSciApp/Content/MainMenu/MainMenu.uasset'
[2017.05.20-00.19.47:339][ 42]LogSavePackage: Total save time: 42.439934ms
[2017.05.20-00.19.47:339][ 42]LogSavePackage:Warning: Finished SavePackage ../../../../../../Users/Jacob/Documents/GitHub/CompSciApp/CompSciApp/Content/MainMenu/MainMenu.uasset
[2017.05.20-00.19.47:340][ 42]Cmd: MAP LOAD FILE="../../../../../../Users/Jacob/Documents/GitHub/CompSciApp/CompSciApp/Content/2dSideScrollerCPP/Maps/RealLevelOne.umap" TEMPLATE=0 SHOWPROGRESS=1 FEATURELEVEL=3
[2017.05.20-00.19.47:340][ 42]LightingResults: New page: Lighting Build
[2017.05.20-00.19.47:367][ 42]LoadErrors: New page: Loading map: RealLevelOne.umap
[2017.05.20-00.19.47:368][ 42]MapCheck: New page: Map Check
[2017.05.20-00.19.47:368][ 42]LightingResults: New page: Lighting Build
[2017.05.20-00.19.47:408][ 42]LogParticles: Destroying 0 GPU particle simulations for FXSystem 0x0000015B3504B7E0
[2017.05.20-00.19.47:420][ 42]LogEditorServer: Finished looking for orphan Actors (0.000 secs)
[2017.05.20-00.19.47:475][ 42]Cmd: MAP CHECKDEP NOCLEARLOG
[2017.05.20-00.19.47:549][ 42]MapCheck: Info Map check complete: 0 Error(s), 0 Warning(s), took 73.848ms to complete.
[2017.05.20-00.19.47:552][ 42]LogFileHelpers: Loading map 'RealLevelOne' took 0.213
[2017.05.20-00.19.49:298][189]LogBlueprintUserMessages: Early PlayInEditor Detection: Level '/Game/2dSideScrollerCPP/Maps/RealLevelOne.RealLevelOne:PersistentLevel' has LevelScriptBlueprint '/Game/2dSideScrollerCPP/Maps/RealLevelOne.RealLevelOne:PersistentLevel.RealLevelOne' with GeneratedClass '/Game/2dSideScrollerCPP/Maps/RealLevelOne.RealLevelOne_C' with ClassGeneratedBy '/Game/2dSideScrollerCPP/Maps/RealLevelOne.RealLevelOne:PersistentLevel.RealLevelOne'
[2017.05.20-00.19.49:298][189]LogPlayLevel: PlayLevel: No blueprints needed recompiling
[2017.05.20-00.19.49:298][189]PIE: New page: PIE session: RealLevelOne (May 19, 2017, 12:19:49 PM)
[2017.05.20-00.19.49:299][189]LogPlayLevel: Creating play world package: /Game/2dSideScrollerCPP/Maps/UEDPIE_0_RealLevelOne
[2017.05.20-00.19.49:303][189]LogPlayLevel: PIE: StaticDuplicateObject took: (0.004812s)
[2017.05.20-00.19.49:304][189]LogAIModule: Creating AISystem for world RealLevelOne
[2017.05.20-00.19.49:304][189]LogPlayLevel: PIE: World Init took: (0.000811s)
[2017.05.20-00.19.49:305][189]LogPlayLevel: PIE: Created PIE world by copying editor world from /Game/2dSideScrollerCPP/Maps/RealLevelOne.RealLevelOne to /Game/2dSideScrollerCPP/Maps/UEDPIE_0_RealLevelOne.RealLevelOne (0.006031s)
[2017.05.20-00.19.49:359][189]LogInit: XAudio2 using 'Speakers / Headphones (Realtek High Definition Audio)' : 2 channels at 48 kHz using 32 bits per sample (channel mask 0x3)
[2017.05.20-00.19.49:373][189]LogInit: FAudioDevice initialized.
[2017.05.20-00.19.49:426][189]LogWorld: Game class is 'CompSciAppGameMode'
[2017.05.20-00.19.49:442][189]LogWorld: Bringing World /Game/2dSideScrollerCPP/Maps/UEDPIE_0_RealLevelOne.RealLevelOne up for play (max tick rate 0) at 2017.05.19-18.19.49
[2017.05.20-00.19.49:443][189]LogActor:Warning: GameSession /Game/2dSideScrollerCPP/Maps/UEDPIE_0_RealLevelOne.RealLevelOne:PersistentLevel.GameSession_0 has natively added scene component(s), but none of them were set as the actor's RootComponent - picking one arbitrarily
[2017.05.20-00.19.49:444][189]LogActor:Warning: GameNetworkManager /Game/2dSideScrollerCPP/Maps/UEDPIE_0_RealLevelOne.RealLevelOne:PersistentLevel.GameNetworkManager_0 has natively added scene component(s), but none of them were set as the actor's RootComponent - picking one arbitrarily
[2017.05.20-00.19.49:445][189]LogWorld: Bringing up level for play took: 0.017149
[2017.05.20-00.19.49:463][189]PIE: Info Play in editor start time for /Game/2dSideScrollerCPP/Maps/UEDPIE_0_RealLevelOne -0.341
[2017.05.20-00.19.49:463][189]LogBlueprintUserMessages: Late PlayInEditor Detection: Level '/Game/2dSideScrollerCPP/Maps/RealLevelOne.RealLevelOne:PersistentLevel' has LevelScriptBlueprint '/Game/2dSideScrollerCPP/Maps/RealLevelOne.RealLevelOne:PersistentLevel.RealLevelOne' with GeneratedClass '/Game/2dSideScrollerCPP/Maps/RealLevelOne.RealLevelOne_C' with ClassGeneratedBy '/Game/2dSideScrollerCPP/Maps/RealLevelOne.RealLevelOne:PersistentLevel.RealLevelOne'
[2017.05.20-00.19.53:895][367]LogBlueprintUserMessages: Early EndPlayMap Detection: Level '/Game/2dSideScrollerCPP/Maps/RealLevelOne.RealLevelOne:PersistentLevel' has LevelScriptBlueprint '/Game/2dSideScrollerCPP/Maps/RealLevelOne.RealLevelOne:PersistentLevel.RealLevelOne' with GeneratedClass '/Game/2dSideScrollerCPP/Maps/RealLevelOne.RealLevelOne_C' with ClassGeneratedBy '/Game/2dSideScrollerCPP/Maps/RealLevelOne.RealLevelOne:PersistentLevel.RealLevelOne'
[2017.05.20-00.19.53:953][367]LogBlueprintUserMessages: Late EndPlayMap Detection: Level '/Game/2dSideScrollerCPP/Maps/RealLevelOne.RealLevelOne:PersistentLevel' has LevelScriptBlueprint '/Game/2dSideScrollerCPP/Maps/RealLevelOne.RealLevelOne:PersistentLevel.RealLevelOne' with GeneratedClass '/Game/2dSideScrollerCPP/Maps/RealLevelOne.RealLevelOne_C' with ClassGeneratedBy '/Game/2dSideScrollerCPP/Maps/RealLevelOne.RealLevelOne:PersistentLevel.RealLevelOne'
[2017.05.20-00.19.54:006][367]LogParticles: Destroying 0 GPU particle simulations for FXSystem 0x0000015B3B9B16C0
[2017.05.20-00.19.54:681][425]LogVSAccessor:Warning: Couldn't access Visual Studio
[2017.05.20-00.19.54:688][425]Recompiling CompSciApp...
[2017.05.20-00.19.54:688][425]Launching UnrealBuildTool... [C:/Program Files/Epic Games/UE_4.9/Engine/Binaries/DotNET/UnrealBuildTool.exe CompSciApp -ModuleWithSuffix CompSciApp 5092 Win64 Development -editorrecompile -canskiplink "C:/Users/Jacob/Documents/GitHub/CompSciApp/CompSciApp/CompSciApp.uproject" -rocket  -rocket]
[2017.05.20-00.19.54:691][425]Warning: Starting HotReload took  0.0s.
[2017.05.20-00.19.56:861][625]CompilerResultsLog: New page: Compilation - May 19, 2017, 12:19:56 PM
[2017.05.20-00.19.56:861][625]CompilerResultsLog: Info Compiling game modules for hot reload
[2017.05.20-00.19.56:862][625]CompilerResultsLog: Info Target is up to date.
[2017.05.20-00.19.56:862][625]LogMainFrame: MainFrame: Module compiling took 2.180 seconds
[2017.05.20-00.19.59:446][876]LogBlueprintUserMessages: Early PlayInEditor Detection: Level '/Game/2dSideScrollerCPP/Maps/RealLevelOne.RealLevelOne:PersistentLevel' has LevelScriptBlueprint '/Game/2dSideScrollerCPP/Maps/RealLevelOne.RealLevelOne:PersistentLevel.RealLevelOne' with GeneratedClass '/Game/2dSideScrollerCPP/Maps/RealLevelOne.RealLevelOne_C' with ClassGeneratedBy '/Game/2dSideScrollerCPP/Maps/RealLevelOne.RealLevelOne:PersistentLevel.RealLevelOne'
[2017.05.20-00.19.59:446][876]LogPlayLevel: PlayLevel: No blueprints needed recompiling
[2017.05.20-00.19.59:446][876]PIE: New page: PIE session: RealLevelOne (May 19, 2017, 12:19:59 PM)
[2017.05.20-00.19.59:446][876]LogPlayLevel: Creating play world package: /Game/2dSideScrollerCPP/Maps/UEDPIE_0_RealLevelOne
[2017.05.20-00.19.59:452][876]LogPlayLevel: PIE: StaticDuplicateObject took: (0.005518s)
[2017.05.20-00.19.59:453][876]LogAIModule: Creating AISystem for world RealLevelOne
[2017.05.20-00.19.59:453][876]LogPlayLevel: PIE: World Init took: (0.000914s)
[2017.05.20-00.19.59:453][876]LogPlayLevel: PIE: Created PIE world by copying editor world from /Game/2dSideScrollerCPP/Maps/RealLevelOne.RealLevelOne to /Game/2dSideScrollerCPP/Maps/UEDPIE_0_RealLevelOne.RealLevelOne (0.006814s)
[2017.05.20-00.19.59:514][876]LogInit: XAudio2 using 'Speakers / Headphones (Realtek High Definition Audio)' : 2 channels at 48 kHz using 32 bits per sample (channel mask 0x3)
[2017.05.20-00.19.59:526][876]LogInit: FAudioDevice initialized.
[2017.05.20-00.19.59:558][876]LogWorld: Game class is 'CompSciAppGameMode'
[2017.05.20-00.19.59:577][876]LogWorld: Bringing World /Game/2dSideScrollerCPP/Maps/UEDPIE_0_RealLevelOne.RealLevelOne up for play (max tick rate 0) at 2017.05.19-18.19.59
[2017.05.20-00.19.59:577][876]LogActor:Warning: GameSession /Game/2dSideScrollerCPP/Maps/UEDPIE_0_RealLevelOne.RealLevelOne:PersistentLevel.GameSession_1 has natively added scene component(s), but none of them were set as the actor's RootComponent - picking one arbitrarily
[2017.05.20-00.19.59:578][876]LogActor:Warning: GameNetworkManager /Game/2dSideScrollerCPP/Maps/UEDPIE_0_RealLevelOne.RealLevelOne:PersistentLevel.GameNetworkManager_1 has natively added scene component(s), but none of them were set as the actor's RootComponent - picking one arbitrarily
[2017.05.20-00.19.59:579][876]LogWorld: Bringing up level for play took: 0.019900
[2017.05.20-00.19.59:587][876]PIE: Info Play in editor start time for /Game/2dSideScrollerCPP/Maps/UEDPIE_0_RealLevelOne -0.217
[2017.05.20-00.19.59:587][876]LogBlueprintUserMessages: Late PlayInEditor Detection: Level '/Game/2dSideScrollerCPP/Maps/RealLevelOne.RealLevelOne:PersistentLevel' has LevelScriptBlueprint '/Game/2dSideScrollerCPP/Maps/RealLevelOne.RealLevelOne:PersistentLevel.RealLevelOne' with GeneratedClass '/Game/2dSideScrollerCPP/Maps/RealLevelOne.RealLevelOne_C' with ClassGeneratedBy '/Game/2dSideScrollerCPP/Maps/RealLevelOne.RealLevelOne:PersistentLevel.RealLevelOne'
[2017.05.20-00.20.01:356][946]LogBlueprintUserMessages: Early EndPlayMap Detection: Level '/Game/2dSideScrollerCPP/Maps/RealLevelOne.RealLevelOne:PersistentLevel' has LevelScriptBlueprint '/Game/2dSideScrollerCPP/Maps/RealLevelOne.RealLevelOne:PersistentLevel.RealLevelOne' with GeneratedClass '/Game/2dSideScrollerCPP/Maps/RealLevelOne.RealLevelOne_C' with ClassGeneratedBy '/Game/2dSideScrollerCPP/Maps/RealLevelOne.RealLevelOne:PersistentLevel.RealLevelOne'
[2017.05.20-00.20.01:405][946]LogBlueprintUserMessages: Late EndPlayMap Detection: Level '/Game/2dSideScrollerCPP/Maps/RealLevelOne.RealLevelOne:PersistentLevel' has LevelScriptBlueprint '/Game/2dSideScrollerCPP/Maps/RealLevelOne.RealLevelOne:PersistentLevel.RealLevelOne' with GeneratedClass '/Game/2dSideScrollerCPP/Maps/RealLevelOne.RealLevelOne_C' with ClassGeneratedBy '/Game/2dSideScrollerCPP/Maps/RealLevelOne.RealLevelOne:PersistentLevel.RealLevelOne'
[2017.05.20-00.20.01:467][947]LogParticles: Destroying 0 GPU particle simulations for FXSystem 0x0000015B5BEA5620
[2017.05.20-00.20.06:239][413]LogAIModule: Creating AISystem for world LevelOne
[2017.05.20-00.20.06:294][413]Cmd: MAP LOAD FILE="../../../../../../Users/Jacob/Documents/GitHub/CompSciApp/CompSciApp/Content/2dSideScrollerCPP/Maps/LevelOne.umap" TEMPLATE=0 SHOWPROGRESS=1 FEATURELEVEL=3
[2017.05.20-00.20.06:294][413]LightingResults: New page: Lighting Build
[2017.05.20-00.20.06:317][413]LoadErrors: New page: Loading map: LevelOne.umap
[2017.05.20-00.20.06:318][413]MapCheck: New page: Map Check
[2017.05.20-00.20.06:318][413]LightingResults: New page: Lighting Build
[2017.05.20-00.20.06:358][413]LogParticles: Destroying 0 GPU particle simulations for FXSystem 0x0000015B3B9B2CA0
[2017.05.20-00.20.06:365][413]LogEditorServer: Finished looking for orphan Actors (0.000 secs)
[2017.05.20-00.20.06:422][413]Cmd: MAP CHECKDEP NOCLEARLOG
[2017.05.20-00.20.06:501][413]MapCheck: Info Map check complete: 0 Error(s), 0 Warning(s), took 78.914ms to complete.
[2017.05.20-00.20.06:502][413]LogFileHelpers: Loading map 'LevelOne' took 0.209
[2017.05.20-00.20.16:325][234]LogAIModule: Creating AISystem for world RealLevelOne
[2017.05.20-00.20.16:392][234]LogParticles: Destroying 0 GPU particle simulations for FXSystem 0x0000015B3B9B3E20
[2017.05.20-00.20.16:398][234]LogParticles: Destroying 0 GPU particle simulations for FXSystem 0x0000015B4ECF1260
[2017.05.20-00.20.16:398][234]Cmd: MAP LOAD FILE="../../../../../../Users/Jacob/Documents/GitHub/CompSciApp/CompSciApp/Content/2dSideScrollerCPP/Maps/RealLevelOne.umap" TEMPLATE=0 SHOWPROGRESS=1 FEATURELEVEL=3
[2017.05.20-00.20.16:398][234]LightingResults: New page: Lighting Build
[2017.05.20-00.20.16:421][234]LoadErrors: New page: Loading map: RealLevelOne.umap
[2017.05.20-00.20.16:421][234]MapCheck: New page: Map Check
[2017.05.20-00.20.16:421][234]LightingResults: New page: Lighting Build
[2017.05.20-00.20.16:460][234]LogParticles: Destroying 0 GPU particle simulations for FXSystem 0x0000015B5F18AAC0
[2017.05.20-00.20.16:470][234]LogEditorServer: Finished looking for orphan Actors (0.000 secs)
[2017.05.20-00.20.16:526][234]Cmd: MAP CHECKDEP NOCLEARLOG
[2017.05.20-00.20.16:598][234]MapCheck: Info Map check complete: 0 Error(s), 0 Warning(s), took 71.571ms to complete.
[2017.05.20-00.20.16:600][234]LogFileHelpers: Loading map 'RealLevelOne' took 0.203
[2017.05.20-00.20.31:493][165]LogParticles: Destroying 0 GPU particle simulations for FXSystem 0x0000015B5AAC36A0
[2017.05.20-00.20.31:776][165]LogWindowsTextInputMethodSystem:Display: IME system now deactivated.
[2017.05.20-00.20.31:776][165]LogWindowsTextInputMethodSystem:Display: IME system now deactivated.
[2017.05.20-00.20.32:244][166]Cmd: QUIT_EDITOR
[2017.05.20-00.20.33:640][166]LogExit: Preparing to exit.
[2017.05.20-00.20.34:146][166]LogExit: Editor shut down
[2017.05.20-00.20.34:146][166]LogExit: Transaction tracking system shut down
[2017.05.20-00.20.34:147][166]LogParticles: Destroying 0 GPU particle simulations for FXSystem 0x0000015B3B9B27A0
[2017.05.20-00.20.34:148][166]LogParticles: Destroying 0 GPU particle simulations for FXSystem 0x0000015B26968D60
[2017.05.20-00.20.34:148][166]LogParticles: Destroying 0 GPU particle simulations for FXSystem 0x0000015B5F18B880
[2017.05.20-00.20.34:351][166]LogExit: Object subsystem successfully closed.
[2017.05.20-00.20.34:366][166]LogD3D11RHI: Shutdown
[2017.05.20-00.20.34:366][166]LogD3D11RHI: CleanupD3DDevice
[2017.05.20-00.20.34:457][166]LogD3D11RHI: ~FD3D11DynamicRHI
[2017.05.20-00.20.34:482][166]LogModuleManager: Shutting down and abandoning module SequencerWidgets (199)
[2017.05.20-00.20.34:482][166]LogModuleManager: Shutting down and abandoning module BlueprintGraph (198)
[2017.05.20-00.20.34:482][166]LogModuleManager: Shutting down and abandoning module CrashTracker (197)
[2017.05.20-00.20.34:482][166]LogModuleManager: Shutting down and abandoning module SuperSearch (196)
[2017.05.20-00.20.34:482][166]LogModuleManager: Shutting down and abandoning module WidgetCarousel (195)
[2017.05.20-00.20.34:482][166]LogModuleManager: Shutting down and abandoning module AddContentDialog (194)
[2017.05.20-00.20.34:483][166]LogModuleManager: Shutting down and abandoning module EditorWidgets (193)
[2017.05.20-00.20.34:483][166]LogModuleManager: Shutting down and abandoning module CollectionManager (192)
[2017.05.20-00.20.34:483][166]LogModuleManager: Shutting down and abandoning module StatsViewer (191)
[2017.05.20-00.20.34:483][166]LogModuleManager: Shutting down and abandoning module FoliageEdit (190)
[2017.05.20-00.20.34:483][166]LogModuleManager: Shutting down and abandoning module LandscapeEditor (189)
[2017.05.20-00.20.34:483][166]LogModuleManager: Shutting down and abandoning module ActorPickerMode (188)
[2017.05.20-00.20.34:483][166]LogModuleManager: Shutting down and abandoning module GeometryMode (187)
[2017.05.20-00.20.34:483][166]LogModuleManager: Shutting down and abandoning module TextureAlignMode (186)
[2017.05.20-00.20.34:483][166]LogModuleManager: Shutting down and abandoning module BspMode (185)
[2017.05.20-00.20.34:483][166]LogModuleManager: Shutting down and abandoning module PlacementMode (184)
[2017.05.20-00.20.34:483][166]LogModuleManager: Shutting down and abandoning module AutomationWorker (183)
[2017.05.20-00.20.34:483][166]LogModuleManager: Shutting down and abandoning module CharacterAI (182)
[2017.05.20-00.20.34:483][166]LogModuleManager: Shutting down and abandoning module SmartSnapping (181)
[2017.05.20-00.20.34:483][166]LogModuleManager: Shutting down and abandoning module ViewportSnapping (180)
[2017.05.20-00.20.34:483][166]LogModuleManager: Shutting down and abandoning module LogVisualizer (179)
[2017.05.20-00.20.34:484][166]LogModuleManager: Shutting down and abandoning module GameProjectGeneration (178)
[2017.05.20-00.20.34:484][166]LogModuleManager: Shutting down and abandoning module IntroTutorials (177)
[2017.05.20-00.20.34:484][166]LogModuleManager: Shutting down and abandoning module EditorLiveStreaming (176)
[2017.05.20-00.20.34:484][166]LogModuleManager: Shutting down and abandoning module IOSPlatformEditor (175)
[2017.05.20-00.20.34:484][166]LogModuleManager: Shutting down and abandoning module HTML5PlatformEditor (174)
[2017.05.20-00.20.34:484][166]LogModuleManager: Shutting down and abandoning module AndroidDeviceDetection (173)
[2017.05.20-00.20.35:015][166]LogModuleManager: Shutting down and abandoning module AndroidPlatformEditor (172)
[2017.05.20-00.20.35:015][166]LogModuleManager: Shutting down and abandoning module IOSRuntimeSettings (171)
[2017.05.20-00.20.35:015][166]LogModuleManager: Shutting down and abandoning module AndroidRuntimeSettings (170)
[2017.05.20-00.20.35:015][166]LogModuleManager: Shutting down and abandoning module MergeActors (169)
[2017.05.20-00.20.35:015][166]LogModuleManager: Shutting down and abandoning module SizeMap (168)
[2017.05.20-00.20.35:015][166]LogModuleManager: Shutting down and abandoning module TreeMap (167)
[2017.05.20-00.20.35:015][166]LogModuleManager: Shutting down and abandoning module ReferenceViewer (166)
[2017.05.20-00.20.35:015][166]LogModuleManager: Shutting down and abandoning module LocalizationService (165)
[2017.05.20-00.20.35:015][166]LogModuleManager: Shutting down and abandoning module LocalizationDashboard (164)
[2017.05.20-00.20.35:015][166]LogModuleManager: Shutting down and abandoning module HardwareTargeting (163)
[2017.05.20-00.20.35:015][166]LogModuleManager: Shutting down and abandoning module DeviceProfileEditor (162)
[2017.05.20-00.20.35:015][166]LogModuleManager: Shutting down and abandoning module UndoHistory (161)
[2017.05.20-00.20.35:015][166]LogModuleManager: Shutting down and abandoning module GameplayTagsEditor (160)
[2017.05.20-00.20.35:015][166]LogModuleManager: Shutting down and abandoning module UserFeedback (159)
[2017.05.20-00.20.35:015][166]LogModuleManager: Shutting down and abandoning module XmlParser (158)
[2017.05.20-00.20.35:015][166]LogModuleManager: Shutting down and abandoning module Blutility (157)
[2017.05.20-00.20.35:015][166]LogModuleManager: Shutting down and abandoning module ProjectTargetPlatformEditor (156)
[2017.05.20-00.20.35:015][166]LogModuleManager: Shutting down and abandoning module ProjectSettingsViewer (155)
[2017.05.20-00.20.35:015][166]LogModuleManager: Shutting down and abandoning module InputBindingEditor (154)
[2017.05.20-00.20.35:015][166]LogModuleManager: Shutting down and abandoning module EditorSettingsViewer (153)
[2017.05.20-00.20.35:015][166]LogModuleManager: Shutting down and abandoning module SettingsEditor (152)
[2017.05.20-00.20.35:015][166]LogModuleManager: Shutting down and abandoning module ProjectLauncher (151)
[2017.05.20-00.20.35:015][166]LogModuleManager: Shutting down and abandoning module SessionFrontend (150)
[2017.05.20-00.20.35:016][166]LogModuleManager: Shutting down and abandoning module ProfilerClient (149)
[2017.05.20-00.20.35:016][166]LogModuleManager: Shutting down and abandoning module TargetDeviceServices (148)
[2017.05.20-00.20.35:016][166]LogModuleManager: Shutting down and abandoning module DeviceManager (147)
[2017.05.20-00.20.35:016][166]LogModuleManager: Shutting down and abandoning module AutomationController (146)
[2017.05.20-00.20.35:016][166]LogModuleManager: Shutting down and abandoning module AutomationWindow (145)
[2017.05.20-00.20.35:016][166]LogModuleManager: Shutting down and abandoning module Layers (144)
[2017.05.20-00.20.35:016][166]LogModuleManager: Shutting down and abandoning module ComponentVisualizers (143)
[2017.05.20-00.20.35:016][166]LogModuleManager: Shutting down and abandoning module DetailCustomizations (142)
[2017.05.20-00.20.35:016][166]LogModuleManager: Shutting down and abandoning module PackagesDialog (141)
[2017.05.20-00.20.35:016][166]LogModuleManager: Shutting down and abandoning module Persona (140)
[2017.05.20-00.20.35:016][166]LogModuleManager: Shutting down and abandoning module Kismet (139)
[2017.05.20-00.20.35:016][166]LogModuleManager: Shutting down and abandoning module GraphEditor (138)
[2017.05.20-00.20.35:016][166]LogModuleManager: Shutting down and abandoning module ClassViewer (137)
[2017.05.20-00.20.35:016][166]LogModuleManager: Shutting down and abandoning module Toolbox (136)
[2017.05.20-00.20.35:016][166]LogModuleManager: Shutting down and abandoning module ModuleUI (135)
[2017.05.20-00.20.35:016][166]LogModuleManager: Shutting down and abandoning module MovieSceneTools (134)
[2017.05.20-00.20.35:016][166]LogModuleManager: Shutting down and abandoning module OutputLog (133)
[2017.05.20-00.20.35:016][166]LogModuleManager: Shutting down and abandoning module GammaUI (132)
[2017.05.20-00.20.35:016][166]LogModuleManager: Shutting down and abandoning module Documentation (131)
[2017.05.20-00.20.35:016][166]LogModuleManager: Shutting down and abandoning module GameLiveStreaming (130)
[2017.05.20-00.20.35:016][166]LogModuleManager: Shutting down and abandoning module StreamingPauseRendering (129)
[2017.05.20-00.20.35:016][166]LogModuleManager: Shutting down and abandoning module AnalyticsET (128)
[2017.05.20-00.20.35:016][166]LogModuleManager: Shutting down and abandoning module Analytics (127)
[2017.05.20-00.20.35:016][166]LogModuleManager: Shutting down and abandoning module AITestSuite (126)
[2017.05.20-00.20.35:016][166]LogModuleManager: Shutting down and abandoning module GameplayDebugger (125)
[2017.05.20-00.20.35:016][166]LogModuleManager: Shutting down and abandoning module AIModule (124)
[2017.05.20-00.20.35:016][166]LogModuleManager: Shutting down and abandoning module ProfilerService (123)
[2017.05.20-00.20.35:233][166]LogModuleManager: Shutting down and abandoning module TaskGraph (122)
[2017.05.20-00.20.35:233][166]LogModuleManager: Shutting down and abandoning module SlateRemote (121)
[2017.05.20-00.20.35:233][166]LogModuleManager: Shutting down and abandoning module SteamVRController (120)
[2017.05.20-00.20.35:233][166]LogModuleManager: Shutting down and abandoning module SteamVR (119)
[2017.05.20-00.20.35:233][166]LogModuleManager: Shutting down and abandoning module ProceduralMeshComponent (118)
[2017.05.20-00.20.35:233][166]LogModuleManager: Shutting down and abandoning module OculusRift (117)
[2017.05.20-00.20.35:233][166]LogModuleManager: Shutting down and abandoning module OculusLibrary (116)
[2017.05.20-00.20.35:233][166]LogModuleManager: Shutting down and abandoning module LeapMotionController (115)
[2017.05.20-00.20.35:272][166]LogModuleManager: Shutting down and abandoning module CustomMeshComponent (114)
[2017.05.20-00.20.35:272][166]LogModuleManager: Shutting down and abandoning module CableComponent (113)
[2017.05.20-00.20.35:272][166]LogModuleManager: Shutting down and abandoning module ArchVisCharacter (112)
[2017.05.20-00.20.35:272][166]LogModuleManager: Shutting down and abandoning module MessagingDebugger (111)
[2017.05.20-00.20.35:272][166]LogModuleManager: Shutting down and abandoning module MediaPlayerEditor (110)
[2017.05.20-00.20.35:272][166]LogModuleManager: Shutting down and abandoning module HTML5Networking (109)
[2017.05.20-00.20.35:272][166]LogModuleManager: Shutting down and abandoning module SpeedTreeImporter (108)
[2017.05.20-00.20.35:272][166]LogModuleManager: Shutting down and abandoning module PluginBrowser (107)
[2017.05.20-00.20.35:272][166]LogModuleManager: Shutting down and abandoning module EpicSurvey (106)
[2017.05.20-00.20.35:272][166]LogModuleManager: Shutting down and abandoning module DesktopPlatform (105)
[2017.05.20-00.20.35:272][166]LogModuleManager: Shutting down and abandoning module VisualStudioSourceCodeAccess (104)
[2017.05.20-00.20.35:272][166]LogModuleManager: Shutting down and abandoning module UObjectPlugin (103)
[2017.05.20-00.20.35:272][166]LogModuleManager: Shutting down and abandoning module SubversionSourceControl (102)
[2017.05.20-00.20.35:272][166]LogModuleManager: Shutting down and abandoning module PerforceSourceControl (101)
[2017.05.20-00.20.35:272][166]LogModuleManager: Shutting down and abandoning module SourceControl (100)
[2017.05.20-00.20.35:272][166]LogModuleManager: Shutting down and abandoning module GitSourceControl (99)
[2017.05.20-00.20.35:272][166]LogModuleManager: Shutting down and abandoning module LightPropagationVolumeEditor (98)
[2017.05.20-00.20.35:272][166]LogModuleManager: Shutting down and abandoning module PaperTiledImporter (97)
[2017.05.20-00.20.35:272][166]LogModuleManager: Shutting down and abandoning module PaperSpriteSheetImporter (96)
[2017.05.20-00.20.35:272][166]LogModuleManager: Shutting down and abandoning module MeshPaint (95)
[2017.05.20-00.20.35:272][166]LogModuleManager: Shutting down and abandoning module SlateReflector (94)
[2017.05.20-00.20.35:272][166]LogModuleManager: Shutting down and abandoning module HotReload (93)
[2017.05.20-00.20.35:273][166]LogModuleManager: Shutting down and abandoning module MainFrame (92)
[2017.05.20-00.20.35:273][166]LogModuleManager: Shutting down and abandoning module LevelEditor (91)
[2017.05.20-00.20.35:274][166]LogModuleManager: Shutting down and abandoning module DirectoryWatcher (90)
[2017.05.20-00.20.35:275][166]LogModuleManager: Shutting down and abandoning module AssetRegistry (89)
[2017.05.20-00.20.35:318][166]LogModuleManager: Shutting down and abandoning module ContentBrowser (88)
[2017.05.20-00.20.35:319][166]LogModuleManager: Shutting down and abandoning module Paper2DEditor (87)
[2017.05.20-00.20.35:319][166]LogModuleManager: Shutting down and abandoning module CompSciApp (86)
[2017.05.20-00.20.35:319][166]LogModuleManager: Shutting down and abandoning module UdpMessaging (85)
[2017.05.20-00.20.35:420][166]LogModuleManager: Shutting down and abandoning module LightPropagationVolumeRuntime (84)
[2017.05.20-00.20.35:420][166]LogModuleManager: Shutting down and abandoning module Paper2D (83)
[2017.05.20-00.20.35:420][166]LogModuleManager: Shutting down and abandoning module WindowsMoviePlayer (82)
[2017.05.20-00.20.35:423][166]LogModuleManager: Shutting down and abandoning module Media (81)
[2017.05.20-00.20.35:423][166]LogModuleManager: Shutting down and abandoning module WmfMedia (80)
[2017.05.20-00.20.35:423][166]LogModuleManager: Shutting down and abandoning module OnlineBlueprintSupport (79)
[2017.05.20-00.20.35:423][166]LogModuleManager: Shutting down and abandoning module GameplayTasksEditor (78)
[2017.05.20-00.20.35:423][166]LogModuleManager: Shutting down and abandoning module PropertyEditor (77)
[2017.05.20-00.20.35:423][166]LogModuleManager: Shutting down and abandoning module BehaviorTreeEditor (76)
[2017.05.20-00.20.35:423][166]LogModuleManager: Shutting down and abandoning module FunctionalTesting (75)
[2017.05.20-00.20.35:423][166]LogModuleManager: Shutting down and abandoning module CollisionAnalyzer (74)
[2017.05.20-00.20.35:423][166]LogModuleManager: Shutting down and abandoning module WorkspaceMenuStructure (73)
[2017.05.20-00.20.35:423][166]LogModuleManager: Shutting down and abandoning module MessageLog (72)
[2017.05.20-00.20.35:423][166]LogModuleManager: Shutting down and abandoning module Sequencer (71)
[2017.05.20-00.20.35:423][166]LogModuleManager: Shutting down and abandoning module AssetTools (70)
[2017.05.20-00.20.35:423][166]LogModuleManager: Shutting down and abandoning module UMGEditor (69)
[2017.05.20-00.20.35:423][166]LogModuleManager: Shutting down and abandoning module UMG (68)
[2017.05.20-00.20.35:423][166]LogModuleManager: Shutting down and abandoning module Slate (67)
[2017.05.20-00.20.35:423][166]LogModuleManager: Shutting down and abandoning module EditorStyle (66)
[2017.05.20-00.20.35:426][166]LogModuleManager: Shutting down and abandoning module SessionServices (65)
[2017.05.20-00.20.35:426][166]LogModuleManager: Shutting down and abandoning module SourceCodeAccess (64)
[2017.05.20-00.20.35:426][166]LogModuleManager: Shutting down and abandoning module HeadMountedDisplay (63)
[2017.05.20-00.20.35:426][166]LogModuleManager: Shutting down and abandoning module XAudio2 (62)
[2017.05.20-00.20.35:426][166]LogModuleManager: Shutting down and abandoning module Networking (60)
[2017.05.20-00.20.35:426][166]LogModuleManager: Shutting down and abandoning module Core (59)
[2017.05.20-00.20.35:426][166]LogModuleManager: Shutting down and abandoning module KismetCompiler (58)
[2017.05.20-00.20.35:426][166]LogModuleManager: Shutting down and abandoning module PhysXFormats (57)
[2017.05.20-00.20.35:426][166]LogModuleManager: Shutting down and abandoning module MeshUtilities (56)
[2017.05.20-00.20.35:426][166]LogModuleManager: Shutting down and abandoning module CookingStats (55)
[2017.05.20-00.20.35:426][166]LogModuleManager: Shutting down and abandoning module DerivedDataCache (54)
[2017.05.20-00.20.35:827][166]LogDerivedDataCache: Shutdown
[2017.05.20-00.20.35:828][166]LogModuleManager: Shutting down and abandoning module ShaderFormatOpenGL (53)
[2017.05.20-00.20.35:828][166]LogModuleManager: Shutting down and abandoning module ShaderFormatD3D (52)
[2017.05.20-00.20.35:828][166]LogModuleManager: Shutting down and abandoning module MetalShaderFormat (51)
[2017.05.20-00.20.35:828][166]LogModuleManager: Shutting down and abandoning module TextureFormatUncompressed (50)
[2017.05.20-00.20.35:828][166]LogModuleManager: Shutting down and abandoning module TextureFormatPVR (49)
[2017.05.20-00.20.35:828][166]LogModuleManager: Shutting down and abandoning module TextureFormatIntelISPCTexComp (48)
[2017.05.20-00.20.35:828][166]LogModuleManager: Shutting down and abandoning module TextureFormatDXT (47)
[2017.05.20-00.20.35:828][166]LogModuleManager: Shutting down and abandoning module ImageWrapper (46)
[2017.05.20-00.20.35:828][166]LogModuleManager: Shutting down and abandoning module TextureFormatASTC (45)
[2017.05.20-00.20.35:828][166]LogModuleManager: Shutting down and abandoning module TextureFormatAndroid (44)
[2017.05.20-00.20.35:828][166]LogModuleManager: Shutting down and abandoning module AudioFormatOpus (43)
[2017.05.20-00.20.35:828][166]LogModuleManager: Shutting down and abandoning module AudioFormatOgg (42)
[2017.05.20-00.20.35:828][166]LogModuleManager: Shutting down and abandoning module AudioFormatADPCM (41)
[2017.05.20-00.20.35:828][166]LogModuleManager: Shutting down and abandoning module LinuxTargetPlatform (40)
[2017.05.20-00.20.35:828][166]LogModuleManager: Shutting down and abandoning module LinuxServerTargetPlatform (39)
[2017.05.20-00.20.35:828][166]LogModuleManager: Shutting down and abandoning module LinuxNoEditorTargetPlatform (38)
[2017.05.20-00.20.35:828][166]LogModuleManager: Shutting down and abandoning module Messaging (37)
[2017.05.20-00.20.35:828][166]LogModuleManager: Shutting down and abandoning module IOSTargetPlatform (36)
[2017.05.20-00.20.35:828][166]LogModuleManager: Shutting down and abandoning module HTML5TargetPlatform (35)
[2017.05.20-00.20.35:828][166]LogModuleManager: Shutting down and abandoning module Android_PVRTCTargetPlatform (34)
[2017.05.20-00.20.35:828][166]LogModuleManager: Shutting down and abandoning module Android_ETC2TargetPlatform (33)
[2017.05.20-00.20.35:828][166]LogModuleManager: Shutting down and abandoning module Android_ETC1TargetPlatform (32)
[2017.05.20-00.20.35:828][166]LogModuleManager: Shutting down and abandoning module Android_DXTTargetPlatform (31)
[2017.05.20-00.20.35:828][166]LogModuleManager: Shutting down and abandoning module Android_ATCTargetPlatform (30)
[2017.05.20-00.20.35:828][166]LogModuleManager: Shutting down and abandoning module Android_ASTCTargetPlatform (29)
[2017.05.20-00.20.35:828][166]LogModuleManager: Shutting down and abandoning module AndroidTargetPlatform (28)
[2017.05.20-00.20.35:828][166]LogModuleManager: Shutting down and abandoning module WindowsTargetPlatform (27)
[2017.05.20-00.20.35:828][166]LogModuleManager: Shutting down and abandoning module WindowsServerTargetPlatform (26)
[2017.05.20-00.20.35:828][166]LogModuleManager: Shutting down and abandoning module WindowsNoEditorTargetPlatform (25)
[2017.05.20-00.20.35:828][166]LogModuleManager: Shutting down and abandoning module WindowsClientTargetPlatform (24)
[2017.05.20-00.20.35:828][166]LogModuleManager: Shutting down and abandoning module AllDesktopTargetPlatform (23)
[2017.05.20-00.20.35:828][166]LogModuleManager: Shutting down and abandoning module TargetPlatform (22)
[2017.05.20-00.20.35:828][166]LogModuleManager: Shutting down and abandoning module InputCore (21)
[2017.05.20-00.20.35:828][166]LogModuleManager: Shutting down and abandoning module Settings (20)
[2017.05.20-00.20.35:828][166]LogModuleManager: Shutting down and abandoning module OnlineSubsystem (18)
[2017.05.20-00.20.35:828][166]LogModuleManager: Shutting down and abandoning module HTTP (17)
[2017.05.20-00.20.36:830][166]LogModuleManager: Shutting down and abandoning module XMPP (16)
[2017.05.20-00.20.36:830][166]LogModuleManager: Shutting down and abandoning module ExampleDeviceProfileSelector (15)
[2017.05.20-00.20.36:830][166]LogModuleManager: Shutting down and abandoning module TextureCompressor (14)
[2017.05.20-00.20.36:831][166]LogModuleManager: Shutting down and abandoning module ShaderCore (13)
[2017.05.20-00.20.36:831][166]LogModuleManager: Shutting down and abandoning module Landscape (12)
[2017.05.20-00.20.36:831][166]LogModuleManager: Shutting down and abandoning module SlateRHIRenderer (11)
[2017.05.20-00.20.36:832][166]LogModuleManager: Shutting down and abandoning module OpenGLDrv (10)
[2017.05.20-00.20.36:832][166]LogModuleManager: Shutting down and abandoning module D3D11RHI (9)
[2017.05.20-00.20.36:832][166]LogModuleManager: Shutting down and abandoning module AnimGraphRuntime (8)
[2017.05.20-00.20.36:832][166]LogModuleManager: Shutting down and abandoning module Renderer (7)
[2017.05.20-00.20.36:832][166]LogModuleManager: Shutting down and abandoning module Engine (6)
[2017.05.20-00.20.36:832][166]LogModuleManager: Shutting down and abandoning module CoreUObject (5)
[2017.05.20-00.20.36:832][166]LogModuleManager: Shutting down and abandoning module NetworkFile (4)
[2017.05.20-00.20.36:832][166]LogModuleManager: Shutting down and abandoning module StreamingFile (3)
[2017.05.20-00.20.36:832][166]LogModuleManager: Shutting down and abandoning module SandboxFile (2)
[2017.05.20-00.20.36:832][166]LogModuleManager: Shutting down and abandoning module PakFile (1)
[2017.05.20-00.20.36:832][166]LogExit: Exiting.
[2017.05.20-00.20.36:834][166]Log file closed, 05/19/17 18:20:36
